#separator \x09
#set_separator	,
#empty_field	(empty)
#unset_field	-
#path	ocsp
#open	2021-09-08-02-16-08
#fields	ts	id	hashAlgorithm	issuerNameHash	issuerKeyHash	serialNumber	certStatus	revoketime	revokereason	thisUpdate	nextUpdate
#types	time	string	string	string	string	string	string	time	string	time	time
1631067368.142919	FwFaaw1pz6tCZJuBkk	sha1	777A7BA877D6F10F1CE9202196FB6B1A6E37F5ED	9058FFB09C75A8515477B1EDF2A34316389E6CC5	0D118264E3910586D918CAC5D84F35C4	good	-	-	1630890181.000000	1631492281.000000
1631067368.524878	FSSHKKonAT6TRVv9e	sha1	105FA67A80089DB5279F35CE830B43889EA3C70D	0F80611C823161D52F28E78D4638B42CE1C6D9E2	0496A22DB8EF5C9F06DC02715B25568F	good	-	-	1630754821.000000	1631356921.000000
1631067368.590958	FlG8mz3YvAWRuAzVce	sha1	A303C0A8887BD479C4278EB5D7587D3C12C04DA4	FF2F7FE106F438F32DED258D98C2FE0EF66CFCFA	7F0012E261129541195FAC1A6000000012E261	good	-	-	1630763732.000000	1631109332.000000
1631067369.722715	FTIJLSB1SzSyCC0Kb	sha1	A7C4B8B3DC5BB5581EA7D7F13AC569F56F48D789	748580C066C7DF37DECFBD2937AA031DBEEDCD17	07F25478BC4435B45056264985CB4644	good	-	-	1630947061.000000	1631549161.000000
1631067369.919916	FLHR3q3MdzT7aibA95	sha1	105FA67A80089DB5279F35CE830B43889EA3C70D	0F80611C823161D52F28E78D4638B42CE1C6D9E2	06D3C1D3818C1A961970244000B25CA7	good	-	-	1630681382.000000	1631283482.000000
1631067370.267203	FdbMzS2GXGJMDd6ONj	sha1	CF26F518FAC97E8F8CB342E01C2F6A109E8E5F0A	5168FF90AF0207753CCCD9656462A212B859723B	08AC5D5F075F11E9D93B98C8D7B050E7	good	-	-	1631037421.000000	1631639521.000000
1631067371.278515	FsLDNW1tACY9GDjpX8	sha1	13E976D98A217E47F5049E8ECB483E07E1898DEA	426D572D4F1F267774A62764F680FA8F4868FE7C	01E45E65AD94ECD72355EDED130B14AA	good	-	-	1631037600.000000	1631080800.000000
1631067412.262901	FJQwqlNAuL5mtu5W1	sha1	E4E395A229D3D4C1C31FF0980C0B4EC0098AABD8	B76BA2EAA8AA848C79EAB4DA0F98B2C59576B9F4	04CC0014653667D8E633EF62F1D4B493	good	-	-	1630669502.000000	1631271602.000000
1631067412.271455	FfDFnp2U9Dhg7ktQh7	sha1	A303C0A8887BD479C4278EB5D7587D3C12C04DA4	FF2F7FE106F438F32DED258D98C2FE0EF66CFCFA	7F0012E261129541195FAC1A6000000012E261	good	-	-	1631024077.000000	1631369677.000000
1631067412.702123	Fs4lal46V7t8SSvD8h	sha1	105FA67A80089DB5279F35CE830B43889EA3C70D	0F80611C823161D52F28E78D4638B42CE1C6D9E2	0CD9042F9ED170BFD8A72325987F600D	good	-	-	1630715941.000000	1631318041.000000
1631067412.805040	FaIeXT1ae2ZRsATt24	sha1	105FA67A80089DB5279F35CE830B43889EA3C70D	0F80611C823161D52F28E78D4638B42CE1C6D9E2	0CD9042F9ED170BFD8A72325987F600D	good	-	-	1630715941.000000	1631318041.000000
1631067496.175338	FUR5aX2tBsGXDCVQ45	sha1	13E976D98A217E47F5049E8ECB483E07E1898DEA	426D572D4F1F267774A62764F680FA8F4868FE7C	015463BE1F222AB5EC295A85C3C8444B	good	-	-	1631030400.000000	1631073600.000000
1631067496.400935	Fqjli22FFp7nKJkroa	sha1	13E976D98A217E47F5049E8ECB483E07E1898DEA	426D572D4F1F267774A62764F680FA8F4868FE7C	013F5C8B7F04E88E39BBE75EF143578C	good	-	-	1631041200.000000	1631084400.000000
1631067496.913284	FaPqOf4wYcDnftVGX7	sha1	13E976D98A217E47F5049E8ECB483E07E1898DEA	426D572D4F1F267774A62764F680FA8F4868FE7C	0183E19D78C46F3DDA7CA46FB09F573C	good	-	-	1631030400.000000	1631073600.000000
1631067496.931456	FzpX4zwO06Oq0OOzk	sha1	13E976D98A217E47F5049E8ECB483E07E1898DEA	426D572D4F1F267774A62764F680FA8F4868FE7C	0157D041498F0B651777799EBBC87F30	good	-	-	1631041200.000000	1631084400.000000
1631067496.938754	F58muCxVyjfsXbwL8	sha1	48DAC9A0FB2BD32D4FF0DE68D2F567B735F9B3C4	142EB317B75856CBAE500940E61FAF9D8B14C2C6	0441A1F1F6934FF0D5619E5DF1F243922B94	good	-	-	1630630800.000000	1631235600.000000
1631067496.939485	Fzw1Mx3LcG4iIFFoj3	sha1	13E976D98A217E47F5049E8ECB483E07E1898DEA	426D572D4F1F267774A62764F680FA8F4868FE7C	01CBE38D6D7FC6FC1334FCFBA82CF6A6	good	-	-	1631030400.000000	1631073600.000000
1631067496.967852	F1Xy6c3CVE2S41tYjf	sha1	13E976D98A217E47F5049E8ECB483E07E1898DEA	426D572D4F1F267774A62764F680FA8F4868FE7C	01C7DE67A8B5B3240841758E1769576F	good	-	-	1631030400.000000	1631073600.000000
1631067497.959589	F0QCUa4YuLjWUEmTM6	sha1	13E976D98A217E47F5049E8ECB483E07E1898DEA	426D572D4F1F267774A62764F680FA8F4868FE7C	013F5C8B7F04E88E39BBE75EF143578C	good	-	-	1631041200.000000	1631084400.000000
1631067497.998177	FBv46HHiZoPY5aUih	sha1	13E976D98A217E47F5049E8ECB483E07E1898DEA	426D572D4F1F267774A62764F680FA8F4868FE7C	013F5C8B7F04E88E39BBE75EF143578C	good	-	-	1631041200.000000	1631084400.000000
1631067498.059321	F9YitE1FjMKBXCusSe	sha1	13E976D98A217E47F5049E8ECB483E07E1898DEA	426D572D4F1F267774A62764F680FA8F4868FE7C	013F5C8B7F04E88E39BBE75EF143578C	good	-	-	1631041200.000000	1631084400.000000
1631067498.560043	Fc7mCM3ATho63gqvQf	sha1	A303C0A8887BD479C4278EB5D7587D3C12C04DA4	FF2F7FE106F438F32DED258D98C2FE0EF66CFCFA	7F0012E261129541195FAC1A6000000012E261	good	-	-	1630976449.000000	1631322049.000000
1631067498.582047	FgtWtZ3ntCQybUYtI6	sha1	A303C0A8887BD479C4278EB5D7587D3C12C04DA4	FF2F7FE106F438F32DED258D98C2FE0EF66CFCFA	7F0012E261129541195FAC1A6000000012E261	good	-	-	1631041503.000000	1631387103.000000
1631067499.195676	FnE4bOTn2Lq22Pbxf	sha1	E4E395A229D3D4C1C31FF0980C0B4EC0098AABD8	B76BA2EAA8AA848C79EAB4DA0F98B2C59576B9F4	04CC0014653667D8E633EF62F1D4B493	good	-	-	1630669502.000000	1631271602.000000
1631067500.003087	Fpgi761wdZrPP98haa	sha1	3A1979741DCF77D3D6572B57CAFFF6F62B1D5A3A	EE9A2E46F0C2DA3C5CC78CD6A47598DEA8190A65	03A39635EA6B8A1F5CBD955581E64937	good	-	-	1631008622.000000	1631610722.000000
1631067500.009301	Ff5pp43e3UJbE09qj9	sha1	3A1979741DCF77D3D6572B57CAFFF6F62B1D5A3A	EE9A2E46F0C2DA3C5CC78CD6A47598DEA8190A65	03A39635EA6B8A1F5CBD955581E64937	good	-	-	1631008622.000000	1631610722.000000
1631067500.171335	FbdDqn2LRgnY6X56re	sha1	777A7BA877D6F10F1CE9202196FB6B1A6E37F5ED	9058FFB09C75A8515477B1EDF2A34316389E6CC5	08F337125C72AD06EFE5F8DE252C21A5	good	-	-	1630780022.000000	1631382122.000000
1631067500.299409	F6lpTh1aiF0pyFwUZf	sha1	777A7BA877D6F10F1CE9202196FB6B1A6E37F5ED	9058FFB09C75A8515477B1EDF2A34316389E6CC5	08F337125C72AD06EFE5F8DE252C21A5	good	-	-	1630780022.000000	1631382122.000000
1631067502.105272	Fu7wf7OBNVP7S5eo9	sha1	2B1D1E98CCF37604D6C1C8BD15A224C804130038	0ABC0829178CA5396D7A0ECE33C72EB3EDFBC37A	0A8CDE5EB05E0A560594FD3440810D32	good	-	-	1631048221.000000	1631650321.000000
1631067502.381808	FasWMy498GMEXobzFj	sha1	CF26F518FAC97E8F8CB342E01C2F6A109E8E5F0A	5168FF90AF0207753CCCD9656462A212B859723B	03AABECE8568D3DA57E1B79A5092CC86	good	-	-	1631008622.000000	1631610722.000000
1631067506.053337	FbKi6bMyPyiYUacT6	sha1	13E976D98A217E47F5049E8ECB483E07E1898DEA	426D572D4F1F267774A62764F680FA8F4868FE7C	012F9762F957B4765BD5CE95C6BCB456	good	-	-	1631041200.000000	1631084400.000000
1631067506.070479	FyPruXtZ60KKVqexf	sha1	13E976D98A217E47F5049E8ECB483E07E1898DEA	426D572D4F1F267774A62764F680FA8F4868FE7C	012F9762F957B4765BD5CE95C6BCB456	good	-	-	1631041200.000000	1631084400.000000
1631067506.124224	FbzsmE2ZkyovxqCLec	sha1	C9587E3D1E4FBCCF606DB3491D43CA0E4227D983	6118B35D68D49ED92FEB515C03B70A40C6EE6DB4	01E94C20183C0FB7C495FC258A039566	good	-	-	1631034000.000000	1631077200.000000
1631067506.147971	FVoAyp2RJG8sfy9zM	sha1	777A7BA877D6F10F1CE9202196FB6B1A6E37F5ED	9058FFB09C75A8515477B1EDF2A34316389E6CC5	08F337125C72AD06EFE5F8DE252C21A5	good	-	-	1630693621.000000	1631295721.000000
1631067506.720661	FDfKe51vO9TrjeN1if	sha1	777A7BA877D6F10F1CE9202196FB6B1A6E37F5ED	9058FFB09C75A8515477B1EDF2A34316389E6CC5	08F337125C72AD06EFE5F8DE252C21A5	good	-	-	1630780022.000000	1631382122.000000
1631067506.720661	FmERoG2Oz2TldMQ591	sha1	777A7BA877D6F10F1CE9202196FB6B1A6E37F5ED	9058FFB09C75A8515477B1EDF2A34316389E6CC5	08F337125C72AD06EFE5F8DE252C21A5	good	-	-	1630780022.000000	1631382122.000000
1631067506.974293	FpNPoT2XITE6fTk7L2	sha1	48DAC9A0FB2BD32D4FF0DE68D2F567B735F9B3C4	142EB317B75856CBAE500940E61FAF9D8B14C2C6	038A1F8CDCF89B8FC1A9D62D2FCBD6EBE2E2	good	-	-	1630699200.000000	1631304000.000000
1631067507.226364	FluFwn4R0WLn4CXokf	sha1	CF26F518FAC97E8F8CB342E01C2F6A109E8E5F0A	5168FF90AF0207753CCCD9656462A212B859723B	0985C7B523188B4983369F967DF755A6	good	-	-	1631042461.000000	1631644561.000000
1631067507.583670	FTIOP9155nr2T9oCp9	sha1	33F5AAC61D66E7055D03173A4D1F3E187138850D	59A4660652A07B95923CA394072796745BF93DD0	01294940BC289C4E45392A0373D8B146	good	-	-	1630994222.000000	1631596322.000000
1631067583.178669	FxvJsAKzzADPHEOvi	sha1	A303C0A8887BD479C4278EB5D7587D3C12C04DA4	FF2F7FE106F438F32DED258D98C2FE0EF66CFCFA	7F0012E261129541195FAC1A6000000012E261	good	-	-	1630802764.000000	1631148364.000000
1631067583.634603	F4YgTz4NvNhbBEX7af	sha1	E4E395A229D3D4C1C31FF0980C0B4EC0098AABD8	B76BA2EAA8AA848C79EAB4DA0F98B2C59576B9F4	08596BEAE1ADE22C7804326D1A7DCB29	good	-	-	1631035622.000000	1631637722.000000
1631067583.768097	FUVPh528MwHhHQP9S9	sha1	430BD20E4F137A1A6C918F24E5DA7E324D4733C8	8D8C5EC454AD8AE177E99BF99B05E1B8018D61E1	BBC5C9230720B28816D835871AAF5BB7	good	-	-	1630997262.000000	1631602062.000000
1631067583.800144	FgwNkh2JV0BFuGetol	sha1	E4E395A229D3D4C1C31FF0980C0B4EC0098AABD8	B76BA2EAA8AA848C79EAB4DA0F98B2C59576B9F4	08596BEAE1ADE22C7804326D1A7DCB29	good	-	-	1631035622.000000	1631637722.000000
1631067671.012143	Fbx37b28RFNF4ri1Kj	sha1	CF26F518FAC97E8F8CB342E01C2F6A109E8E5F0A	5168FF90AF0207753CCCD9656462A212B859723B	048E2444ED262E177C14183C12D56EE6	good	-	-	1631013662.000000	1631615762.000000
1631067672.763046	FWk9vnumT9n3VGqHf	sha1	A7C4B8B3DC5BB5581EA7D7F13AC569F56F48D789	748580C066C7DF37DECFBD2937AA031DBEEDCD17	07F25478BC4435B45056264985CB4644	good	-	-	1630947061.000000	1631549161.000000
1631067673.527632	F7jWMe4CoK4I0WDYnc	sha1	3A1979741DCF77D3D6572B57CAFFF6F62B1D5A3A	EE9A2E46F0C2DA3C5CC78CD6A47598DEA8190A65	03A39635EA6B8A1F5CBD955581E64937	good	-	-	1631008622.000000	1631610722.000000
1631067674.355018	FRkXRS2Wv9d915DuLf	sha1	CF26F518FAC97E8F8CB342E01C2F6A109E8E5F0A	5168FF90AF0207753CCCD9656462A212B859723B	03AABECE8568D3DA57E1B79A5092CC86	good	-	-	1631008622.000000	1631610722.000000
1631067674.796069	Fms7zD40gnRtxKFEsk	sha1	105FA67A80089DB5279F35CE830B43889EA3C70D	0F80611C823161D52F28E78D4638B42CE1C6D9E2	06D3C1D3818C1A961970244000B25CA7	good	-	-	1630681382.000000	1631283482.000000
1631067675.857348	FOiYjn1LcilOym9273	sha1	33F5AAC61D66E7055D03173A4D1F3E187138850D	59A4660652A07B95923CA394072796745BF93DD0	01294940BC289C4E45392A0373D8B146	good	-	-	1630994222.000000	1631596322.000000
1631067675.916616	FP3nKG1dDpm0qQhFW9	sha1	105FA67A80089DB5279F35CE830B43889EA3C70D	0F80611C823161D52F28E78D4638B42CE1C6D9E2	0D9E603CE238CC8D4E65E5855C9BC298	good	-	-	1630979461.000000	1631581561.000000
1631067675.920223	FHrmAi3XD0xgrx2EBj	sha1	105FA67A80089DB5279F35CE830B43889EA3C70D	0F80611C823161D52F28E78D4638B42CE1C6D9E2	0D9E603CE238CC8D4E65E5855C9BC298	good	-	-	1630979461.000000	1631581561.000000
1631067676.781827	F23gFe3kvcPwuOy3tj	sha1	E4E395A229D3D4C1C31FF0980C0B4EC0098AABD8	B76BA2EAA8AA848C79EAB4DA0F98B2C59576B9F4	0E6283BEB1F7F9E30216AEBE086353F1	good	-	-	1630984142.000000	1631586242.000000
1631067677.139873	FmwIuG3LVbnkKvkeZa	sha1	E4E395A229D3D4C1C31FF0980C0B4EC0098AABD8	B76BA2EAA8AA848C79EAB4DA0F98B2C59576B9F4	0C08E1AF6687B29BE91CB4F0E7D7A838	good	-	-	1630970460.000000	1631572560.000000
1631067679.425344	FB31Qj3HdJShwg2hDf	sha1	105FA67A80089DB5279F35CE830B43889EA3C70D	0F80611C823161D52F28E78D4638B42CE1C6D9E2	05AA1EF4F2A875E6A301E3EE984DE7EB	good	-	-	1630588140.000000	1631190240.000000
1631067729.321431	Fxp9pr4EMM3VBjari	sha1	13E976D98A217E47F5049E8ECB483E07E1898DEA	426D572D4F1F267774A62764F680FA8F4868FE7C	01CBE38D6D7FC6FC1334FCFBA82CF6A6	good	-	-	1631030400.000000	1631073600.000000
1631067729.335706	FjPcnp48ulL1lSfele	sha1	13E976D98A217E47F5049E8ECB483E07E1898DEA	426D572D4F1F267774A62764F680FA8F4868FE7C	01CBE38D6D7FC6FC1334FCFBA82CF6A6	good	-	-	1631030400.000000	1631073600.000000
1631067729.568712	F2ksCC4hlgcFRNHHH2	sha1	E4E395A229D3D4C1C31FF0980C0B4EC0098AABD8	B76BA2EAA8AA848C79EAB4DA0F98B2C59576B9F4	04CC0014653667D8E633EF62F1D4B493	good	-	-	1630669502.000000	1631271602.000000
1631067730.994383	FPstcF3EzJX2gfe50f	sha1	777A7BA877D6F10F1CE9202196FB6B1A6E37F5ED	9058FFB09C75A8515477B1EDF2A34316389E6CC5	08F337125C72AD06EFE5F8DE252C21A5	good	-	-	1630780022.000000	1631382122.000000
1631067732.446344	FZ28a33U0fWLjtGpI2	sha1	CF26F518FAC97E8F8CB342E01C2F6A109E8E5F0A	5168FF90AF0207753CCCD9656462A212B859723B	03AABECE8568D3DA57E1B79A5092CC86	good	-	-	1631008622.000000	1631610722.000000
1631067732.854444	F6CjzU2ZS2vY1MLWmf	sha1	CF26F518FAC97E8F8CB342E01C2F6A109E8E5F0A	5168FF90AF0207753CCCD9656462A212B859723B	03AABECE8568D3DA57E1B79A5092CC86	good	-	-	1631008622.000000	1631610722.000000
1631067732.903958	F7W7tf2Sln2vRMz4gj	sha1	33F5AAC61D66E7055D03173A4D1F3E187138850D	59A4660652A07B95923CA394072796745BF93DD0	01294940BC289C4E45392A0373D8B146	good	-	-	1630994222.000000	1631596322.000000
1631067733.071312	FPx7aWUyqMTU8LOJd	sha1	777A7BA877D6F10F1CE9202196FB6B1A6E37F5ED	9058FFB09C75A8515477B1EDF2A34316389E6CC5	08F337125C72AD06EFE5F8DE252C21A5	good	-	-	1630780022.000000	1631382122.000000
1631067736.189427	FNJkNd4FZxgvd1CPL9	sha1	105FA67A80089DB5279F35CE830B43889EA3C70D	0F80611C823161D52F28E78D4638B42CE1C6D9E2	0D9E603CE238CC8D4E65E5855C9BC298	good	-	-	1630720261.000000	1631322361.000000
1631067736.207244	FOe49d3cerd9qNN2vi	sha1	777A7BA877D6F10F1CE9202196FB6B1A6E37F5ED	9058FFB09C75A8515477B1EDF2A34316389E6CC5	08F337125C72AD06EFE5F8DE252C21A5	good	-	-	1630780022.000000	1631382122.000000
1631067736.540247	FjUbI4ZzgpQ4nHZxi	sha1	777A7BA877D6F10F1CE9202196FB6B1A6E37F5ED	9058FFB09C75A8515477B1EDF2A34316389E6CC5	08F337125C72AD06EFE5F8DE252C21A5	good	-	-	1630780022.000000	1631382122.000000
1631067736.561905	Fy2JED3m9RgEV4alTl	sha1	105FA67A80089DB5279F35CE830B43889EA3C70D	0F80611C823161D52F28E78D4638B42CE1C6D9E2	0D9E603CE238CC8D4E65E5855C9BC298	good	-	-	1630720261.000000	1631322361.000000
1631067783.324154	FbQCMZ1E0opaUVPv18	sha1	A303C0A8887BD479C4278EB5D7587D3C12C04DA4	FF2F7FE106F438F32DED258D98C2FE0EF66CFCFA	7F0012E261129541195FAC1A6000000012E261	good	-	-	1631041503.000000	1631387103.000000
1631067794.172359	FEhccT2Zoc7BG4Mjh	sha1	13E976D98A217E47F5049E8ECB483E07E1898DEA	426D572D4F1F267774A62764F680FA8F4868FE7C	01A8E34BF936AFA620D346FA2AD411C3	good	-	-	1631034000.000000	1631077200.000000
1631067794.203486	FPfuV81YYhhJPAajBd	sha1	13E976D98A217E47F5049E8ECB483E07E1898DEA	426D572D4F1F267774A62764F680FA8F4868FE7C	01A8E34BF936AFA620D346FA2AD411C3	good	-	-	1631034000.000000	1631077200.000000
1631067795.662437	FHaB0e11BxBfJ6w2g5	sha1	105FA67A80089DB5279F35CE830B43889EA3C70D	0F80611C823161D52F28E78D4638B42CE1C6D9E2	0D9E603CE238CC8D4E65E5855C9BC298	good	-	-	1630979461.000000	1631581561.000000
1631067796.079048	FKrEoJXFHAs1sxQ83	sha1	13E976D98A217E47F5049E8ECB483E07E1898DEA	426D572D4F1F267774A62764F680FA8F4868FE7C	01A8E34BF936AFA620D346FA2AD411C3	good	-	-	1631034000.000000	1631077200.000000
1631067796.187546	FFZNVS3aeWiJ03q4xj	sha1	105FA67A80089DB5279F35CE830B43889EA3C70D	0F80611C823161D52F28E78D4638B42CE1C6D9E2	0B4AD6D9419CBEEA531C63778A052426	good	-	-	1630793341.000000	1631395441.000000
1631067796.247005	FYfNB33sB6HTI9DUCa	sha1	105FA67A80089DB5279F35CE830B43889EA3C70D	0F80611C823161D52F28E78D4638B42CE1C6D9E2	0B4AD6D9419CBEEA531C63778A052426	good	-	-	1630793341.000000	1631395441.000000
1631067798.360106	FESKgb4lRn0ZaD5rZi	sha1	105FA67A80089DB5279F35CE830B43889EA3C70D	0F80611C823161D52F28E78D4638B42CE1C6D9E2	0B4ED6CBCE793A43D9B713DF0AFF247A	good	-	-	1630620540.000000	1631222640.000000
1631067798.563317	FpXoeI1VUNfiToblje	sha1	3A1979741DCF77D3D6572B57CAFFF6F62B1D5A3A	EE9A2E46F0C2DA3C5CC78CD6A47598DEA8190A65	03A39635EA6B8A1F5CBD955581E64937	good	-	-	1631008622.000000	1631610722.000000
1631067798.572629	FWYXbFBsU9FCqo6C7	sha1	3A1979741DCF77D3D6572B57CAFFF6F62B1D5A3A	EE9A2E46F0C2DA3C5CC78CD6A47598DEA8190A65	03A39635EA6B8A1F5CBD955581E64937	good	-	-	1631008622.000000	1631610722.000000
1631067798.650328	FGVlkPiZKMCCRYe2j	sha1	777A7BA877D6F10F1CE9202196FB6B1A6E37F5ED	9058FFB09C75A8515477B1EDF2A34316389E6CC5	08F337125C72AD06EFE5F8DE252C21A5	good	-	-	1631039221.000000	1631641321.000000
1631067799.144722	Fbaan81pGVt0ML4O8k	sha1	A7C4B8B3DC5BB5581EA7D7F13AC569F56F48D789	748580C066C7DF37DECFBD2937AA031DBEEDCD17	07F25478BC4435B45056264985CB4644	good	-	-	1630947061.000000	1631549161.000000
1631067799.467944	Fx2Hga1tGfDHKgYssf	sha1	A7C4B8B3DC5BB5581EA7D7F13AC569F56F48D789	748580C066C7DF37DECFBD2937AA031DBEEDCD17	07F25478BC4435B45056264985CB4644	good	-	-	1630947061.000000	1631549161.000000
1631067801.770392	F57d9N38um1eJ8bvH4	sha1	33F5AAC61D66E7055D03173A4D1F3E187138850D	59A4660652A07B95923CA394072796745BF93DD0	0C46B1BAEA6D00990C71EEA09E06EA51	good	-	-	1630971900.000000	1631574000.000000
1631067801.776743	FCMUvJ1QpJ07gTJnT1	sha1	33F5AAC61D66E7055D03173A4D1F3E187138850D	59A4660652A07B95923CA394072796745BF93DD0	0C46B1BAEA6D00990C71EEA09E06EA51	good	-	-	1631058302.000000	1631660402.000000
1631067801.791707	FYWI2x3Uk70PeEaSji	sha1	33F5AAC61D66E7055D03173A4D1F3E187138850D	59A4660652A07B95923CA394072796745BF93DD0	0C46B1BAEA6D00990C71EEA09E06EA51	good	-	-	1630971900.000000	1631574000.000000
1631067801.803510	FYyOHjVv0BGtHQozk	sha1	33F5AAC61D66E7055D03173A4D1F3E187138850D	59A4660652A07B95923CA394072796745BF93DD0	0C46B1BAEA6D00990C71EEA09E06EA51	good	-	-	1631058302.000000	1631660402.000000
1631067802.495334	FL0QQ22OMtj4syvayc	sha1	33F5AAC61D66E7055D03173A4D1F3E187138850D	59A4660652A07B95923CA394072796745BF93DD0	0C46B1BAEA6D00990C71EEA09E06EA51	good	-	-	1630971900.000000	1631574000.000000
1631067802.499286	Ftamau4bDo3h7NTjmh	sha1	33F5AAC61D66E7055D03173A4D1F3E187138850D	59A4660652A07B95923CA394072796745BF93DD0	0C46B1BAEA6D00990C71EEA09E06EA51	good	-	-	1630971900.000000	1631574000.000000
1631067802.507776	FjGwt02cc0zp8MzCrf	sha1	33F5AAC61D66E7055D03173A4D1F3E187138850D	59A4660652A07B95923CA394072796745BF93DD0	0C46B1BAEA6D00990C71EEA09E06EA51	good	-	-	1630971900.000000	1631574000.000000
1631067802.543843	FDoXpo41sZ55ISZ0B1	sha1	33F5AAC61D66E7055D03173A4D1F3E187138850D	59A4660652A07B95923CA394072796745BF93DD0	0C46B1BAEA6D00990C71EEA09E06EA51	good	-	-	1630971900.000000	1631574000.000000
1631067803.594765	F2sV8i2TBc8v5YkiK	sha1	E4E395A229D3D4C1C31FF0980C0B4EC0098AABD8	B76BA2EAA8AA848C79EAB4DA0F98B2C59576B9F4	0217BB768E80AC61E135FAD3A517DC16	good	-	-	1630999621.000000	1631601721.000000
1631067803.603920	FomZVF339CvWvnFhWc	sha1	C9587E3D1E4FBCCF606DB3491D43CA0E4227D983	6118B35D68D49ED92FEB515C03B70A40C6EE6DB4	01E94C20183C0FB7C495FC258A039566	good	-	-	1631034000.000000	1631077200.000000
1631067803.610887	FA3vqurwvRwFpp639	sha1	777A7BA877D6F10F1CE9202196FB6B1A6E37F5ED	9058FFB09C75A8515477B1EDF2A34316389E6CC5	08F337125C72AD06EFE5F8DE252C21A5	good	-	-	1630780022.000000	1631382122.000000
1631067803.755491	F27HfC4uccyNfLKbxf	sha1	E4E395A229D3D4C1C31FF0980C0B4EC0098AABD8	B76BA2EAA8AA848C79EAB4DA0F98B2C59576B9F4	0217BB768E80AC61E135FAD3A517DC16	good	-	-	1630999621.000000	1631601721.000000
1631067803.763643	Fmxjke3KRVuf16nH31	sha1	C9587E3D1E4FBCCF606DB3491D43CA0E4227D983	6118B35D68D49ED92FEB515C03B70A40C6EE6DB4	01E94C20183C0FB7C495FC258A039566	good	-	-	1631034000.000000	1631077200.000000
1631067803.770171	FQZC9QQxWfQeImhB9	sha1	777A7BA877D6F10F1CE9202196FB6B1A6E37F5ED	9058FFB09C75A8515477B1EDF2A34316389E6CC5	08F337125C72AD06EFE5F8DE252C21A5	good	-	-	1630780022.000000	1631382122.000000
1631067804.279555	Foyx4T1xbLBWO52ohj	sha1	430BD20E4F137A1A6C918F24E5DA7E324D4733C8	8D8C5EC454AD8AE177E99BF99B05E1B8018D61E1	C405951177135BC952A5522034EC63BF	good	-	-	1631014235.000000	1631619035.000000
1631067804.294705	FJuQvqqFjDVSsXws6	sha1	CF26F518FAC97E8F8CB342E01C2F6A109E8E5F0A	5168FF90AF0207753CCCD9656462A212B859723B	03AABECE8568D3DA57E1B79A5092CC86	good	-	-	1631008622.000000	1631610722.000000
1631067804.300222	FTOsMk3IeBdDfaxM2c	sha1	CF26F518FAC97E8F8CB342E01C2F6A109E8E5F0A	5168FF90AF0207753CCCD9656462A212B859723B	03AABECE8568D3DA57E1B79A5092CC86	good	-	-	1631008622.000000	1631610722.000000
1631067804.527914	FcNIyE26xS9HHNPxVh	sha1	CF26F518FAC97E8F8CB342E01C2F6A109E8E5F0A	5168FF90AF0207753CCCD9656462A212B859723B	03AABECE8568D3DA57E1B79A5092CC86	good	-	-	1631008622.000000	1631610722.000000
1631067807.605143	FP5mXC3Tyv6ix5L4ob	sha1	105FA67A80089DB5279F35CE830B43889EA3C70D	0F80611C823161D52F28E78D4638B42CE1C6D9E2	0D9E603CE238CC8D4E65E5855C9BC298	good	-	-	1630979461.000000	1631581561.000000
1631067807.616505	F4l3Ak4xdYGUr43YHc	sha1	105FA67A80089DB5279F35CE830B43889EA3C70D	0F80611C823161D52F28E78D4638B42CE1C6D9E2	0D9E603CE238CC8D4E65E5855C9BC298	good	-	-	1630979461.000000	1631581561.000000
1631067807.621971	F9yibg22b7ieM33Jq	sha1	105FA67A80089DB5279F35CE830B43889EA3C70D	0F80611C823161D52F28E78D4638B42CE1C6D9E2	0D9E603CE238CC8D4E65E5855C9BC298	good	-	-	1630979461.000000	1631581561.000000
1631067807.647349	FS5I542A9t3wvuuWLj	sha1	105FA67A80089DB5279F35CE830B43889EA3C70D	0F80611C823161D52F28E78D4638B42CE1C6D9E2	0D9E603CE238CC8D4E65E5855C9BC298	good	-	-	1630979461.000000	1631581561.000000
1631067809.910583	FQyLWn3yKpTio0bmo6	sha1	777A7BA877D6F10F1CE9202196FB6B1A6E37F5ED	9058FFB09C75A8515477B1EDF2A34316389E6CC5	08F337125C72AD06EFE5F8DE252C21A5	good	-	-	1630780022.000000	1631382122.000000
1631067811.173741	F4JaEt3GEJrcP9ZsN	sha1	CF26F518FAC97E8F8CB342E01C2F6A109E8E5F0A	5168FF90AF0207753CCCD9656462A212B859723B	03AABECE8568D3DA57E1B79A5092CC86	good	-	-	1631008622.000000	1631610722.000000
1631067811.184321	FElU4nHNltGXnO4Qe	sha1	3A1979741DCF77D3D6572B57CAFFF6F62B1D5A3A	EE9A2E46F0C2DA3C5CC78CD6A47598DEA8190A65	03A39635EA6B8A1F5CBD955581E64937	good	-	-	1631008622.000000	1631610722.000000
1631067811.207792	FRF9UG2frJ1M6KTaql	sha1	33F5AAC61D66E7055D03173A4D1F3E187138850D	59A4660652A07B95923CA394072796745BF93DD0	01294940BC289C4E45392A0373D8B146	good	-	-	1630994222.000000	1631596322.000000
1631067811.898798	FFVpwe317Gh66QLqYc	sha1	3A1979741DCF77D3D6572B57CAFFF6F62B1D5A3A	EE9A2E46F0C2DA3C5CC78CD6A47598DEA8190A65	03A39635EA6B8A1F5CBD955581E64937	good	-	-	1631008622.000000	1631610722.000000
1631067812.261252	FLdADf2W4WAO0FdDOj	sha1	777A7BA877D6F10F1CE9202196FB6B1A6E37F5ED	9058FFB09C75A8515477B1EDF2A34316389E6CC5	08F337125C72AD06EFE5F8DE252C21A5	good	-	-	1630693621.000000	1631295721.000000
1631067836.905264	FLNx1t19WsRLZfEjN3	sha1	6B7064FE6A7443DC2D6D5B79ECACA7AE5C2EC33F	F8EF7FF2CD7867A8DE6F8F248D88F1870302B3EB	63C6808ABD8D13813ECA786E	good	-	-	1630940376.000000	1631285976.000000
1631067836.906720	F3Na9ncpkPxqJ2EX2	sha1	6B7064FE6A7443DC2D6D5B79ECACA7AE5C2EC33F	F8EF7FF2CD7867A8DE6F8F248D88F1870302B3EB	63C6808ABD8D13813ECA786E	good	-	-	1630896956.000000	1631242556.000000
1631067836.919098	Fzza9i4ZgNI9xGKtt2	sha1	6B7064FE6A7443DC2D6D5B79ECACA7AE5C2EC33F	F8EF7FF2CD7867A8DE6F8F248D88F1870302B3EB	63C6808ABD8D13813ECA786E	good	-	-	1630876791.000000	1631222391.000000
1631067836.919445	Felx3D2Tcu5dxvuPu6	sha1	6B7064FE6A7443DC2D6D5B79ECACA7AE5C2EC33F	F8EF7FF2CD7867A8DE6F8F248D88F1870302B3EB	63C6808ABD8D13813ECA786E	good	-	-	1631051782.000000	1631397382.000000
1631067836.924637	FziNKS22JBf3pkxXW6	sha1	6B7064FE6A7443DC2D6D5B79ECACA7AE5C2EC33F	F8EF7FF2CD7867A8DE6F8F248D88F1870302B3EB	63C6808ABD8D13813ECA786E	good	-	-	1630900724.000000	1631246324.000000
1631067836.924661	Fcokc32Syp0vTx8M9b	sha1	6B7064FE6A7443DC2D6D5B79ECACA7AE5C2EC33F	F8EF7FF2CD7867A8DE6F8F248D88F1870302B3EB	63C6808ABD8D13813ECA786E	good	-	-	1630800295.000000	1631145895.000000
1631067837.177780	FMqlx73DGTXWc5OPL5	sha1	6B7064FE6A7443DC2D6D5B79ECACA7AE5C2EC33F	F8EF7FF2CD7867A8DE6F8F248D88F1870302B3EB	63C6808ABD8D13813ECA786E	good	-	-	1630875230.000000	1631220830.000000
1631067837.179715	FjTLwA2dJePkICl4Kh	sha1	6B7064FE6A7443DC2D6D5B79ECACA7AE5C2EC33F	F8EF7FF2CD7867A8DE6F8F248D88F1870302B3EB	63C6808ABD8D13813ECA786E	good	-	-	1630809763.000000	1631155363.000000
1631067837.180854	FjguBxMhbGqbelyph	sha1	6B7064FE6A7443DC2D6D5B79ECACA7AE5C2EC33F	F8EF7FF2CD7867A8DE6F8F248D88F1870302B3EB	63C6808ABD8D13813ECA786E	good	-	-	1630953728.000000	1631299328.000000
1631067837.182249	Fh9hcK3CI0VLUAyV18	sha1	6B7064FE6A7443DC2D6D5B79ECACA7AE5C2EC33F	F8EF7FF2CD7867A8DE6F8F248D88F1870302B3EB	63C6808ABD8D13813ECA786E	good	-	-	1630809763.000000	1631155363.000000
1631067837.190759	Ffa4FO23W9muIntnK8	sha1	6B7064FE6A7443DC2D6D5B79ECACA7AE5C2EC33F	F8EF7FF2CD7867A8DE6F8F248D88F1870302B3EB	63C6808ABD8D13813ECA786E	good	-	-	1630875230.000000	1631220830.000000
1631067837.195710	FhCnCE3ZttpCn8nDJ8	sha1	6B7064FE6A7443DC2D6D5B79ECACA7AE5C2EC33F	F8EF7FF2CD7867A8DE6F8F248D88F1870302B3EB	63C6808ABD8D13813ECA786E	good	-	-	1630824495.000000	1631170095.000000
1631067838.351052	FtlZYDPcwxXTcqCWe	sha1	6B7064FE6A7443DC2D6D5B79ECACA7AE5C2EC33F	F8EF7FF2CD7867A8DE6F8F248D88F1870302B3EB	63C6808ABD8D13813ECA786E	good	-	-	1630875230.000000	1631220830.000000
1631067838.637185	FTD2SqjAGd5XfUyHg	sha1	6B7064FE6A7443DC2D6D5B79ECACA7AE5C2EC33F	F8EF7FF2CD7867A8DE6F8F248D88F1870302B3EB	63C6808ABD8D13813ECA786E	good	-	-	1630975727.000000	1631321327.000000
1631067878.208093	F6yh2q3Ym4FEXg4aff	sha1	12D78B402C356206FA827F8ED8922411B4ACF504	A5CE37EAEBB0750E946788B445FAD9241087961F	041907ADC6CC35523EDD10AFC33B6876	good	-	-	1630838341.000000	1631440441.000000
1631067885.319184	F97Mge4CQaw1zKfal2	sha1	105FA67A80089DB5279F35CE830B43889EA3C70D	0F80611C823161D52F28E78D4638B42CE1C6D9E2	03322995CF2B4157E3026407D3E66715	good	-	-	1630833301.000000	1631435401.000000
1631067888.888933	Fe9c3h2BhQD3LIu6xi	sha1	105FA67A80089DB5279F35CE830B43889EA3C70D	0F80611C823161D52F28E78D4638B42CE1C6D9E2	03322995CF2B4157E3026407D3E66715	good	-	-	1630833301.000000	1631435401.000000
1631067889.464883	FRS3PJ35abyoyJjUn3	sha1	E4E395A229D3D4C1C31FF0980C0B4EC0098AABD8	B76BA2EAA8AA848C79EAB4DA0F98B2C59576B9F4	0E6283BEB1F7F9E30216AEBE086353F1	good	-	-	1630984142.000000	1631586242.000000
1631067889.496077	FcGjYn3Oiem1M4r4Eg	sha1	A303C0A8887BD479C4278EB5D7587D3C12C04DA4	FF2F7FE106F438F32DED258D98C2FE0EF66CFCFA	7F0012E261129541195FAC1A6000000012E261	good	-	-	1631034963.000000	1631380563.000000
1631067889.498383	FAnWkbb5xa5JMepr8	sha1	E4E395A229D3D4C1C31FF0980C0B4EC0098AABD8	B76BA2EAA8AA848C79EAB4DA0F98B2C59576B9F4	04CC0014653667D8E633EF62F1D4B493	good	-	-	1630669502.000000	1631271602.000000
1631067889.689961	FQuJN31qBgKD9d9O7l	sha1	33F5AAC61D66E7055D03173A4D1F3E187138850D	59A4660652A07B95923CA394072796745BF93DD0	01294940BC289C4E45392A0373D8B146	good	-	-	1630994222.000000	1631596322.000000
1631067889.826120	Fhv1CX39coKcn4B3J1	sha1	33F5AAC61D66E7055D03173A4D1F3E187138850D	59A4660652A07B95923CA394072796745BF93DD0	01294940BC289C4E45392A0373D8B146	good	-	-	1630994222.000000	1631596322.000000
1631067890.885803	FAA23j3M409rjCYbc1	sha1	430BD20E4F137A1A6C918F24E5DA7E324D4733C8	8D8C5EC454AD8AE177E99BF99B05E1B8018D61E1	BCC19C00D7E989895BDA02D81E0C5F75	good	-	-	1630999438.000000	1631604238.000000
1631067890.978468	FnnGXYW15r4jAdLZ6	sha1	430BD20E4F137A1A6C918F24E5DA7E324D4733C8	8D8C5EC454AD8AE177E99BF99B05E1B8018D61E1	BCC19C00D7E989895BDA02D81E0C5F75	good	-	-	1630999438.000000	1631604238.000000
1631067915.139821	FaY9PsssDR62onRv5	sha1	430BD20E4F137A1A6C918F24E5DA7E324D4733C8	8D8C5EC454AD8AE177E99BF99B05E1B8018D61E1	B947803967139F666A54B56C27B852B5	good	-	-	1630508928.000000	1631113728.000000
1631067919.197898	FWzuXN2MtUhjdaiPue	sha1	430BD20E4F137A1A6C918F24E5DA7E324D4733C8	8D8C5EC454AD8AE177E99BF99B05E1B8018D61E1	B947803967139F666A54B56C27B852B5	good	-	-	1630508928.000000	1631113728.000000
1631067919.208599	F2fDn135I5pKB7aaO4	sha1	430BD20E4F137A1A6C918F24E5DA7E324D4733C8	8D8C5EC454AD8AE177E99BF99B05E1B8018D61E1	B947803967139F666A54B56C27B852B5	good	-	-	1630508928.000000	1631113728.000000
1631067919.222306	FxK6bo38EmA5oTgM98	sha1	430BD20E4F137A1A6C918F24E5DA7E324D4733C8	8D8C5EC454AD8AE177E99BF99B05E1B8018D61E1	B947803967139F666A54B56C27B852B5	good	-	-	1630508928.000000	1631113728.000000
1631067919.237948	FVIEAI28FyMmtXUdTg	sha1	430BD20E4F137A1A6C918F24E5DA7E324D4733C8	8D8C5EC454AD8AE177E99BF99B05E1B8018D61E1	B947803967139F666A54B56C27B852B5	good	-	-	1630508928.000000	1631113728.000000
1631067919.245688	FsNznYt0OBpP0DZue	sha1	430BD20E4F137A1A6C918F24E5DA7E324D4733C8	8D8C5EC454AD8AE177E99BF99B05E1B8018D61E1	B947803967139F666A54B56C27B852B5	good	-	-	1630508928.000000	1631113728.000000
1631067919.255777	FAxlrh1vvAMKR7tou	sha1	430BD20E4F137A1A6C918F24E5DA7E324D4733C8	8D8C5EC454AD8AE177E99BF99B05E1B8018D61E1	B947803967139F666A54B56C27B852B5	good	-	-	1630508928.000000	1631113728.000000
1631067919.508905	FAUKI11SoBH9ur08Eg	sha1	105FA67A80089DB5279F35CE830B43889EA3C70D	0F80611C823161D52F28E78D4638B42CE1C6D9E2	0496A22DB8EF5C9F06DC02715B25568F	good	-	-	1630754821.000000	1631356921.000000
1631067923.683725	F270kk1zZ0bfknQjH1	sha1	105FA67A80089DB5279F35CE830B43889EA3C70D	0F80611C823161D52F28E78D4638B42CE1C6D9E2	0496A22DB8EF5C9F06DC02715B25568F	good	-	-	1630841221.000000	1631443321.000000
1631067923.726990	FxgNKR3Swqock19aZ6	sha1	105FA67A80089DB5279F35CE830B43889EA3C70D	0F80611C823161D52F28E78D4638B42CE1C6D9E2	0496A22DB8EF5C9F06DC02715B25568F	good	-	-	1630841221.000000	1631443321.000000
1631067939.442470	F5zOUq2Rdtk3uUTw4	sha1	105FA67A80089DB5279F35CE830B43889EA3C70D	0F80611C823161D52F28E78D4638B42CE1C6D9E2	0B4ED6CBCE793A43D9B713DF0AFF247A	good	-	-	1630620540.000000	1631222640.000000
1631067940.427784	FZUrrZ1nsTQdLkgVh1	sha1	A303C0A8887BD479C4278EB5D7587D3C12C04DA4	FF2F7FE106F438F32DED258D98C2FE0EF66CFCFA	7F0012E261129541195FAC1A6000000012E261	good	-	-	1631024077.000000	1631369677.000000
1631067940.527245	FYnBpr2yKeP4YtDJt	sha1	13E976D98A217E47F5049E8ECB483E07E1898DEA	426D572D4F1F267774A62764F680FA8F4868FE7C	01647F82CD631651981795FD888FE9EF	good	-	-	1631041200.000000	1631084400.000000
1631067966.580744	F7Zw4G1dH5RcGEwA7k	sha1	3A1979741DCF77D3D6572B57CAFFF6F62B1D5A3A	EE9A2E46F0C2DA3C5CC78CD6A47598DEA8190A65	03A39635EA6B8A1F5CBD955581E64937	good	-	-	1631008622.000000	1631610722.000000
1631068075.304140	FBZYKI3hxOwIGfrMb1	sha1	105FA67A80089DB5279F35CE830B43889EA3C70D	0F80611C823161D52F28E78D4638B42CE1C6D9E2	081D807F662BC21E319C2609686EE61A	good	-	-	1630602180.000000	1631204280.000000
1631068077.094804	FNToUTGh3j7O4v3Zg	sha1	E4E395A229D3D4C1C31FF0980C0B4EC0098AABD8	B76BA2EAA8AA848C79EAB4DA0F98B2C59576B9F4	04CC0014653667D8E633EF62F1D4B493	good	-	-	1630669502.000000	1631271602.000000
1631068077.130656	Fhb9942O7HaBJfkKj8	sha1	E4E395A229D3D4C1C31FF0980C0B4EC0098AABD8	B76BA2EAA8AA848C79EAB4DA0F98B2C59576B9F4	04CC0014653667D8E633EF62F1D4B493	good	-	-	1630669502.000000	1631271602.000000
1631068077.778831	FkK3fV3V7iPFTHkQNg	sha1	33F5AAC61D66E7055D03173A4D1F3E187138850D	59A4660652A07B95923CA394072796745BF93DD0	01294940BC289C4E45392A0373D8B146	good	-	-	1630994222.000000	1631596322.000000
1631068131.264525	F9GrSBOqmfJ7dOTok	sha1	105FA67A80089DB5279F35CE830B43889EA3C70D	0F80611C823161D52F28E78D4638B42CE1C6D9E2	03322995CF2B4157E3026407D3E66715	good	-	-	1630833301.000000	1631435401.000000
1631068131.275353	FvOU8Iwvs9KSEA6Gg	sha1	105FA67A80089DB5279F35CE830B43889EA3C70D	0F80611C823161D52F28E78D4638B42CE1C6D9E2	03322995CF2B4157E3026407D3E66715	good	-	-	1630919701.000000	1631521801.000000
1631068131.304728	FNBRv33DpMK9pWxwBg	sha1	105FA67A80089DB5279F35CE830B43889EA3C70D	0F80611C823161D52F28E78D4638B42CE1C6D9E2	03322995CF2B4157E3026407D3E66715	good	-	-	1630919701.000000	1631521801.000000
1631068182.568346	Frh5vvZcHOyWBeZdj	sha1	E4E395A229D3D4C1C31FF0980C0B4EC0098AABD8	B76BA2EAA8AA848C79EAB4DA0F98B2C59576B9F4	0E6283BEB1F7F9E30216AEBE086353F1	good	-	-	1630984142.000000	1631586242.000000
1631068207.351464	Fgi1F8mUDZQzcbNC9	sha1	777A7BA877D6F10F1CE9202196FB6B1A6E37F5ED	9058FFB09C75A8515477B1EDF2A34316389E6CC5	0DCBD374BB0590055BA34AD9C6DDE8CE	good	-	-	1630548540.000000	1631150640.000000
1631068207.480317	FJOv6PHjRZupT85dc	sha1	105FA67A80089DB5279F35CE830B43889EA3C70D	0F80611C823161D52F28E78D4638B42CE1C6D9E2	0B4ED6CBCE793A43D9B713DF0AFF247A	good	-	-	1630620540.000000	1631222640.000000
1631068208.620358	FOB76b3UxKcHkcrN4b	sha1	105FA67A80089DB5279F35CE830B43889EA3C70D	0F80611C823161D52F28E78D4638B42CE1C6D9E2	0733A4F71BB6D26BA6D45E7D98BA18F7	good	-	-	1630683541.000000	1631285641.000000
1631068208.744149	FDrYiO1Pu3Armwsdxe	sha1	105FA67A80089DB5279F35CE830B43889EA3C70D	0F80611C823161D52F28E78D4638B42CE1C6D9E2	0733A4F71BB6D26BA6D45E7D98BA18F7	good	-	-	1630683541.000000	1631285641.000000
1631068209.664706	FXb6MH20QrtLp858M9	sha1	3A1979741DCF77D3D6572B57CAFFF6F62B1D5A3A	EE9A2E46F0C2DA3C5CC78CD6A47598DEA8190A65	03A39635EA6B8A1F5CBD955581E64937	good	-	-	1631008622.000000	1631610722.000000
1631068209.668293	FELCu21fjBvE0Qr327	sha1	777A7BA877D6F10F1CE9202196FB6B1A6E37F5ED	9058FFB09C75A8515477B1EDF2A34316389E6CC5	04C38A8616E8CF0F972F01D3E4336BD5	good	-	-	1630842301.000000	1631444401.000000
1631068210.046823	FgYg53SBBEL6M1Zi5	sha1	105FA67A80089DB5279F35CE830B43889EA3C70D	0F80611C823161D52F28E78D4638B42CE1C6D9E2	0733A4F71BB6D26BA6D45E7D98BA18F7	good	-	-	1630683541.000000	1631285641.000000
1631068211.959405	FdbbEmMI6Lrn9YQ22	sha1	777A7BA877D6F10F1CE9202196FB6B1A6E37F5ED	9058FFB09C75A8515477B1EDF2A34316389E6CC5	08F337125C72AD06EFE5F8DE252C21A5	good	-	-	1630952820.000000	1631554920.000000
1631068212.068517	F8CCKg2hFkrVpFSsWf	sha1	777A7BA877D6F10F1CE9202196FB6B1A6E37F5ED	9058FFB09C75A8515477B1EDF2A34316389E6CC5	08F337125C72AD06EFE5F8DE252C21A5	good	-	-	1630952820.000000	1631554920.000000
1631068212.677305	Fg0LAR11RAIke2YQVe	sha1	777A7BA877D6F10F1CE9202196FB6B1A6E37F5ED	9058FFB09C75A8515477B1EDF2A34316389E6CC5	08F337125C72AD06EFE5F8DE252C21A5	good	-	-	1630780022.000000	1631382122.000000
1631068216.484810	F7AbAq4vESKazdfvij	sha1	777A7BA877D6F10F1CE9202196FB6B1A6E37F5ED	9058FFB09C75A8515477B1EDF2A34316389E6CC5	08F337125C72AD06EFE5F8DE252C21A5	good	-	-	1630952820.000000	1631554920.000000
1631068257.059225	FW2hiGv8NbWRzXxs9	sha1	12D78B402C356206FA827F8ED8922411B4ACF504	A5CE37EAEBB0750E946788B445FAD9241087961F	041907ADC6CC35523EDD10AFC33B6876	good	-	-	1630838341.000000	1631440441.000000
1631068257.536845	FJYVn35TjY81rkGyg	sha1	CC6D221CF6B4552C2F87915F5AFEF0E1EECE83CC	82A27074DDBC533FCF7BD4F7CD7FA760C60A4CBF	F4FCC67B27CC12060000000051032028	good	-	-	1631048400.000000	1631653200.000000
1631068257.590868	Fkb0pYvWnNFqLTD8c	sha1	CC6D221CF6B4552C2F87915F5AFEF0E1EECE83CC	82A27074DDBC533FCF7BD4F7CD7FA760C60A4CBF	F4FCC67B27CC12060000000051032028	good	-	-	1631048400.000000	1631653200.000000
1631068257.591800	F03mU82I8nfJtYF4wa	sha1	CC6D221CF6B4552C2F87915F5AFEF0E1EECE83CC	82A27074DDBC533FCF7BD4F7CD7FA760C60A4CBF	F4FCC67B27CC12060000000051032028	good	-	-	1631048400.000000	1631653200.000000
1631068257.592351	FKQVxO2Tfs3UoY3tHb	sha1	CC6D221CF6B4552C2F87915F5AFEF0E1EECE83CC	82A27074DDBC533FCF7BD4F7CD7FA760C60A4CBF	F4FCC67B27CC12060000000051032028	good	-	-	1631048400.000000	1631653200.000000
1631068257.593901	FTOiVw2HI7U8iwneZ3	sha1	CC6D221CF6B4552C2F87915F5AFEF0E1EECE83CC	82A27074DDBC533FCF7BD4F7CD7FA760C60A4CBF	F4FCC67B27CC12060000000051032028	good	-	-	1631048400.000000	1631653200.000000
1631068257.594383	F1SrZd31O061mIDR56	sha1	CC6D221CF6B4552C2F87915F5AFEF0E1EECE83CC	82A27074DDBC533FCF7BD4F7CD7FA760C60A4CBF	F4FCC67B27CC12060000000051032028	good	-	-	1631048400.000000	1631653200.000000
1631068257.594452	F9RgWV1ZfukWmEYJM8	sha1	CC6D221CF6B4552C2F87915F5AFEF0E1EECE83CC	82A27074DDBC533FCF7BD4F7CD7FA760C60A4CBF	F4FCC67B27CC12060000000051032028	good	-	-	1631048400.000000	1631653200.000000
1631068257.595637	FEfcD53sJ4xkp1saX8	sha1	CC6D221CF6B4552C2F87915F5AFEF0E1EECE83CC	82A27074DDBC533FCF7BD4F7CD7FA760C60A4CBF	F4FCC67B27CC12060000000051032028	good	-	-	1631048400.000000	1631653200.000000
1631068257.601922	FJFgac3RZ73iQODTR	sha1	CC6D221CF6B4552C2F87915F5AFEF0E1EECE83CC	82A27074DDBC533FCF7BD4F7CD7FA760C60A4CBF	F4FCC67B27CC12060000000051032028	good	-	-	1631048400.000000	1631653200.000000
1631068258.249597	Fkgsi61WeRrNlGKaSj	sha1	105FA67A80089DB5279F35CE830B43889EA3C70D	0F80611C823161D52F28E78D4638B42CE1C6D9E2	03322995CF2B4157E3026407D3E66715	good	-	-	1630746902.000000	1631349002.000000
1631068258.520992	Fpw4tkZm7ddDFYIyc	sha1	105FA67A80089DB5279F35CE830B43889EA3C70D	0F80611C823161D52F28E78D4638B42CE1C6D9E2	03322995CF2B4157E3026407D3E66715	good	-	-	1630746902.000000	1631349002.000000
1631068260.379862	FhtLu94DGuB1IJlBpd	sha1	105FA67A80089DB5279F35CE830B43889EA3C70D	0F80611C823161D52F28E78D4638B42CE1C6D9E2	0B4ED6CBCE793A43D9B713DF0AFF247A	good	-	-	1630879740.000000	1631481840.000000
1631068291.315283	FfbxU62BBu6NeW2hPl	sha1	6B7064FE6A7443DC2D6D5B79ECACA7AE5C2EC33F	F8EF7FF2CD7867A8DE6F8F248D88F1870302B3EB	63C6808ABD8D13813ECA786E	good	-	-	1631029932.000000	1631375532.000000
1631068292.218026	F05rmw4uOC4lkYMhW2	sha1	6B7064FE6A7443DC2D6D5B79ECACA7AE5C2EC33F	F8EF7FF2CD7867A8DE6F8F248D88F1870302B3EB	63C6808ABD8D13813ECA786E	good	-	-	1630886138.000000	1631231738.000000
1631068300.236539	FDfWGf2f4Id8XVAr36	sha1	CF26F518FAC97E8F8CB342E01C2F6A109E8E5F0A	5168FF90AF0207753CCCD9656462A212B859723B	03AABECE8568D3DA57E1B79A5092CC86	good	-	-	1631008622.000000	1631610722.000000
1631068300.495780	F9UtE1370UId6P1e0e	sha1	105FA67A80089DB5279F35CE830B43889EA3C70D	0F80611C823161D52F28E78D4638B42CE1C6D9E2	0B4AD6D9419CBEEA531C63778A052426	good	-	-	1630793341.000000	1631395441.000000
1631068301.834808	FoBXPncBxcp9QIt61	sha1	E4E395A229D3D4C1C31FF0980C0B4EC0098AABD8	B76BA2EAA8AA848C79EAB4DA0F98B2C59576B9F4	0E6283BEB1F7F9E30216AEBE086353F1	good	-	-	1630984142.000000	1631586242.000000
1631068302.113629	FUYto9108W2bKfSI17	sha1	E4E395A229D3D4C1C31FF0980C0B4EC0098AABD8	B76BA2EAA8AA848C79EAB4DA0F98B2C59576B9F4	0C08E1AF6687B29BE91CB4F0E7D7A838	good	-	-	1631056862.000000	1631658962.000000
1631068302.772055	F6yweP2GVwh5ZeTnE4	sha1	105FA67A80089DB5279F35CE830B43889EA3C70D	0F80611C823161D52F28E78D4638B42CE1C6D9E2	05AA1EF4F2A875E6A301E3EE984DE7EB	good	-	-	1630588140.000000	1631190240.000000
1631068302.777934	FdFkjN2XFbZa7ynDtb	sha1	105FA67A80089DB5279F35CE830B43889EA3C70D	0F80611C823161D52F28E78D4638B42CE1C6D9E2	05AA1EF4F2A875E6A301E3EE984DE7EB	good	-	-	1630588140.000000	1631190240.000000
1631068366.610780	FiFVhr2GC3HgpM3d73	sha1	A303C0A8887BD479C4278EB5D7587D3C12C04DA4	FF2F7FE106F438F32DED258D98C2FE0EF66CFCFA	7F0012E261129541195FAC1A6000000012E261	good	-	-	1631034963.000000	1631380563.000000
1631068400.939701	FyWzyA3JJPArXAWgig	sha1	105FA67A80089DB5279F35CE830B43889EA3C70D	0F80611C823161D52F28E78D4638B42CE1C6D9E2	02276C0C43AD46A92ADE72B7E6B30CCB	good	-	-	1630913580.000000	1631515680.000000
1631068474.485186	FUZnHu4QKmzlK5YvUe	sha1	105FA67A80089DB5279F35CE830B43889EA3C70D	0F80611C823161D52F28E78D4638B42CE1C6D9E2	0496A22DB8EF5C9F06DC02715B25568F	good	-	-	1630754821.000000	1631356921.000000
1631068474.528047	FlxaShINHXuZJTZcc	sha1	105FA67A80089DB5279F35CE830B43889EA3C70D	0F80611C823161D52F28E78D4638B42CE1C6D9E2	0496A22DB8EF5C9F06DC02715B25568F	good	-	-	1630754821.000000	1631356921.000000
1631068475.372272	FcQxXzPRp0vaK3N8f	sha1	105FA67A80089DB5279F35CE830B43889EA3C70D	0F80611C823161D52F28E78D4638B42CE1C6D9E2	0496A22DB8EF5C9F06DC02715B25568F	good	-	-	1630841221.000000	1631443321.000000
1631068496.368395	FJU9iZ2jckqzydF8hk	sha1	36C6F0583E09AEFCFFE65E254A7BE8C44B4D137F	EFC12A950C32DAFB7330DC8A13D8154BF713E8F8	3096B462340CA60D6CD585CA7DFA49F0	good	-	-	1630895892.000000	1631500692.000000
1631068500.132352	FbtkC34fUfPxd9AXJ1	sha1	E4E395A229D3D4C1C31FF0980C0B4EC0098AABD8	B76BA2EAA8AA848C79EAB4DA0F98B2C59576B9F4	04CC0014653667D8E633EF62F1D4B493	good	-	-	1630669502.000000	1631271602.000000
1631068500.143940	Fw8JpycVlPtc7yZ6h	sha1	A303C0A8887BD479C4278EB5D7587D3C12C04DA4	FF2F7FE106F438F32DED258D98C2FE0EF66CFCFA	7F0012E261129541195FAC1A6000000012E261	good	-	-	1631041503.000000	1631387103.000000
1631068525.183667	Fgf2EA1YcBaq76MGi1	sha1	E4E395A229D3D4C1C31FF0980C0B4EC0098AABD8	B76BA2EAA8AA848C79EAB4DA0F98B2C59576B9F4	04CC0014653667D8E633EF62F1D4B493	good	-	-	1630669502.000000	1631271602.000000
1631068525.519982	FojHXn4eFs6eejT9X4	sha1	13E976D98A217E47F5049E8ECB483E07E1898DEA	426D572D4F1F267774A62764F680FA8F4868FE7C	01CBE38D6D7FC6FC1334FCFBA82CF6A6	good	-	-	1631030400.000000	1631073600.000000
1631068526.880101	FwGQQH2x82mhX6Gas5	sha1	777A7BA877D6F10F1CE9202196FB6B1A6E37F5ED	9058FFB09C75A8515477B1EDF2A34316389E6CC5	08F337125C72AD06EFE5F8DE252C21A5	good	-	-	1630952820.000000	1631554920.000000
1631068528.448365	FmNWcv1YXYY52xRC12	sha1	3A1979741DCF77D3D6572B57CAFFF6F62B1D5A3A	EE9A2E46F0C2DA3C5CC78CD6A47598DEA8190A65	03A39635EA6B8A1F5CBD955581E64937	good	-	-	1631008622.000000	1631610722.000000
1631068528.774783	FZmL143BlrlELaErd3	sha1	105FA67A80089DB5279F35CE830B43889EA3C70D	0F80611C823161D52F28E78D4638B42CE1C6D9E2	0AE883180DB1123B1F1CDD7FBD053DF4	good	-	-	1630877581.000000	1631479681.000000
1631068530.813720	FD7Hnr1YA3DUPgRwTc	sha1	777A7BA877D6F10F1CE9202196FB6B1A6E37F5ED	9058FFB09C75A8515477B1EDF2A34316389E6CC5	08F337125C72AD06EFE5F8DE252C21A5	good	-	-	1630780022.000000	1631382122.000000
1631068530.822880	FpRjNb20xOOlKZTNVd	sha1	777A7BA877D6F10F1CE9202196FB6B1A6E37F5ED	9058FFB09C75A8515477B1EDF2A34316389E6CC5	08F337125C72AD06EFE5F8DE252C21A5	good	-	-	1630780022.000000	1631382122.000000
1631068531.310059	FBqk5afzmVPFsScml	sha1	CF26F518FAC97E8F8CB342E01C2F6A109E8E5F0A	5168FF90AF0207753CCCD9656462A212B859723B	03AABECE8568D3DA57E1B79A5092CC86	good	-	-	1631008622.000000	1631610722.000000
1631068531.342222	Fz4Kt51QIZC6Rd0aS4	sha1	33F5AAC61D66E7055D03173A4D1F3E187138850D	59A4660652A07B95923CA394072796745BF93DD0	01294940BC289C4E45392A0373D8B146	good	-	-	1630994222.000000	1631596322.000000
1631068564.458348	FTXMkm2E3np5x5Dwp9	sha1	A303C0A8887BD479C4278EB5D7587D3C12C04DA4	FF2F7FE106F438F32DED258D98C2FE0EF66CFCFA	7F0000EEB7AD0BD49427B0A2CA00000000EEB7	good	-	-	1631036624.000000	1631382224.000000
1631068607.867684	FdSS2nwHTx6RDrEae	sha1	430BD20E4F137A1A6C918F24E5DA7E324D4733C8	8D8C5EC454AD8AE177E99BF99B05E1B8018D61E1	B947803967139F666A54B56C27B852B5	good	-	-	1630508928.000000	1631113728.000000
1631068608.155411	FRLZhT2L2WkTTFV4uk	sha1	430BD20E4F137A1A6C918F24E5DA7E324D4733C8	8D8C5EC454AD8AE177E99BF99B05E1B8018D61E1	B947803967139F666A54B56C27B852B5	good	-	-	1630508928.000000	1631113728.000000
1631068608.167601	FXXWXv21Qgm4YCckWh	sha1	430BD20E4F137A1A6C918F24E5DA7E324D4733C8	8D8C5EC454AD8AE177E99BF99B05E1B8018D61E1	B947803967139F666A54B56C27B852B5	good	-	-	1630508928.000000	1631113728.000000
1631068608.167601	FmOxiS3y7cxXjKdSg6	sha1	430BD20E4F137A1A6C918F24E5DA7E324D4733C8	8D8C5EC454AD8AE177E99BF99B05E1B8018D61E1	B947803967139F666A54B56C27B852B5	good	-	-	1630508928.000000	1631113728.000000
1631068608.171025	FMWRpd3mHHBidQLGOg	sha1	430BD20E4F137A1A6C918F24E5DA7E324D4733C8	8D8C5EC454AD8AE177E99BF99B05E1B8018D61E1	B947803967139F666A54B56C27B852B5	good	-	-	1630508928.000000	1631113728.000000
1631068608.175384	Fq7jO14yk0PeciLzzi	sha1	430BD20E4F137A1A6C918F24E5DA7E324D4733C8	8D8C5EC454AD8AE177E99BF99B05E1B8018D61E1	B947803967139F666A54B56C27B852B5	good	-	-	1630508928.000000	1631113728.000000
1631068608.183741	FJRdm63Lz3KtRbiYc	sha1	430BD20E4F137A1A6C918F24E5DA7E324D4733C8	8D8C5EC454AD8AE177E99BF99B05E1B8018D61E1	B947803967139F666A54B56C27B852B5	good	-	-	1630508928.000000	1631113728.000000
1631068620.801342	F0B80948tKVOwffxRk	sha1	A303C0A8887BD479C4278EB5D7587D3C12C04DA4	FF2F7FE106F438F32DED258D98C2FE0EF66CFCFA	7F0012E261129541195FAC1A6000000012E261	good	-	-	1630748701.000000	1631094301.000000
1631068644.779207	FubZ4323R2fbQhDjp7	sha1	A303C0A8887BD479C4278EB5D7587D3C12C04DA4	FF2F7FE106F438F32DED258D98C2FE0EF66CFCFA	7F0012E261129541195FAC1A6000000012E261	good	-	-	1630819246.000000	1631164846.000000
1631068668.656818	FEF7eW2ihAeKBiK7P2	sha1	13E976D98A217E47F5049E8ECB483E07E1898DEA	426D572D4F1F267774A62764F680FA8F4868FE7C	01A5EFC7DB2BB051070248418B377AA1	good	-	-	1631044800.000000	1631088000.000000
1631068669.238751	FE4c938bCZvB9TGV5	sha1	13E976D98A217E47F5049E8ECB483E07E1898DEA	426D572D4F1F267774A62764F680FA8F4868FE7C	01A5EFC7DB2BB051070248418B377AA1	good	-	-	1631044800.000000	1631088000.000000
1631068669.254452	FBABtO3T5F09enPevk	sha1	13E976D98A217E47F5049E8ECB483E07E1898DEA	426D572D4F1F267774A62764F680FA8F4868FE7C	01A5EFC7DB2BB051070248418B377AA1	good	-	-	1631044800.000000	1631088000.000000
1631068669.388165	Flnxni2pwcI5Vq4Kd	sha1	13E976D98A217E47F5049E8ECB483E07E1898DEA	426D572D4F1F267774A62764F680FA8F4868FE7C	01C7DE67A8B5B3240841758E1769576F	good	-	-	1631030400.000000	1631073600.000000
1631068669.394707	Fewpsp1ZLXaWTtpsfe	sha1	777A7BA877D6F10F1CE9202196FB6B1A6E37F5ED	9058FFB09C75A8515477B1EDF2A34316389E6CC5	08F337125C72AD06EFE5F8DE252C21A5	good	-	-	1630780022.000000	1631382122.000000
1631068670.636101	FnhFbf31pSkwpA9yjk	sha1	777A7BA877D6F10F1CE9202196FB6B1A6E37F5ED	9058FFB09C75A8515477B1EDF2A34316389E6CC5	08F337125C72AD06EFE5F8DE252C21A5	good	-	-	1630780022.000000	1631382122.000000
1631068670.735362	FFfHo936vp2ZnoxXOf	sha1	48DAC9A0FB2BD32D4FF0DE68D2F567B735F9B3C4	142EB317B75856CBAE500940E61FAF9D8B14C2C6	0441A1F1F6934FF0D5619E5DF1F243922B94	good	-	-	1630630800.000000	1631235600.000000
1631068670.807026	FFbURK3mGGwTqFEBd5	sha1	777A7BA877D6F10F1CE9202196FB6B1A6E37F5ED	9058FFB09C75A8515477B1EDF2A34316389E6CC5	08F337125C72AD06EFE5F8DE252C21A5	good	-	-	1630780022.000000	1631382122.000000
1631068670.915738	Fomiie2zu1OfyR8Gu7	sha1	48DAC9A0FB2BD32D4FF0DE68D2F567B735F9B3C4	142EB317B75856CBAE500940E61FAF9D8B14C2C6	0441A1F1F6934FF0D5619E5DF1F243922B94	good	-	-	1630630800.000000	1631235600.000000
1631068672.444438	FQCRvGXnA3EK4Vkil	sha1	3A1979741DCF77D3D6572B57CAFFF6F62B1D5A3A	EE9A2E46F0C2DA3C5CC78CD6A47598DEA8190A65	03A39635EA6B8A1F5CBD955581E64937	good	-	-	1631008622.000000	1631610722.000000
1631068672.530478	Fw49c92GmMqeSBiXFc	sha1	777A7BA877D6F10F1CE9202196FB6B1A6E37F5ED	9058FFB09C75A8515477B1EDF2A34316389E6CC5	08F337125C72AD06EFE5F8DE252C21A5	good	-	-	1630780022.000000	1631382122.000000
1631068675.946308	FGUl67Q3iDxxrs1Ha	sha1	3A1979741DCF77D3D6572B57CAFFF6F62B1D5A3A	EE9A2E46F0C2DA3C5CC78CD6A47598DEA8190A65	03A39635EA6B8A1F5CBD955581E64937	good	-	-	1631008622.000000	1631610722.000000
1631068678.687917	F5Jwp43HpfsTqRbRe1	sha1	13E976D98A217E47F5049E8ECB483E07E1898DEA	426D572D4F1F267774A62764F680FA8F4868FE7C	01CBE38D6D7FC6FC1334FCFBA82CF6A6	good	-	-	1631030400.000000	1631073600.000000
1631068698.863188	FFGkie1NjLuWZQVSC1	sha1	36C6F0583E09AEFCFFE65E254A7BE8C44B4D137F	EFC12A950C32DAFB7330DC8A13D8154BF713E8F8	3096B462340CA60D6CD585CA7DFA49F0	good	-	-	1630895892.000000	1631500692.000000
1631068701.719527	FJhLeo2KaQ90NuAW7c	sha1	E4E395A229D3D4C1C31FF0980C0B4EC0098AABD8	B76BA2EAA8AA848C79EAB4DA0F98B2C59576B9F4	04CC0014653667D8E633EF62F1D4B493	good	-	-	1630669502.000000	1631271602.000000
1631068701.802072	F6XSXU1rH4AM1MGdK3	sha1	A303C0A8887BD479C4278EB5D7587D3C12C04DA4	FF2F7FE106F438F32DED258D98C2FE0EF66CFCFA	7F0012E261129541195FAC1A6000000012E261	good	-	-	1631014671.000000	1631360271.000000
1631068762.821048	FOWRlY1RUBVopYg326	sha1	E4E395A229D3D4C1C31FF0980C0B4EC0098AABD8	B76BA2EAA8AA848C79EAB4DA0F98B2C59576B9F4	04CC0014653667D8E633EF62F1D4B493	good	-	-	1630669502.000000	1631271602.000000
1631068762.869559	Fe5USv4GfcDfofNaP6	sha1	A303C0A8887BD479C4278EB5D7587D3C12C04DA4	FF2F7FE106F438F32DED258D98C2FE0EF66CFCFA	7F0012E261129541195FAC1A6000000012E261	good	-	-	1631024077.000000	1631369677.000000
1631068763.376835	Fl0ktW3GK0hMfYkcTd	sha1	E4E395A229D3D4C1C31FF0980C0B4EC0098AABD8	B76BA2EAA8AA848C79EAB4DA0F98B2C59576B9F4	04CC0014653667D8E633EF62F1D4B493	good	-	-	1630669502.000000	1631271602.000000
1631068763.763003	FVZoZK1dkLh25W4IM9	sha1	A303C0A8887BD479C4278EB5D7587D3C12C04DA4	FF2F7FE106F438F32DED258D98C2FE0EF66CFCFA	7F0012E261129541195FAC1A6000000012E261	good	-	-	1631041503.000000	1631387103.000000
1631068767.509919	F7jHaN25qzO9FPWns8	sha1	13E976D98A217E47F5049E8ECB483E07E1898DEA	426D572D4F1F267774A62764F680FA8F4868FE7C	0170AC4251357DBC311B393F7E971754	good	-	-	1631041200.000000	1631084400.000000
1631068800.997302	FiAC8G2WsqtALYzVm7	sha1	49F4BD8A18BF760698C5DE402D683B716AE4E686	3DD350A5D6A0ADEEF34A600A65D321D4F8F8D60F	02FF4664F854F7F5CD97EA11C2393B21	good	-	-	1631004661.000000	1631606761.000000
1631068801.019108	FtmAb24z8tI6NkrF7	sha1	49F4BD8A18BF760698C5DE402D683B716AE4E686	3DD350A5D6A0ADEEF34A600A65D321D4F8F8D60F	02FF4664F854F7F5CD97EA11C2393B21	good	-	-	1631004661.000000	1631606761.000000
1631068801.343810	FhiY2L13geJyXDdqsi	sha1	49F4BD8A18BF760698C5DE402D683B716AE4E686	3DD350A5D6A0ADEEF34A600A65D321D4F8F8D60F	02FF4664F854F7F5CD97EA11C2393B21	good	-	-	1631004661.000000	1631606761.000000
1631068801.775235	FyGWnBQjGxqqcZSrd	sha1	49F4BD8A18BF760698C5DE402D683B716AE4E686	3DD350A5D6A0ADEEF34A600A65D321D4F8F8D60F	02FF4664F854F7F5CD97EA11C2393B21	good	-	-	1631004661.000000	1631606761.000000
1631068801.784519	Fy0PxT2FLjWShoK015	sha1	49F4BD8A18BF760698C5DE402D683B716AE4E686	3DD350A5D6A0ADEEF34A600A65D321D4F8F8D60F	02FF4664F854F7F5CD97EA11C2393B21	good	-	-	1631004661.000000	1631606761.000000
1631068801.784519	F0SvBe6DWPTVVUrC1	sha1	49F4BD8A18BF760698C5DE402D683B716AE4E686	3DD350A5D6A0ADEEF34A600A65D321D4F8F8D60F	02FF4664F854F7F5CD97EA11C2393B21	good	-	-	1631004661.000000	1631606761.000000
1631068802.944153	F5Re4h3a7ku4nMeGZf	sha1	EEA8BF762F7B6390DEBB44D145FC476F4FA344CC	C012B22874684667E97025741A00455B067D5C44	08338DEB8845C1CE265237159767169C	good	-	-	1630948501.000000	1631550601.000000
1631068802.957395	F2zKOK1FfhHNqramIa	sha1	EEA8BF762F7B6390DEBB44D145FC476F4FA344CC	C012B22874684667E97025741A00455B067D5C44	08338DEB8845C1CE265237159767169C	good	-	-	1630948501.000000	1631550601.000000
1631068802.957395	FZkSCt28CUErRbgaR9	sha1	EEA8BF762F7B6390DEBB44D145FC476F4FA344CC	C012B22874684667E97025741A00455B067D5C44	08338DEB8845C1CE265237159767169C	good	-	-	1630948501.000000	1631550601.000000
1631068802.958759	FhGGP11o2pPJmd7cJ6	sha1	EEA8BF762F7B6390DEBB44D145FC476F4FA344CC	C012B22874684667E97025741A00455B067D5C44	08338DEB8845C1CE265237159767169C	good	-	-	1630948501.000000	1631550601.000000
1631068803.490442	Fn0Uwn4l2XYgJfPmFj	sha1	EEA8BF762F7B6390DEBB44D145FC476F4FA344CC	C012B22874684667E97025741A00455B067D5C44	08338DEB8845C1CE265237159767169C	good	-	-	1630948501.000000	1631550601.000000
1631068803.554870	FuEfcm1aYBC5mDLKG3	sha1	EEA8BF762F7B6390DEBB44D145FC476F4FA344CC	C012B22874684667E97025741A00455B067D5C44	08338DEB8845C1CE265237159767169C	good	-	-	1630948501.000000	1631550601.000000
1631068805.983403	FVW0Gx3o8QVoieQjB	sha1	105FA67A80089DB5279F35CE830B43889EA3C70D	0F80611C823161D52F28E78D4638B42CE1C6D9E2	0B09B3AE9C0442F738ADEBD0264E837D	good	-	-	1630705502.000000	1631307602.000000
1631068807.876038	F35tRY1bIyENYelpf4	sha1	CF26F518FAC97E8F8CB342E01C2F6A109E8E5F0A	5168FF90AF0207753CCCD9656462A212B859723B	08AC5D5F075F11E9D93B98C8D7B050E7	good	-	-	1631037421.000000	1631639521.000000
1631068808.039217	FqBYcx2zPB4JJ8WOxd	sha1	49F4BD8A18BF760698C5DE402D683B716AE4E686	3DD350A5D6A0ADEEF34A600A65D321D4F8F8D60F	02FF4664F854F7F5CD97EA11C2393B21	good	-	-	1631004661.000000	1631606761.000000
1631068808.482338	FeXUzh3GdMTw9ZE2I8	sha1	A303C0A8887BD479C4278EB5D7587D3C12C04DA4	FF2F7FE106F438F32DED258D98C2FE0EF66CFCFA	7F0012E261129541195FAC1A6000000012E261	good	-	-	1631045765.000000	1631391365.000000
1631068808.586905	F8YhUr2f692wz1ZvT	sha1	49F4BD8A18BF760698C5DE402D683B716AE4E686	3DD350A5D6A0ADEEF34A600A65D321D4F8F8D60F	02FF4664F854F7F5CD97EA11C2393B21	good	-	-	1631004661.000000	1631606761.000000
1631068811.731219	FlHpQe4CkH6N9IvgQb	sha1	D49294BE2B4A19852331FE698267BE94A9D8D4C5	26147EE0DCD7A6F7E2D40427DF61F1C2ECE732CA	4AD2D04A458D3E9D6E20F330261C2139	good	-	-	1630589521.000000	1631194321.000000
1631068942.550921	FRwJmq1FlMXfd0oqP5	sha1	430BD20E4F137A1A6C918F24E5DA7E324D4733C8	8D8C5EC454AD8AE177E99BF99B05E1B8018D61E1	B947803967139F666A54B56C27B852B5	good	-	-	1630508928.000000	1631113728.000000
1631068943.038881	FnrjB93yHVaHn9fOi9	sha1	430BD20E4F137A1A6C918F24E5DA7E324D4733C8	8D8C5EC454AD8AE177E99BF99B05E1B8018D61E1	B947803967139F666A54B56C27B852B5	good	-	-	1630508928.000000	1631113728.000000
1631068943.046721	FAo8Z149vevrbTXlm3	sha1	430BD20E4F137A1A6C918F24E5DA7E324D4733C8	8D8C5EC454AD8AE177E99BF99B05E1B8018D61E1	B947803967139F666A54B56C27B852B5	good	-	-	1630508928.000000	1631113728.000000
1631068943.047318	F5ibvh3s5LsUeIUdY1	sha1	430BD20E4F137A1A6C918F24E5DA7E324D4733C8	8D8C5EC454AD8AE177E99BF99B05E1B8018D61E1	B947803967139F666A54B56C27B852B5	good	-	-	1630508928.000000	1631113728.000000
1631068943.051705	FRlIcl1JstUVGOYWFb	sha1	430BD20E4F137A1A6C918F24E5DA7E324D4733C8	8D8C5EC454AD8AE177E99BF99B05E1B8018D61E1	B947803967139F666A54B56C27B852B5	good	-	-	1630508928.000000	1631113728.000000
1631068943.056928	F5I0nX1xNGthQ2vBDh	sha1	430BD20E4F137A1A6C918F24E5DA7E324D4733C8	8D8C5EC454AD8AE177E99BF99B05E1B8018D61E1	B947803967139F666A54B56C27B852B5	good	-	-	1630508928.000000	1631113728.000000
1631068943.060436	FHwoLU1xa7rTBUIkCi	sha1	430BD20E4F137A1A6C918F24E5DA7E324D4733C8	8D8C5EC454AD8AE177E99BF99B05E1B8018D61E1	B947803967139F666A54B56C27B852B5	good	-	-	1630508928.000000	1631113728.000000
1631068952.241289	Fo1ALx2NtONQiqZHta	sha1	A303C0A8887BD479C4278EB5D7587D3C12C04DA4	FF2F7FE106F438F32DED258D98C2FE0EF66CFCFA	7F0012E261129541195FAC1A6000000012E261	good	-	-	1630748701.000000	1631094301.000000
1631068952.259566	Fzvifj4BPuxJu4vn1k	sha1	13E976D98A217E47F5049E8ECB483E07E1898DEA	426D572D4F1F267774A62764F680FA8F4868FE7C	01647F82CD631651981795FD888FE9EF	good	-	-	1631041200.000000	1631084400.000000
1631069001.495453	Fv2t4w17zxuM1bX8a1	sha1	105FA67A80089DB5279F35CE830B43889EA3C70D	0F80611C823161D52F28E78D4638B42CE1C6D9E2	0D9E603CE238CC8D4E65E5855C9BC298	good	-	-	1630979461.000000	1631581561.000000
1631069002.046541	F2elj92d5neqDhLwtf	sha1	CF26F518FAC97E8F8CB342E01C2F6A109E8E5F0A	5168FF90AF0207753CCCD9656462A212B859723B	048E2444ED262E177C14183C12D56EE6	good	-	-	1631013662.000000	1631615762.000000
1631069002.119945	FOTAcA1VZZTQEPb6ze	sha1	105FA67A80089DB5279F35CE830B43889EA3C70D	0F80611C823161D52F28E78D4638B42CE1C6D9E2	03322995CF2B4157E3026407D3E66715	good	-	-	1630919701.000000	1631521801.000000
1631069002.248754	FY03qn1SNaBAbkHeKf	sha1	CF26F518FAC97E8F8CB342E01C2F6A109E8E5F0A	5168FF90AF0207753CCCD9656462A212B859723B	048E2444ED262E177C14183C12D56EE6	good	-	-	1631013662.000000	1631615762.000000
1631069003.505557	FVrCsO2wjfI3yVDVQ6	sha1	E4E395A229D3D4C1C31FF0980C0B4EC0098AABD8	B76BA2EAA8AA848C79EAB4DA0F98B2C59576B9F4	0E6283BEB1F7F9E30216AEBE086353F1	good	-	-	1630984142.000000	1631586242.000000
1631069003.802375	FuLSSmsSDDN5bJnDd	sha1	E4E395A229D3D4C1C31FF0980C0B4EC0098AABD8	B76BA2EAA8AA848C79EAB4DA0F98B2C59576B9F4	0C08E1AF6687B29BE91CB4F0E7D7A838	good	-	-	1631056862.000000	1631658962.000000
1631069004.251632	FAA92A1KE8WOLvtqv8	sha1	E4E395A229D3D4C1C31FF0980C0B4EC0098AABD8	B76BA2EAA8AA848C79EAB4DA0F98B2C59576B9F4	0C08E1AF6687B29BE91CB4F0E7D7A838	good	-	-	1631056862.000000	1631658962.000000
1631069016.445790	F1buGq4oI7sat9jft1	sha1	CF26F518FAC97E8F8CB342E01C2F6A109E8E5F0A	5168FF90AF0207753CCCD9656462A212B859723B	03AABECE8568D3DA57E1B79A5092CC86	good	-	-	1631008622.000000	1631610722.000000
1631069054.393999	Fw1xKx2IS6PvtauB56	sha1	A7C4B8B3DC5BB5581EA7D7F13AC569F56F48D789	748580C066C7DF37DECFBD2937AA031DBEEDCD17	07F25478BC4435B45056264985CB4644	good	-	-	1630947061.000000	1631549161.000000
1631069055.088188	FmHmmybxrIqtKGdze	sha1	105FA67A80089DB5279F35CE830B43889EA3C70D	0F80611C823161D52F28E78D4638B42CE1C6D9E2	06D3C1D3818C1A961970244000B25CA7	good	-	-	1630681382.000000	1631283482.000000
1631069076.417714	FAIGHo2el1CabJJCq5	sha1	52FECA108DB4E5AB5268930D27C82FF215E24BB5	00AB91FC216226979AA8791B61419060A96267FD	33001BA4A476CDBD4923A1EBDB0000001BA4A4	good	-	-	1630980849.000000	1631461812.000000
1631069076.453854	FT5HBN3Lvmf2T2jsDa	sha1	521EE36C478119A9CB03FAB74E57E1197AF1818B	B5760C3011CEC792424D4CC75C2CC8A90CE80B64	120015C2198C2B7D56CF852B6C00000015C219	good	-	-	1630900209.000000	1631245809.000000
1631069076.531040	FWIg654HmtVEIZ9bd7	sha1	521EE36C478119A9CB03FAB74E57E1197AF1818B	B5760C3011CEC792424D4CC75C2CC8A90CE80B64	6B0007583F25BE4C2465A6862900000007583F	good	-	-	1630809480.000000	1631155080.000000
1631069076.552214	FAGSei3OMQJsv2GAX3	sha1	105FA67A80089DB5279F35CE830B43889EA3C70D	0F80611C823161D52F28E78D4638B42CE1C6D9E2	03322995CF2B4157E3026407D3E66715	good	-	-	1630746902.000000	1631349002.000000
1631069077.427049	Fbo0Jf2kEDW9ruhAe	sha1	52FECA108DB4E5AB5268930D27C82FF215E24BB5	00AB91FC216226979AA8791B61419060A96267FD	33001BA4A476CDBD4923A1EBDB0000001BA4A4	good	-	-	1630880049.000000	1631289013.000000
1631069078.286650	FpoQOWaVcvJaBFvn5	sha1	105FA67A80089DB5279F35CE830B43889EA3C70D	0F80611C823161D52F28E78D4638B42CE1C6D9E2	0DEF386B27F6DBF73C143C07A1D2BD3D	good	-	-	1630894861.000000	1631496961.000000
1631069078.296141	FZb64QkSGqgdFtN2l	sha1	105FA67A80089DB5279F35CE830B43889EA3C70D	0F80611C823161D52F28E78D4638B42CE1C6D9E2	0DEF386B27F6DBF73C143C07A1D2BD3D	good	-	-	1630981260.000000	1631583360.000000
1631069078.324484	FDLhY9Qg4MRdqWu7k	sha1	52FECA108DB4E5AB5268930D27C82FF215E24BB5	00AB91FC216226979AA8791B61419060A96267FD	330016541344127E5D03BDA38F000000165413	good	-	-	1630865649.000000	1631289013.000000
1631069078.355764	FMCW8GIzWrTEQpWNi	sha1	52FECA108DB4E5AB5268930D27C82FF215E24BB5	00AB91FC216226979AA8791B61419060A96267FD	330016541344127E5D03BDA38F000000165413	good	-	-	1630865649.000000	1631289013.000000
1631069078.543672	FA3DJ54cDyTKMbdh7c	sha1	A303C0A8887BD479C4278EB5D7587D3C12C04DA4	FF2F7FE106F438F32DED258D98C2FE0EF66CFCFA	7F0012E261129541195FAC1A6000000012E261	good	-	-	1630862503.000000	1631208103.000000
1631069078.570175	FnGBzS3aMCQq5JMeIj	sha1	7239BDE83E9709DD71D98312427F1FAE65B0BF6C	C7B29C7F1CE3B85AEFE9681AA85D94C126526A68	330018D19B3D561935EF1FC4FF00000018D19B	good	-	-	1630876174.000000	1631289016.000000
1631069196.802044	F59cKo2W22LE34bQQ	sha1	12D78B402C356206FA827F8ED8922411B4ACF504	A5CE37EAEBB0750E946788B445FAD9241087961F	0A80BB36137CFBE8902D8F39D42593DA	good	-	-	1630961821.000000	1631563921.000000
1631069197.431343	Fx4CASa56pn6Awyj	sha1	12D78B402C356206FA827F8ED8922411B4ACF504	A5CE37EAEBB0750E946788B445FAD9241087961F	0A80BB36137CFBE8902D8F39D42593DA	good	-	-	1630961821.000000	1631563921.000000
1631069197.436519	FGv3R5HJYNyG8ru8b	sha1	12D78B402C356206FA827F8ED8922411B4ACF504	A5CE37EAEBB0750E946788B445FAD9241087961F	0A80BB36137CFBE8902D8F39D42593DA	good	-	-	1630961821.000000	1631563921.000000
1631069201.664823	FSJRqB4omoB5xSG5Z4	sha1	2B1D1E98CCF37604D6C1C8BD15A224C804130038	0ABC0829178CA5396D7A0ECE33C72EB3EDFBC37A	0A8CDE5EB05E0A560594FD3440810D32	good	-	-	1631048221.000000	1631650321.000000
1631069260.142771	FsTE282kVH9X9g4Nm7	sha1	E4E395A229D3D4C1C31FF0980C0B4EC0098AABD8	B76BA2EAA8AA848C79EAB4DA0F98B2C59576B9F4	04CC0014653667D8E633EF62F1D4B493	good	-	-	1630669502.000000	1631271602.000000
1631069261.423411	FXPFwa1I9rqLZ9Pxkh	sha1	777A7BA877D6F10F1CE9202196FB6B1A6E37F5ED	9058FFB09C75A8515477B1EDF2A34316389E6CC5	08F337125C72AD06EFE5F8DE252C21A5	good	-	-	1630780022.000000	1631382122.000000
1631069261.567659	Flx4ix12G6kuiz2lVa	sha1	2B1D1E98CCF37604D6C1C8BD15A224C804130038	0ABC0829178CA5396D7A0ECE33C72EB3EDFBC37A	0A8CDE5EB05E0A560594FD3440810D32	good	-	-	1631048221.000000	1631650321.000000
1631069272.687729	FmvajUbhQes3iBIj4	sha1	105FA67A80089DB5279F35CE830B43889EA3C70D	0F80611C823161D52F28E78D4638B42CE1C6D9E2	0B4ED6CBCE793A43D9B713DF0AFF247A	good	-	-	1630620540.000000	1631222640.000000
1631069273.048201	FBfiCA2kgZUIuj1tq2	sha1	105FA67A80089DB5279F35CE830B43889EA3C70D	0F80611C823161D52F28E78D4638B42CE1C6D9E2	0CD9042F9ED170BFD8A72325987F600D	good	-	-	1630715941.000000	1631318041.000000
1631069273.262218	FQCvv21mtgRbU7hDm4	sha1	105FA67A80089DB5279F35CE830B43889EA3C70D	0F80611C823161D52F28E78D4638B42CE1C6D9E2	0496A22DB8EF5C9F06DC02715B25568F	good	-	-	1630754821.000000	1631356921.000000
1631069275.988289	FpLhg142R3C8kBt7f	sha1	105FA67A80089DB5279F35CE830B43889EA3C70D	0F80611C823161D52F28E78D4638B42CE1C6D9E2	081D807F662BC21E319C2609686EE61A	good	-	-	1630602180.000000	1631204280.000000
1631069276.077124	Fkw9rW1RI8fBwRTFGa	sha1	105FA67A80089DB5279F35CE830B43889EA3C70D	0F80611C823161D52F28E78D4638B42CE1C6D9E2	081D807F662BC21E319C2609686EE61A	good	-	-	1630602180.000000	1631204280.000000
1631069276.266344	FoILHD2kfftPveN4G5	sha1	105FA67A80089DB5279F35CE830B43889EA3C70D	0F80611C823161D52F28E78D4638B42CE1C6D9E2	0496A22DB8EF5C9F06DC02715B25568F	good	-	-	1630841221.000000	1631443321.000000
1631069304.937473	FoLLQV11DmwRBz33qc	sha1	A303C0A8887BD479C4278EB5D7587D3C12C04DA4	FF2F7FE106F438F32DED258D98C2FE0EF66CFCFA	7F0012E261129541195FAC1A6000000012E261	good	-	-	1631030694.000000	1631376294.000000
1631069304.943954	FIOmvh3UqbXph6COFi	sha1	A7C4B8B3DC5BB5581EA7D7F13AC569F56F48D789	748580C066C7DF37DECFBD2937AA031DBEEDCD17	07F25478BC4435B45056264985CB4644	good	-	-	1630947061.000000	1631549161.000000
1631069304.987355	FP7Zur1RtXLpQCQGof	sha1	A303C0A8887BD479C4278EB5D7587D3C12C04DA4	FF2F7FE106F438F32DED258D98C2FE0EF66CFCFA	7F0012E261129541195FAC1A6000000012E261	good	-	-	1630949646.000000	1631295246.000000
1631069305.024129	FQHLr53B0awzufFkua	sha1	A7C4B8B3DC5BB5581EA7D7F13AC569F56F48D789	748580C066C7DF37DECFBD2937AA031DBEEDCD17	07F25478BC4435B45056264985CB4644	good	-	-	1630947061.000000	1631549161.000000
1631069305.983632	FvLc422STtmeC1twpb	sha1	105FA67A80089DB5279F35CE830B43889EA3C70D	0F80611C823161D52F28E78D4638B42CE1C6D9E2	06D3C1D3818C1A961970244000B25CA7	good	-	-	1630681382.000000	1631283482.000000
1631069305.987496	FRYmzV3xLFsiBpWcP5	sha1	105FA67A80089DB5279F35CE830B43889EA3C70D	0F80611C823161D52F28E78D4638B42CE1C6D9E2	06D3C1D3818C1A961970244000B25CA7	good	-	-	1630681382.000000	1631283482.000000
1631069306.815537	F9Wp6P1XZLPEacu6Bl	sha1	430BD20E4F137A1A6C918F24E5DA7E324D4733C8	8D8C5EC454AD8AE177E99BF99B05E1B8018D61E1	96A82D3F67C8B851B6D9993316BCA72E	good	-	-	1630994708.000000	1631599508.000000
1631069306.818947	F6QGan3AUSgeyoeY56	sha1	430BD20E4F137A1A6C918F24E5DA7E324D4733C8	8D8C5EC454AD8AE177E99BF99B05E1B8018D61E1	7C3C8843C47EC2D3B90520D8A8B0ADC4	good	-	-	1630923523.000000	1631528323.000000
1631069315.795502	FolSKY50I6wumSuO1	sha1	A303C0A8887BD479C4278EB5D7587D3C12C04DA4	FF2F7FE106F438F32DED258D98C2FE0EF66CFCFA	7F0012E261129541195FAC1A6000000012E261	good	-	-	1631034963.000000	1631380563.000000
1631069315.799033	FoAsq1qnBkODa5rvd	sha1	E4E395A229D3D4C1C31FF0980C0B4EC0098AABD8	B76BA2EAA8AA848C79EAB4DA0F98B2C59576B9F4	04CC0014653667D8E633EF62F1D4B493	good	-	-	1630669502.000000	1631271602.000000
1631069315.808668	FTShDh2cgV7O2PQlkc	sha1	105FA67A80089DB5279F35CE830B43889EA3C70D	0F80611C823161D52F28E78D4638B42CE1C6D9E2	0CD9042F9ED170BFD8A72325987F600D	good	-	-	1630715941.000000	1631318041.000000
1631069315.873826	FzMvkq4T5hSEruTl9l	sha1	E4E395A229D3D4C1C31FF0980C0B4EC0098AABD8	B76BA2EAA8AA848C79EAB4DA0F98B2C59576B9F4	04CC0014653667D8E633EF62F1D4B493	good	-	-	1630669502.000000	1631271602.000000
1631069315.884316	Fz1ZqC1BzrMdMkwVBa	sha1	A303C0A8887BD479C4278EB5D7587D3C12C04DA4	FF2F7FE106F438F32DED258D98C2FE0EF66CFCFA	7F0012E261129541195FAC1A6000000012E261	good	-	-	1630819246.000000	1631164846.000000
1631069350.092589	Fi4dET2zkUXgFFhSui	sha1	13E976D98A217E47F5049E8ECB483E07E1898DEA	426D572D4F1F267774A62764F680FA8F4868FE7C	01EBE6289E725E33D25B166CE91C8A67	good	-	-	1631030400.000000	1631073600.000000
1631069351.991079	FDQKGi2pqCysiM3Ml4	sha1	48DAC9A0FB2BD32D4FF0DE68D2F567B735F9B3C4	142EB317B75856CBAE500940E61FAF9D8B14C2C6	045498054AD8C72FB93287D82449573ED615	good	-	-	1630548000.000000	1631152800.000000
1631069356.549824	FKVBCI1Cm6UgAnognh	sha1	430BD20E4F137A1A6C918F24E5DA7E324D4733C8	8D8C5EC454AD8AE177E99BF99B05E1B8018D61E1	7C3C8843C47EC2D3B90520D8A8B0ADC4	good	-	-	1630923523.000000	1631528323.000000
1631069367.981729	FoLx763OhtGAhwarf4	sha1	105FA67A80089DB5279F35CE830B43889EA3C70D	0F80611C823161D52F28E78D4638B42CE1C6D9E2	0496A22DB8EF5C9F06DC02715B25568F	good	-	-	1630582020.000000	1631184120.000000
1631069369.758771	F3gX1h3x08MnLDQJl6	sha1	105FA67A80089DB5279F35CE830B43889EA3C70D	0F80611C823161D52F28E78D4638B42CE1C6D9E2	0496A22DB8EF5C9F06DC02715B25568F	good	-	-	1630841221.000000	1631443321.000000
1631069369.776717	FMenKuCK5a5z3Nurb	sha1	105FA67A80089DB5279F35CE830B43889EA3C70D	0F80611C823161D52F28E78D4638B42CE1C6D9E2	0496A22DB8EF5C9F06DC02715B25568F	good	-	-	1630841221.000000	1631443321.000000
1631069375.530500	FRRtuc4SO45K8XbOFl	sha1	13E976D98A217E47F5049E8ECB483E07E1898DEA	426D572D4F1F267774A62764F680FA8F4868FE7C	01E45E65AD94ECD72355EDED130B14AA	good	-	-	1631037600.000000	1631080800.000000
1631069376.450208	FE2n6W18t6zSbkC7b3	sha1	13E976D98A217E47F5049E8ECB483E07E1898DEA	426D572D4F1F267774A62764F680FA8F4868FE7C	016AE92915C453508299A26A5FCD5664	good	-	-	1631030400.000000	1631073600.000000
1631069383.494970	FHUDcs4UGitXdwXvE4	sha1	105FA67A80089DB5279F35CE830B43889EA3C70D	0F80611C823161D52F28E78D4638B42CE1C6D9E2	0496A22DB8EF5C9F06DC02715B25568F	good	-	-	1630754821.000000	1631356921.000000
1631069432.022962	FyGuHn2RNsN2o3MPPc	sha1	105FA67A80089DB5279F35CE830B43889EA3C70D	0F80611C823161D52F28E78D4638B42CE1C6D9E2	03322995CF2B4157E3026407D3E66715	good	-	-	1630833301.000000	1631435401.000000
1631069432.031813	FRW8OX3wDlmbRlRaqe	sha1	105FA67A80089DB5279F35CE830B43889EA3C70D	0F80611C823161D52F28E78D4638B42CE1C6D9E2	03322995CF2B4157E3026407D3E66715	good	-	-	1630833301.000000	1631435401.000000
1631069432.031813	FWZCd213jfdGHAgCg6	sha1	105FA67A80089DB5279F35CE830B43889EA3C70D	0F80611C823161D52F28E78D4638B42CE1C6D9E2	03322995CF2B4157E3026407D3E66715	good	-	-	1630833301.000000	1631435401.000000
1631069432.032383	FQrBL648pF2WCzsF55	sha1	105FA67A80089DB5279F35CE830B43889EA3C70D	0F80611C823161D52F28E78D4638B42CE1C6D9E2	03322995CF2B4157E3026407D3E66715	good	-	-	1630833301.000000	1631435401.000000
1631069432.035314	FWCUsa4oapXLTijRIf	sha1	105FA67A80089DB5279F35CE830B43889EA3C70D	0F80611C823161D52F28E78D4638B42CE1C6D9E2	03322995CF2B4157E3026407D3E66715	good	-	-	1630833301.000000	1631435401.000000
1631069432.045254	FukSbc2APnQwUxRTq	sha1	105FA67A80089DB5279F35CE830B43889EA3C70D	0F80611C823161D52F28E78D4638B42CE1C6D9E2	03322995CF2B4157E3026407D3E66715	good	-	-	1630833301.000000	1631435401.000000
1631069465.933271	FDNZym28iPpNz3M1W7	sha1	A303C0A8887BD479C4278EB5D7587D3C12C04DA4	FF2F7FE106F438F32DED258D98C2FE0EF66CFCFA	7F0000EEB7AD0BD49427B0A2CA00000000EEB7	good	-	-	1631014888.000000	1631360488.000000
1631069477.054504	FDX3okdtyBtkwcGf9	sha1	430BD20E4F137A1A6C918F24E5DA7E324D4733C8	8D8C5EC454AD8AE177E99BF99B05E1B8018D61E1	B947803967139F666A54B56C27B852B5	good	-	-	1630508928.000000	1631113728.000000
1631069477.596155	FDOl05t4hgVjpUOC2	sha1	430BD20E4F137A1A6C918F24E5DA7E324D4733C8	8D8C5EC454AD8AE177E99BF99B05E1B8018D61E1	B947803967139F666A54B56C27B852B5	good	-	-	1630508928.000000	1631113728.000000
1631069484.699438	Fy4puh4F2Ay9JcWf5i	sha1	A303C0A8887BD479C4278EB5D7587D3C12C04DA4	FF2F7FE106F438F32DED258D98C2FE0EF66CFCFA	7F0012E261129541195FAC1A6000000012E261	good	-	-	1631030694.000000	1631376294.000000
1631069484.720468	FyJxhE3fyPEar5Woek	sha1	13E976D98A217E47F5049E8ECB483E07E1898DEA	426D572D4F1F267774A62764F680FA8F4868FE7C	01647F82CD631651981795FD888FE9EF	good	-	-	1631041200.000000	1631084400.000000
1631069497.484332	F3xHUT2tOmwhWuNTck	sha1	3A1979741DCF77D3D6572B57CAFFF6F62B1D5A3A	EE9A2E46F0C2DA3C5CC78CD6A47598DEA8190A65	03A39635EA6B8A1F5CBD955581E64937	good	-	-	1631008622.000000	1631610722.000000
1631069499.316646	F9GxFE15hkSWZX3cL9	sha1	E4E395A229D3D4C1C31FF0980C0B4EC0098AABD8	B76BA2EAA8AA848C79EAB4DA0F98B2C59576B9F4	029697701C5ECE4EA93942E8AE5A73D6	good	-	-	1630484101.000000	1631086201.000000
1631069499.329937	F5NzEV1x3Fg7Hy1wg4	sha1	E4E395A229D3D4C1C31FF0980C0B4EC0098AABD8	B76BA2EAA8AA848C79EAB4DA0F98B2C59576B9F4	029697701C5ECE4EA93942E8AE5A73D6	good	-	-	1630484101.000000	1631086201.000000
1631069500.361929	Fj3PbVBjGGqF9eQf7	sha1	777A7BA877D6F10F1CE9202196FB6B1A6E37F5ED	9058FFB09C75A8515477B1EDF2A34316389E6CC5	08F337125C72AD06EFE5F8DE252C21A5	good	-	-	1630780022.000000	1631382122.000000
1631069503.380326	F7VGPL3XYc3RXVOh0b	sha1	A303C0A8887BD479C4278EB5D7587D3C12C04DA4	FF2F7FE106F438F32DED258D98C2FE0EF66CFCFA	7F0012E261129541195FAC1A6000000012E261	good	-	-	1630819246.000000	1631164846.000000
1631069503.463325	FddL623tFtixmKhFz3	sha1	A303C0A8887BD479C4278EB5D7587D3C12C04DA4	FF2F7FE106F438F32DED258D98C2FE0EF66CFCFA	7F0012E261129541195FAC1A6000000012E261	good	-	-	1631019890.000000	1631365490.000000
1631069504.663297	FuUpy13R4HYFAgQnTk	sha1	C9587E3D1E4FBCCF606DB3491D43CA0E4227D983	6118B35D68D49ED92FEB515C03B70A40C6EE6DB4	01E94C20183C0FB7C495FC258A039566	good	-	-	1631034000.000000	1631077200.000000
1631069504.676304	FnXvhN1hDTsio6EQ5l	sha1	777A7BA877D6F10F1CE9202196FB6B1A6E37F5ED	9058FFB09C75A8515477B1EDF2A34316389E6CC5	08F337125C72AD06EFE5F8DE252C21A5	good	-	-	1630607221.000000	1631209321.000000
1631069504.734546	FaHYKi4wB5tfzv0pA9	sha1	C9587E3D1E4FBCCF606DB3491D43CA0E4227D983	6118B35D68D49ED92FEB515C03B70A40C6EE6DB4	01E94C20183C0FB7C495FC258A039566	good	-	-	1631034000.000000	1631077200.000000
1631069504.739434	Fgtm3m1e7yBhmw5PR4	sha1	777A7BA877D6F10F1CE9202196FB6B1A6E37F5ED	9058FFB09C75A8515477B1EDF2A34316389E6CC5	08F337125C72AD06EFE5F8DE252C21A5	good	-	-	1630607221.000000	1631209321.000000
1631069505.420882	F6tZHO3pkCV7KGart2	sha1	777A7BA877D6F10F1CE9202196FB6B1A6E37F5ED	9058FFB09C75A8515477B1EDF2A34316389E6CC5	08F337125C72AD06EFE5F8DE252C21A5	good	-	-	1630780022.000000	1631382122.000000
1631069505.698518	FBsTyOn6r7D1T0xtf	sha1	48DAC9A0FB2BD32D4FF0DE68D2F567B735F9B3C4	142EB317B75856CBAE500940E61FAF9D8B14C2C6	038A1F8CDCF89B8FC1A9D62D2FCBD6EBE2E2	good	-	-	1630699200.000000	1631304000.000000
1631069505.778719	FIka0l4uKzqZyTCPHf	sha1	CF26F518FAC97E8F8CB342E01C2F6A109E8E5F0A	5168FF90AF0207753CCCD9656462A212B859723B	03AABECE8568D3DA57E1B79A5092CC86	good	-	-	1631008622.000000	1631610722.000000
1631069505.843009	FZ5VH33oIvwvHrS0qf	sha1	33F5AAC61D66E7055D03173A4D1F3E187138850D	59A4660652A07B95923CA394072796745BF93DD0	01294940BC289C4E45392A0373D8B146	good	-	-	1630994222.000000	1631596322.000000
1631069506.630428	FMT6Tq1RbtZXNBwcDb	sha1	105FA67A80089DB5279F35CE830B43889EA3C70D	0F80611C823161D52F28E78D4638B42CE1C6D9E2	0B4ED6CBCE793A43D9B713DF0AFF247A	good	-	-	1630879740.000000	1631481840.000000
1631069521.960071	FOLjED2QwzhNArWbsh	sha1	13E976D98A217E47F5049E8ECB483E07E1898DEA	426D572D4F1F267774A62764F680FA8F4868FE7C	01A8E34BF936AFA620D346FA2AD411C3	good	-	-	1631034000.000000	1631077200.000000
1631069522.129845	FX3hzr32fkD2bMi7b8	sha1	13E976D98A217E47F5049E8ECB483E07E1898DEA	426D572D4F1F267774A62764F680FA8F4868FE7C	01A8E34BF936AFA620D346FA2AD411C3	good	-	-	1631034000.000000	1631077200.000000
1631069522.167825	FKe0FP2FdYYRuXcBnj	sha1	13E976D98A217E47F5049E8ECB483E07E1898DEA	426D572D4F1F267774A62764F680FA8F4868FE7C	01A8E34BF936AFA620D346FA2AD411C3	good	-	-	1631034000.000000	1631077200.000000
1631069525.366608	FsCIwQSKcBDVkNykl	sha1	3A1979741DCF77D3D6572B57CAFFF6F62B1D5A3A	EE9A2E46F0C2DA3C5CC78CD6A47598DEA8190A65	03A39635EA6B8A1F5CBD955581E64937	good	-	-	1631008622.000000	1631610722.000000
1631069525.420175	FugLkn4gxHxA8KMh3k	sha1	3A1979741DCF77D3D6572B57CAFFF6F62B1D5A3A	EE9A2E46F0C2DA3C5CC78CD6A47598DEA8190A65	03A39635EA6B8A1F5CBD955581E64937	good	-	-	1631008622.000000	1631610722.000000
1631069525.454331	FeO0qm3d18S6Maa224	sha1	777A7BA877D6F10F1CE9202196FB6B1A6E37F5ED	9058FFB09C75A8515477B1EDF2A34316389E6CC5	08F337125C72AD06EFE5F8DE252C21A5	good	-	-	1630780022.000000	1631382122.000000
1631069526.733160	FfOP1m4kkdlHUMnzB7	sha1	A7C4B8B3DC5BB5581EA7D7F13AC569F56F48D789	748580C066C7DF37DECFBD2937AA031DBEEDCD17	07F25478BC4435B45056264985CB4644	good	-	-	1630947061.000000	1631549161.000000
1631069528.047738	FheOrv2wwkqwfI13e8	sha1	33F5AAC61D66E7055D03173A4D1F3E187138850D	59A4660652A07B95923CA394072796745BF93DD0	0C46B1BAEA6D00990C71EEA09E06EA51	good	-	-	1631058302.000000	1631660402.000000
1631069528.202582	F81dmqfe6Pyug5un1	sha1	33F5AAC61D66E7055D03173A4D1F3E187138850D	59A4660652A07B95923CA394072796745BF93DD0	0C46B1BAEA6D00990C71EEA09E06EA51	good	-	-	1630971900.000000	1631574000.000000
1631069529.364036	Fmkdg6XjlCdDqZpr3	sha1	105FA67A80089DB5279F35CE830B43889EA3C70D	0F80611C823161D52F28E78D4638B42CE1C6D9E2	0CDA449DBDFB262E57C87F58BE404F98	good	-	-	1631061541.000000	1631663641.000000
1631069529.601846	FCguctXTZ20Y7jqp	sha1	105FA67A80089DB5279F35CE830B43889EA3C70D	0F80611C823161D52F28E78D4638B42CE1C6D9E2	0CDA449DBDFB262E57C87F58BE404F98	good	-	-	1631061541.000000	1631663641.000000
1631069531.215303	F8fKTz25o3rEKU3WAa	sha1	33F5AAC61D66E7055D03173A4D1F3E187138850D	59A4660652A07B95923CA394072796745BF93DD0	0C46B1BAEA6D00990C71EEA09E06EA51	good	-	-	1630971900.000000	1631574000.000000
1631069531.223350	F5hHPN3e1I3FMH5osa	sha1	105FA67A80089DB5279F35CE830B43889EA3C70D	0F80611C823161D52F28E78D4638B42CE1C6D9E2	0CDA449DBDFB262E57C87F58BE404F98	good	-	-	1630975140.000000	1631577240.000000
1631069531.235928	FyaYVz3GGXyZfMzhha	sha1	105FA67A80089DB5279F35CE830B43889EA3C70D	0F80611C823161D52F28E78D4638B42CE1C6D9E2	0CDA449DBDFB262E57C87F58BE404F98	good	-	-	1631061541.000000	1631663641.000000
1631069531.468591	FNmUbl3h81co5AFRVk	sha1	E4E395A229D3D4C1C31FF0980C0B4EC0098AABD8	B76BA2EAA8AA848C79EAB4DA0F98B2C59576B9F4	0E6283BEB1F7F9E30216AEBE086353F1	good	-	-	1630984142.000000	1631586242.000000
1631069531.500500	FFKGL532HUVV0pKSM2	sha1	E4E395A229D3D4C1C31FF0980C0B4EC0098AABD8	B76BA2EAA8AA848C79EAB4DA0F98B2C59576B9F4	0E6283BEB1F7F9E30216AEBE086353F1	good	-	-	1630984142.000000	1631586242.000000
1631069531.543450	Fpgh0S3eruQphJoto8	sha1	33F5AAC61D66E7055D03173A4D1F3E187138850D	59A4660652A07B95923CA394072796745BF93DD0	0C46B1BAEA6D00990C71EEA09E06EA51	good	-	-	1631058302.000000	1631660402.000000
1631069532.533616	Fmf0gL39NZM15Zvk62	sha1	E4E395A229D3D4C1C31FF0980C0B4EC0098AABD8	B76BA2EAA8AA848C79EAB4DA0F98B2C59576B9F4	0C08E1AF6687B29BE91CB4F0E7D7A838	good	-	-	1631056862.000000	1631658962.000000
1631069532.971218	FUMibebIwaoIFavic	sha1	E4E395A229D3D4C1C31FF0980C0B4EC0098AABD8	B76BA2EAA8AA848C79EAB4DA0F98B2C59576B9F4	0C08E1AF6687B29BE91CB4F0E7D7A838	good	-	-	1631056862.000000	1631658962.000000
1631069533.675140	FrKe49ODHRv48mxkg	sha1	105FA67A80089DB5279F35CE830B43889EA3C70D	0F80611C823161D52F28E78D4638B42CE1C6D9E2	05AA1EF4F2A875E6A301E3EE984DE7EB	good	-	-	1630588140.000000	1631190240.000000
1631069533.679385	FpJcJT2c0T00yAN2Ua	sha1	105FA67A80089DB5279F35CE830B43889EA3C70D	0F80611C823161D52F28E78D4638B42CE1C6D9E2	05AA1EF4F2A875E6A301E3EE984DE7EB	good	-	-	1630588140.000000	1631190240.000000
1631069534.198490	FtfGxN3O6cNPwLuL8j	sha1	777A7BA877D6F10F1CE9202196FB6B1A6E37F5ED	9058FFB09C75A8515477B1EDF2A34316389E6CC5	08F337125C72AD06EFE5F8DE252C21A5	good	-	-	1630780022.000000	1631382122.000000
1631069535.220127	FR70Ut3f7OxhVisTMi	sha1	CF26F518FAC97E8F8CB342E01C2F6A109E8E5F0A	5168FF90AF0207753CCCD9656462A212B859723B	03AABECE8568D3DA57E1B79A5092CC86	good	-	-	1631008622.000000	1631610722.000000
1631069535.247702	Fpkd5p21LKh8uFWzr7	sha1	33F5AAC61D66E7055D03173A4D1F3E187138850D	59A4660652A07B95923CA394072796745BF93DD0	01294940BC289C4E45392A0373D8B146	good	-	-	1630994222.000000	1631596322.000000
1631069536.351678	Fzv4M32I5S7glBtzOl	sha1	3A1979741DCF77D3D6572B57CAFFF6F62B1D5A3A	EE9A2E46F0C2DA3C5CC78CD6A47598DEA8190A65	03A39635EA6B8A1F5CBD955581E64937	good	-	-	1631008622.000000	1631610722.000000
1631069536.520339	F0Kycf3uGkzzW0ycn5	sha1	3A1979741DCF77D3D6572B57CAFFF6F62B1D5A3A	EE9A2E46F0C2DA3C5CC78CD6A47598DEA8190A65	03A39635EA6B8A1F5CBD955581E64937	good	-	-	1631008622.000000	1631610722.000000
1631069536.677217	Fx1zVz4HC7sTWP7V14	sha1	3A1979741DCF77D3D6572B57CAFFF6F62B1D5A3A	EE9A2E46F0C2DA3C5CC78CD6A47598DEA8190A65	03A39635EA6B8A1F5CBD955581E64937	good	-	-	1631008622.000000	1631610722.000000
1631069536.746875	F3GXmC1yraGpKi4Pwh	sha1	3A1979741DCF77D3D6572B57CAFFF6F62B1D5A3A	EE9A2E46F0C2DA3C5CC78CD6A47598DEA8190A65	03A39635EA6B8A1F5CBD955581E64937	good	-	-	1631008622.000000	1631610722.000000
1631069537.642843	FXPRnu1Gin8TIzgjba	sha1	48DAC9A0FB2BD32D4FF0DE68D2F567B735F9B3C4	142EB317B75856CBAE500940E61FAF9D8B14C2C6	038A1F8CDCF89B8FC1A9D62D2FCBD6EBE2E2	good	-	-	1630699200.000000	1631304000.000000
1631069538.047732	FmXtLmHBeH8GU2Zbd	sha1	777A7BA877D6F10F1CE9202196FB6B1A6E37F5ED	9058FFB09C75A8515477B1EDF2A34316389E6CC5	08F337125C72AD06EFE5F8DE252C21A5	good	-	-	1630693621.000000	1631295721.000000
1631069539.244839	FuecO3226w5mEp6Goj	sha1	105FA67A80089DB5279F35CE830B43889EA3C70D	0F80611C823161D52F28E78D4638B42CE1C6D9E2	05AA1EF4F2A875E6A301E3EE984DE7EB	good	-	-	1630588140.000000	1631190240.000000
1631069539.590826	F0YI8K3FTt8GV4wcz1	sha1	105FA67A80089DB5279F35CE830B43889EA3C70D	0F80611C823161D52F28E78D4638B42CE1C6D9E2	05AA1EF4F2A875E6A301E3EE984DE7EB	good	-	-	1630588140.000000	1631190240.000000
1631069539.594842	FWYG4U3u2XA0FYhFJj	sha1	105FA67A80089DB5279F35CE830B43889EA3C70D	0F80611C823161D52F28E78D4638B42CE1C6D9E2	05AA1EF4F2A875E6A301E3EE984DE7EB	good	-	-	1630588140.000000	1631190240.000000
1631069539.599975	FqgMap1XXTI46aSprk	sha1	105FA67A80089DB5279F35CE830B43889EA3C70D	0F80611C823161D52F28E78D4638B42CE1C6D9E2	05AA1EF4F2A875E6A301E3EE984DE7EB	good	-	-	1630588140.000000	1631190240.000000
1631069539.608595	F7aa1x4KfnMx7d8Bdf	sha1	105FA67A80089DB5279F35CE830B43889EA3C70D	0F80611C823161D52F28E78D4638B42CE1C6D9E2	05AA1EF4F2A875E6A301E3EE984DE7EB	good	-	-	1630588140.000000	1631190240.000000
1631069539.608595	Fvk3Pl1j0kFcfmp6lj	sha1	105FA67A80089DB5279F35CE830B43889EA3C70D	0F80611C823161D52F28E78D4638B42CE1C6D9E2	05AA1EF4F2A875E6A301E3EE984DE7EB	good	-	-	1630588140.000000	1631190240.000000
1631069539.608595	FirhsnHLOcSIspPte	sha1	105FA67A80089DB5279F35CE830B43889EA3C70D	0F80611C823161D52F28E78D4638B42CE1C6D9E2	05AA1EF4F2A875E6A301E3EE984DE7EB	good	-	-	1630588140.000000	1631190240.000000
1631069540.933774	FKGxYu2ZqHmqaSFtHg	sha1	CEA633847FA2C6D73E768EA031C03953C6868E0A	40096167F0BC83714FDE12082C6FD4D42B763D96	117261BDB2B8B0881BE9EA1D02F5873E	good	-	-	1630933096.000000	1631537896.000000
1631069552.715436	F7mfkj1vX9qdEFfKke	sha1	105FA67A80089DB5279F35CE830B43889EA3C70D	0F80611C823161D52F28E78D4638B42CE1C6D9E2	0B4ED6CBCE793A43D9B713DF0AFF247A	good	-	-	1630879740.000000	1631481840.000000
1631069552.929763	FbzeM82yZoHn59v0u5	sha1	105FA67A80089DB5279F35CE830B43889EA3C70D	0F80611C823161D52F28E78D4638B42CE1C6D9E2	0CD9042F9ED170BFD8A72325987F600D	good	-	-	1630715941.000000	1631318041.000000
1631069555.919862	FlrNjp4kFwHqAX2Sn5	sha1	105FA67A80089DB5279F35CE830B43889EA3C70D	0F80611C823161D52F28E78D4638B42CE1C6D9E2	081D807F662BC21E319C2609686EE61A	good	-	-	1630602180.000000	1631204280.000000
1631069555.921326	F6nGwD3JTS6pvKyfH8	sha1	105FA67A80089DB5279F35CE830B43889EA3C70D	0F80611C823161D52F28E78D4638B42CE1C6D9E2	0496A22DB8EF5C9F06DC02715B25568F	good	-	-	1630841221.000000	1631443321.000000
1631069556.631937	Fo88Bp1BsVb3nUBXqh	sha1	105FA67A80089DB5279F35CE830B43889EA3C70D	0F80611C823161D52F28E78D4638B42CE1C6D9E2	0496A22DB8EF5C9F06DC02715B25568F	good	-	-	1630841221.000000	1631443321.000000
1631069582.107552	FfARek3AFkYVY2Ue24	sha1	13E976D98A217E47F5049E8ECB483E07E1898DEA	426D572D4F1F267774A62764F680FA8F4868FE7C	01A5EFC7DB2BB051070248418B377AA1	good	-	-	1631044800.000000	1631088000.000000
1631069582.531000	FilQxO1dp2eunt1rKf	sha1	13E976D98A217E47F5049E8ECB483E07E1898DEA	426D572D4F1F267774A62764F680FA8F4868FE7C	01A5EFC7DB2BB051070248418B377AA1	good	-	-	1631044800.000000	1631088000.000000
1631069582.616862	FRcsnJgvZrBVTBC1	sha1	13E976D98A217E47F5049E8ECB483E07E1898DEA	426D572D4F1F267774A62764F680FA8F4868FE7C	01C7DE67A8B5B3240841758E1769576F	good	-	-	1631030400.000000	1631073600.000000
1631069582.787834	FJToJY2pG86QNEfLK9	sha1	13E976D98A217E47F5049E8ECB483E07E1898DEA	426D572D4F1F267774A62764F680FA8F4868FE7C	01A5EFC7DB2BB051070248418B377AA1	good	-	-	1631044800.000000	1631088000.000000
1631069582.787834	FKh5YnOBWRat5vaN5	sha1	13E976D98A217E47F5049E8ECB483E07E1898DEA	426D572D4F1F267774A62764F680FA8F4868FE7C	01A5EFC7DB2BB051070248418B377AA1	good	-	-	1631044800.000000	1631088000.000000
1631069583.188549	FuvKQtcExTtU7ho8	sha1	777A7BA877D6F10F1CE9202196FB6B1A6E37F5ED	9058FFB09C75A8515477B1EDF2A34316389E6CC5	08F337125C72AD06EFE5F8DE252C21A5	good	-	-	1630607221.000000	1631209321.000000
1631069584.395966	FpHmfv4bD6cFc0pFPa	sha1	48DAC9A0FB2BD32D4FF0DE68D2F567B735F9B3C4	142EB317B75856CBAE500940E61FAF9D8B14C2C6	0441A1F1F6934FF0D5619E5DF1F243922B94	good	-	-	1630630800.000000	1631235600.000000
1631069585.202560	FBxzNH6P6jUCPpXMg	sha1	3A1979741DCF77D3D6572B57CAFFF6F62B1D5A3A	EE9A2E46F0C2DA3C5CC78CD6A47598DEA8190A65	03A39635EA6B8A1F5CBD955581E64937	good	-	-	1631008622.000000	1631610722.000000
1631069585.247333	FXWooDdLV9MquGlkc	sha1	777A7BA877D6F10F1CE9202196FB6B1A6E37F5ED	9058FFB09C75A8515477B1EDF2A34316389E6CC5	08F337125C72AD06EFE5F8DE252C21A5	good	-	-	1630780022.000000	1631382122.000000
1631069587.344340	FmGVJIXh6GUwQbmR	sha1	3A1979741DCF77D3D6572B57CAFFF6F62B1D5A3A	EE9A2E46F0C2DA3C5CC78CD6A47598DEA8190A65	03A39635EA6B8A1F5CBD955581E64937	good	-	-	1631008622.000000	1631610722.000000
1631069590.847644	FWcMZbTuo1v19nG1j	sha1	13E976D98A217E47F5049E8ECB483E07E1898DEA	426D572D4F1F267774A62764F680FA8F4868FE7C	01CBE38D6D7FC6FC1334FCFBA82CF6A6	good	-	-	1631030400.000000	1631073600.000000
1631069653.571768	FrzXwy1oE0IT1MQlQe	sha1	48DAC9A0FB2BD32D4FF0DE68D2F567B735F9B3C4	142EB317B75856CBAE500940E61FAF9D8B14C2C6	04C3E4F3BE59DE09CE41D73975511EBAFAC8	good	-	-	1630717200.000000	1631322000.000000
1631069654.216932	FtBJ5t1dt17RT7q1C	sha1	105FA67A80089DB5279F35CE830B43889EA3C70D	0F80611C823161D52F28E78D4638B42CE1C6D9E2	0D9E603CE238CC8D4E65E5855C9BC298	good	-	-	1630893061.000000	1631495161.000000
1631069654.523312	Fca2VlzqrUgVZdia1	sha1	3A1979741DCF77D3D6572B57CAFFF6F62B1D5A3A	EE9A2E46F0C2DA3C5CC78CD6A47598DEA8190A65	03A39635EA6B8A1F5CBD955581E64937	good	-	-	1631008622.000000	1631610722.000000
1631069654.777612	FaLFaE4vTmsIZt8Cgk	sha1	48DAC9A0FB2BD32D4FF0DE68D2F567B735F9B3C4	142EB317B75856CBAE500940E61FAF9D8B14C2C6	047493FB7FA5422D3AB6874B2AC1F19700A4	good	-	-	1630717200.000000	1631322000.000000
1631069654.881725	FBberW3xbFjFqIezah	sha1	48DAC9A0FB2BD32D4FF0DE68D2F567B735F9B3C4	142EB317B75856CBAE500940E61FAF9D8B14C2C6	047493FB7FA5422D3AB6874B2AC1F19700A4	good	-	-	1630717200.000000	1631322000.000000
1631069655.592576	FoaaYb1JgbemBoeHad	sha1	3A1979741DCF77D3D6572B57CAFFF6F62B1D5A3A	EE9A2E46F0C2DA3C5CC78CD6A47598DEA8190A65	03A39635EA6B8A1F5CBD955581E64937	good	-	-	1631008622.000000	1631610722.000000
1631069655.865694	FToDlT3OXx6mp8YFSg	sha1	777A7BA877D6F10F1CE9202196FB6B1A6E37F5ED	9058FFB09C75A8515477B1EDF2A34316389E6CC5	08F337125C72AD06EFE5F8DE252C21A5	good	-	-	1631039221.000000	1631641321.000000
1631069657.032358	FKchz91fLKxjIEH96l	sha1	105FA67A80089DB5279F35CE830B43889EA3C70D	0F80611C823161D52F28E78D4638B42CE1C6D9E2	0D9E603CE238CC8D4E65E5855C9BC298	good	-	-	1630893061.000000	1631495161.000000
1631069657.039087	FdumJ52TYtp0ynkQB1	sha1	105FA67A80089DB5279F35CE830B43889EA3C70D	0F80611C823161D52F28E78D4638B42CE1C6D9E2	0D9E603CE238CC8D4E65E5855C9BC298	good	-	-	1630893061.000000	1631495161.000000
1631069657.146891	FkFYGo2r3VqJQi5Lr3	sha1	777A7BA877D6F10F1CE9202196FB6B1A6E37F5ED	9058FFB09C75A8515477B1EDF2A34316389E6CC5	08F337125C72AD06EFE5F8DE252C21A5	good	-	-	1630780022.000000	1631382122.000000
1631069657.148813	FsYmlbupB3ik0nCre	sha1	777A7BA877D6F10F1CE9202196FB6B1A6E37F5ED	9058FFB09C75A8515477B1EDF2A34316389E6CC5	067DEB7920C8C6FFE4FB0DB1BDD7CB55	good	-	-	1630679222.000000	1631281322.000000
1631069657.876394	FjQETr3vVWRnNvcjFb	sha1	777A7BA877D6F10F1CE9202196FB6B1A6E37F5ED	9058FFB09C75A8515477B1EDF2A34316389E6CC5	08F337125C72AD06EFE5F8DE252C21A5	good	-	-	1630780022.000000	1631382122.000000
1631069657.894154	FXxxlm4ZS3kM85gVHa	sha1	777A7BA877D6F10F1CE9202196FB6B1A6E37F5ED	9058FFB09C75A8515477B1EDF2A34316389E6CC5	08F337125C72AD06EFE5F8DE252C21A5	good	-	-	1630780022.000000	1631382122.000000
1631069658.067032	FmEc4e4K6rt4LwMUV5	sha1	C9587E3D1E4FBCCF606DB3491D43CA0E4227D983	6118B35D68D49ED92FEB515C03B70A40C6EE6DB4	01E94C20183C0FB7C495FC258A039566	good	-	-	1631034000.000000	1631077200.000000
1631069658.078641	Fpp3yT1NR0NTyhpH34	sha1	3A1979741DCF77D3D6572B57CAFFF6F62B1D5A3A	EE9A2E46F0C2DA3C5CC78CD6A47598DEA8190A65	03A39635EA6B8A1F5CBD955581E64937	good	-	-	1631008622.000000	1631610722.000000
1631069658.135507	FnFowk3gHhMMaHkRIk	sha1	3A1979741DCF77D3D6572B57CAFFF6F62B1D5A3A	EE9A2E46F0C2DA3C5CC78CD6A47598DEA8190A65	03A39635EA6B8A1F5CBD955581E64937	good	-	-	1631008622.000000	1631610722.000000
1631069658.141910	FlZFsBVBPR0MLGdR5	sha1	C9587E3D1E4FBCCF606DB3491D43CA0E4227D983	6118B35D68D49ED92FEB515C03B70A40C6EE6DB4	01E94C20183C0FB7C495FC258A039566	good	-	-	1631034000.000000	1631077200.000000
1631069658.342450	Fa5Q2P1GofPhfV19Ni	sha1	48DAC9A0FB2BD32D4FF0DE68D2F567B735F9B3C4	142EB317B75856CBAE500940E61FAF9D8B14C2C6	038A1F8CDCF89B8FC1A9D62D2FCBD6EBE2E2	good	-	-	1630699200.000000	1631304000.000000
1631069659.490615	FgWCSwrrR2B6fDDu2	sha1	430BD20E4F137A1A6C918F24E5DA7E324D4733C8	8D8C5EC454AD8AE177E99BF99B05E1B8018D61E1	C405951177135BC952A5522034EC63BF	good	-	-	1631014235.000000	1631619035.000000
1631069659.500968	FFxu3hfPVLRBd66W3	sha1	CF26F518FAC97E8F8CB342E01C2F6A109E8E5F0A	5168FF90AF0207753CCCD9656462A212B859723B	03AABECE8568D3DA57E1B79A5092CC86	good	-	-	1631008622.000000	1631610722.000000
1631069659.534493	FSa4w2Gy2k7dSCFgl	sha1	33F5AAC61D66E7055D03173A4D1F3E187138850D	59A4660652A07B95923CA394072796745BF93DD0	01294940BC289C4E45392A0373D8B146	good	-	-	1630994222.000000	1631596322.000000
1631069755.240786	FnnfME1Bh1l5aZHnG4	sha1	A303C0A8887BD479C4278EB5D7587D3C12C04DA4	FF2F7FE106F438F32DED258D98C2FE0EF66CFCFA	7F0012E261129541195FAC1A6000000012E261	good	-	-	1631041503.000000	1631387103.000000
1631069800.140160	Fn9XNJ3FUdr6Ata3L8	sha1	105FA67A80089DB5279F35CE830B43889EA3C70D	0F80611C823161D52F28E78D4638B42CE1C6D9E2	0883EA80A4049EC3734A74D7D1E68FD5	good	-	-	1631036702.000000	1631638802.000000
1631069800.141844	Feja6T3nfohDEIgoB3	sha1	105FA67A80089DB5279F35CE830B43889EA3C70D	0F80611C823161D52F28E78D4638B42CE1C6D9E2	0883EA80A4049EC3734A74D7D1E68FD5	good	-	-	1631036702.000000	1631638802.000000
1631069806.154474	FGcTu31W9WHYc7h82b	sha1	105FA67A80089DB5279F35CE830B43889EA3C70D	0F80611C823161D52F28E78D4638B42CE1C6D9E2	020AFDAC1EBC3EF93C19A80D0F38C4AC	good	-	-	1630999261.000000	1631601361.000000
1631069806.188338	FA0Oot3uucj8Vpuco	sha1	105FA67A80089DB5279F35CE830B43889EA3C70D	0F80611C823161D52F28E78D4638B42CE1C6D9E2	020AFDAC1EBC3EF93C19A80D0F38C4AC	good	-	-	1630999261.000000	1631601361.000000
1631069843.740043	FI0GVq3TtMVIegJDNc	sha1	12D78B402C356206FA827F8ED8922411B4ACF504	A5CE37EAEBB0750E946788B445FAD9241087961F	041907ADC6CC35523EDD10AFC33B6876	good	-	-	1630838341.000000	1631440441.000000
1631069844.628915	F2mejQ1lHqmC2G5mb	sha1	E4E395A229D3D4C1C31FF0980C0B4EC0098AABD8	B76BA2EAA8AA848C79EAB4DA0F98B2C59576B9F4	04CC0014653667D8E633EF62F1D4B493	good	-	-	1630669502.000000	1631271602.000000
1631069844.632293	Fbz8fsIcQWHq6Ap6i	sha1	A303C0A8887BD479C4278EB5D7587D3C12C04DA4	FF2F7FE106F438F32DED258D98C2FE0EF66CFCFA	7F0012E261129541195FAC1A6000000012E261	good	-	-	1630748701.000000	1631094301.000000
1631069872.270002	F3Yxjh1F4HT27Yrm94	sha1	E4E395A229D3D4C1C31FF0980C0B4EC0098AABD8	B76BA2EAA8AA848C79EAB4DA0F98B2C59576B9F4	0DB448FC447221E249CECF337A081A3B	good	-	-	1630893781.000000	1631495881.000000
1631069872.271067	FGo8a24kVrv9DMNN4f	sha1	E4E395A229D3D4C1C31FF0980C0B4EC0098AABD8	B76BA2EAA8AA848C79EAB4DA0F98B2C59576B9F4	0DB448FC447221E249CECF337A081A3B	good	-	-	1630893781.000000	1631495881.000000
1631069872.328452	FWElpX2cSMtDzwShTg	sha1	E4E395A229D3D4C1C31FF0980C0B4EC0098AABD8	B76BA2EAA8AA848C79EAB4DA0F98B2C59576B9F4	0DB448FC447221E249CECF337A081A3B	good	-	-	1630893781.000000	1631495881.000000
1631069872.356570	FREuVU3ZRpxU7HlADb	sha1	E4E395A229D3D4C1C31FF0980C0B4EC0098AABD8	B76BA2EAA8AA848C79EAB4DA0F98B2C59576B9F4	0DB448FC447221E249CECF337A081A3B	good	-	-	1630893781.000000	1631495881.000000
1631069872.490901	FN2bpD1vDhi88VcWYj	sha1	E4E395A229D3D4C1C31FF0980C0B4EC0098AABD8	B76BA2EAA8AA848C79EAB4DA0F98B2C59576B9F4	0DB448FC447221E249CECF337A081A3B	good	-	-	1630893781.000000	1631495881.000000
1631069872.653186	FAXXuj16yBSMEtGRCd	sha1	E4E395A229D3D4C1C31FF0980C0B4EC0098AABD8	B76BA2EAA8AA848C79EAB4DA0F98B2C59576B9F4	0DB448FC447221E249CECF337A081A3B	good	-	-	1630893781.000000	1631495881.000000
1631069872.859855	FC9wX932UjAJiRWgmi	sha1	E4E395A229D3D4C1C31FF0980C0B4EC0098AABD8	B76BA2EAA8AA848C79EAB4DA0F98B2C59576B9F4	0DB448FC447221E249CECF337A081A3B	good	-	-	1630893781.000000	1631495881.000000
1631069872.941149	F8gIC44CtSqOFcexVj	sha1	E4E395A229D3D4C1C31FF0980C0B4EC0098AABD8	B76BA2EAA8AA848C79EAB4DA0F98B2C59576B9F4	0DB448FC447221E249CECF337A081A3B	good	-	-	1630893781.000000	1631495881.000000
1631069873.447659	Fp0ErI1V0Zu0dBpOib	sha1	E4E395A229D3D4C1C31FF0980C0B4EC0098AABD8	B76BA2EAA8AA848C79EAB4DA0F98B2C59576B9F4	0DB448FC447221E249CECF337A081A3B	good	-	-	1630893781.000000	1631495881.000000
1631069873.678860	FdqK4n1n9isuXkDB5a	sha1	105FA67A80089DB5279F35CE830B43889EA3C70D	0F80611C823161D52F28E78D4638B42CE1C6D9E2	020AFDAC1EBC3EF93C19A80D0F38C4AC	good	-	-	1630999261.000000	1631601361.000000
1631069875.047559	FCrheWaVogrDFu0kb	sha1	E4E395A229D3D4C1C31FF0980C0B4EC0098AABD8	B76BA2EAA8AA848C79EAB4DA0F98B2C59576B9F4	04CC0014653667D8E633EF62F1D4B493	good	-	-	1630669502.000000	1631271602.000000
1631069883.061596	Fvp54e4btPLC3cmc08	sha1	E4E395A229D3D4C1C31FF0980C0B4EC0098AABD8	B76BA2EAA8AA848C79EAB4DA0F98B2C59576B9F4	0E74C3259284B8D2DEA55FCD4A8A56B7	good	-	-	1630984501.000000	1631586601.000000
1631069883.090075	FcSTpf1tx4BzgEaVU9	sha1	C68888133D2295AE3ABEF118877F8A00BA434E3E	0F205DD7A15795DB92CF2BD0C7C27704CE728076	33001696378C7FA57FABB55B63000000169637	good	-	-	1630937613.000000	1631289011.000000
1631069884.546906	FxwTMi261sbePKJZ84	sha1	521EE36C478119A9CB03FAB74E57E1197AF1818B	B5760C3011CEC792424D4CC75C2CC8A90CE80B64	120015C2198C2B7D56CF852B6C00000015C219	good	-	-	1630793687.000000	1631139287.000000
1631069884.922908	FTI1ef4gXOKkwk7wfc	sha1	521EE36C478119A9CB03FAB74E57E1197AF1818B	B5760C3011CEC792424D4CC75C2CC8A90CE80B64	120015C2198C2B7D56CF852B6C00000015C219	good	-	-	1630880433.000000	1631226033.000000
1631069885.019618	FnLcIApVur1RSMt8	sha1	52FECA108DB4E5AB5268930D27C82FF215E24BB5	00AB91FC216226979AA8791B61419060A96267FD	330016541344127E5D03BDA38F000000165413	good	-	-	1630865649.000000	1631289013.000000
1631069885.295248	FkVftG31K8FoZaGs8b	sha1	A303C0A8887BD479C4278EB5D7587D3C12C04DA4	FF2F7FE106F438F32DED258D98C2FE0EF66CFCFA	7F0012E261129541195FAC1A6000000012E261	good	-	-	1630900488.000000	1631246088.000000
1631069966.685475	FNEvePI67uFqT92yd	sha1	E4E395A229D3D4C1C31FF0980C0B4EC0098AABD8	B76BA2EAA8AA848C79EAB4DA0F98B2C59576B9F4	04CC0014653667D8E633EF62F1D4B493	good	-	-	1630669502.000000	1631271602.000000
1631069966.740087	FVkCIX2MUgct1w1hxg	sha1	E4E395A229D3D4C1C31FF0980C0B4EC0098AABD8	B76BA2EAA8AA848C79EAB4DA0F98B2C59576B9F4	04CC0014653667D8E633EF62F1D4B493	good	-	-	1630669502.000000	1631271602.000000
1631069966.750497	F4hlPO3gsOKuCprh58	sha1	105FA67A80089DB5279F35CE830B43889EA3C70D	0F80611C823161D52F28E78D4638B42CE1C6D9E2	0CD9042F9ED170BFD8A72325987F600D	good	-	-	1630715941.000000	1631318041.000000
1631069966.758298	F50xQhxoMHsjDfT13	sha1	A303C0A8887BD479C4278EB5D7587D3C12C04DA4	FF2F7FE106F438F32DED258D98C2FE0EF66CFCFA	7F0012E261129541195FAC1A6000000012E261	good	-	-	1631041503.000000	1631387103.000000
1631069984.094517	FhECQRb1Xsht4Hyxf	sha1	12D78B402C356206FA827F8ED8922411B4ACF504	A5CE37EAEBB0750E946788B445FAD9241087961F	0A80BB36137CFBE8902D8F39D42593DA	good	-	-	1630961821.000000	1631563921.000000
1631069984.159899	FD4edW2hoqHrdgmCtd	sha1	12D78B402C356206FA827F8ED8922411B4ACF504	A5CE37EAEBB0750E946788B445FAD9241087961F	0A80BB36137CFBE8902D8F39D42593DA	good	-	-	1630961821.000000	1631563921.000000
#close	2021-09-08-03-00-00
