#separator \x09
#set_separator	,
#empty_field	(empty)
#unset_field	-
#path	ocsp
#open	2021-09-08-00-01-02
#fields	ts	id	hashAlgorithm	issuerNameHash	issuerKeyHash	serialNumber	certStatus	revoketime	revokereason	thisUpdate	nextUpdate
#types	time	string	string	string	string	string	string	time	string	time	time
1631059260.752680	FXYi2Kc4PYSTkicFl	sha1	13E976D98A217E47F5049E8ECB483E07E1898DEA	426D572D4F1F267774A62764F680FA8F4868FE7C	0120621C4127BF3E2230A605BCB9C88D	good	-	-	1631030400.000000	1631073600.000000
1631059262.368705	FHtISd1ki2S19izKxb	sha1	A303C0A8887BD479C4278EB5D7587D3C12C04DA4	FF2F7FE106F438F32DED258D98C2FE0EF66CFCFA	7F0012E261129541195FAC1A6000000012E261	good	-	-	1631014671.000000	1631360271.000000
1631059262.368705	Fp0HGA4aTUK89tJlJ1	sha1	E4E395A229D3D4C1C31FF0980C0B4EC0098AABD8	B76BA2EAA8AA848C79EAB4DA0F98B2C59576B9F4	04CC0014653667D8E633EF62F1D4B493	good	-	-	1630669502.000000	1631271602.000000
1631059292.580626	FHh3zd4BAdXP8TODia	sha1	105FA67A80089DB5279F35CE830B43889EA3C70D	0F80611C823161D52F28E78D4638B42CE1C6D9E2	081D807F662BC21E319C2609686EE61A	good	-	-	1630602180.000000	1631204280.000000
1631059292.904625	Fzq5nr4tRATXl4IvH	sha1	105FA67A80089DB5279F35CE830B43889EA3C70D	0F80611C823161D52F28E78D4638B42CE1C6D9E2	0496A22DB8EF5C9F06DC02715B25568F	good	-	-	1630582020.000000	1631184120.000000
1631059293.812677	FsJnzat7P4UnmWYui	sha1	A303C0A8887BD479C4278EB5D7587D3C12C04DA4	FF2F7FE106F438F32DED258D98C2FE0EF66CFCFA	7F0012E261129541195FAC1A6000000012E261	good	-	-	1631030694.000000	1631376294.000000
1631059293.860679	FRngtM92pM9nUzOHi	sha1	105FA67A80089DB5279F35CE830B43889EA3C70D	0F80611C823161D52F28E78D4638B42CE1C6D9E2	0496A22DB8EF5C9F06DC02715B25568F	good	-	-	1630841221.000000	1631443321.000000
1631059293.988688	FeZNImYnWNKF8qx58	sha1	105FA67A80089DB5279F35CE830B43889EA3C70D	0F80611C823161D52F28E78D4638B42CE1C6D9E2	0496A22DB8EF5C9F06DC02715B25568F	good	-	-	1630841221.000000	1631443321.000000
1631059294.540597	FAs3Ua2UbFe2Id6AJ6	sha1	E4E395A229D3D4C1C31FF0980C0B4EC0098AABD8	B76BA2EAA8AA848C79EAB4DA0F98B2C59576B9F4	04CC0014653667D8E633EF62F1D4B493	good	-	-	1630669502.000000	1631271602.000000
1631059294.596650	FWZYvkU2Y8cCFyPgj	sha1	E4E395A229D3D4C1C31FF0980C0B4EC0098AABD8	B76BA2EAA8AA848C79EAB4DA0F98B2C59576B9F4	04CC0014653667D8E633EF62F1D4B493	good	-	-	1630669502.000000	1631271602.000000
1631059294.892609	FbcKpt3ipVuHFQP4Rf	sha1	48DAC9A0FB2BD32D4FF0DE68D2F567B735F9B3C4	142EB317B75856CBAE500940E61FAF9D8B14C2C6	045498054AD8C72FB93287D82449573ED615	good	-	-	1630548000.000000	1631152800.000000
1631059294.964615	FPHsoN2sW9CLKb5PR9	sha1	48DAC9A0FB2BD32D4FF0DE68D2F567B735F9B3C4	142EB317B75856CBAE500940E61FAF9D8B14C2C6	045498054AD8C72FB93287D82449573ED615	good	-	-	1630548000.000000	1631152800.000000
1631059295.244631	Fch2k13vP4k6H6lzy9	sha1	105FA67A80089DB5279F35CE830B43889EA3C70D	0F80611C823161D52F28E78D4638B42CE1C6D9E2	0AE883180DB1123B1F1CDD7FBD053DF4	good	-	-	1630704781.000000	1631306881.000000
1631059295.408611	FyDVtq1zT1z4VWbFda	sha1	105FA67A80089DB5279F35CE830B43889EA3C70D	0F80611C823161D52F28E78D4638B42CE1C6D9E2	0AE883180DB1123B1F1CDD7FBD053DF4	good	-	-	1630704781.000000	1631306881.000000
1631059296.200838	Fxr9GnIAQc3wDYEm	sha1	CF26F518FAC97E8F8CB342E01C2F6A109E8E5F0A	5168FF90AF0207753CCCD9656462A212B859723B	08AC5D5F075F11E9D93B98C8D7B050E7	good	-	-	1631037421.000000	1631639521.000000
1631059296.364626	FfLyhK1MStYyzsOPff	sha1	CF26F518FAC97E8F8CB342E01C2F6A109E8E5F0A	5168FF90AF0207753CCCD9656462A212B859723B	08AC5D5F075F11E9D93B98C8D7B050E7	good	-	-	1631037421.000000	1631639521.000000
1631059298.032620	FOW0wcogpTIN8Dwp3	sha1	105FA67A80089DB5279F35CE830B43889EA3C70D	0F80611C823161D52F28E78D4638B42CE1C6D9E2	0496A22DB8EF5C9F06DC02715B25568F	good	-	-	1630841221.000000	1631443321.000000
1631059298.104709	Fzy1DSlMPjSAZcRd9	sha1	13E976D98A217E47F5049E8ECB483E07E1898DEA	426D572D4F1F267774A62764F680FA8F4868FE7C	016C8CBC511B1CB7E1392372AED43481	good	-	-	1631026800.000000	1631070000.000000
1631059298.136675	FYf6XY1RJgRzePvVvk	sha1	105FA67A80089DB5279F35CE830B43889EA3C70D	0F80611C823161D52F28E78D4638B42CE1C6D9E2	03322995CF2B4157E3026407D3E66715	good	-	-	1630919701.000000	1631521801.000000
1631059298.144659	F2arKX3g17QmajESZ5	sha1	105FA67A80089DB5279F35CE830B43889EA3C70D	0F80611C823161D52F28E78D4638B42CE1C6D9E2	03322995CF2B4157E3026407D3E66715	good	-	-	1630919701.000000	1631521801.000000
1631059298.400655	FyHOQc1KSrk8jwPPh	sha1	105FA67A80089DB5279F35CE830B43889EA3C70D	0F80611C823161D52F28E78D4638B42CE1C6D9E2	03322995CF2B4157E3026407D3E66715	good	-	-	1630919701.000000	1631521801.000000
1631059298.592656	FZn6ps232pSJCikDai	sha1	105FA67A80089DB5279F35CE830B43889EA3C70D	0F80611C823161D52F28E78D4638B42CE1C6D9E2	03322995CF2B4157E3026407D3E66715	good	-	-	1630833301.000000	1631435401.000000
1631059303.136630	FKGia24K0UgEicRs6f	sha1	13E976D98A217E47F5049E8ECB483E07E1898DEA	426D572D4F1F267774A62764F680FA8F4868FE7C	015463BE1F222AB5EC295A85C3C8444B	good	-	-	1631030400.000000	1631073600.000000
1631059303.176657	FHyX6f2dji1GgH58uc	sha1	13E976D98A217E47F5049E8ECB483E07E1898DEA	426D572D4F1F267774A62764F680FA8F4868FE7C	013F5C8B7F04E88E39BBE75EF143578C	good	-	-	1631041200.000000	1631084400.000000
1631059304.152697	FGTzp63VXPqan3QKCe	sha1	48DAC9A0FB2BD32D4FF0DE68D2F567B735F9B3C4	142EB317B75856CBAE500940E61FAF9D8B14C2C6	0441A1F1F6934FF0D5619E5DF1F243922B94	good	-	-	1630630800.000000	1631235600.000000
1631059304.152697	Fda7AS2LGJtsEI8aSd	sha1	13E976D98A217E47F5049E8ECB483E07E1898DEA	426D572D4F1F267774A62764F680FA8F4868FE7C	0157D041498F0B651777799EBBC87F30	good	-	-	1631041200.000000	1631084400.000000
1631059304.664641	FlNSHd3i9k3JTlkni	sha1	13E976D98A217E47F5049E8ECB483E07E1898DEA	426D572D4F1F267774A62764F680FA8F4868FE7C	01CBE38D6D7FC6FC1334FCFBA82CF6A6	good	-	-	1631030400.000000	1631073600.000000
1631059304.664641	FtMhdgqsG6NdseSz3	sha1	13E976D98A217E47F5049E8ECB483E07E1898DEA	426D572D4F1F267774A62764F680FA8F4868FE7C	013F5C8B7F04E88E39BBE75EF143578C	good	-	-	1631041200.000000	1631084400.000000
1631059305.008594	Fl8uFVAdatVQno8Kl	sha1	E4E395A229D3D4C1C31FF0980C0B4EC0098AABD8	B76BA2EAA8AA848C79EAB4DA0F98B2C59576B9F4	04CC0014653667D8E633EF62F1D4B493	good	-	-	1630669502.000000	1631271602.000000
1631059305.088700	FZ2TOu1LO5FQsiOTt4	sha1	A303C0A8887BD479C4278EB5D7587D3C12C04DA4	FF2F7FE106F438F32DED258D98C2FE0EF66CFCFA	7F0012E261129541195FAC1A6000000012E261	good	-	-	1631034963.000000	1631380563.000000
1631059305.184667	FN6uvKM1CYmMlIB2j	sha1	13E976D98A217E47F5049E8ECB483E07E1898DEA	426D572D4F1F267774A62764F680FA8F4868FE7C	013F5C8B7F04E88E39BBE75EF143578C	good	-	-	1631041200.000000	1631084400.000000
1631059305.848678	FQGUV03JyFX8i5lcBc	sha1	3A1979741DCF77D3D6572B57CAFFF6F62B1D5A3A	EE9A2E46F0C2DA3C5CC78CD6A47598DEA8190A65	03A39635EA6B8A1F5CBD955581E64937	good	-	-	1631008622.000000	1631610722.000000
1631059305.856698	F6qKlf2kZ5XMqWjld	sha1	3A1979741DCF77D3D6572B57CAFFF6F62B1D5A3A	EE9A2E46F0C2DA3C5CC78CD6A47598DEA8190A65	03A39635EA6B8A1F5CBD955581E64937	good	-	-	1631008622.000000	1631610722.000000
1631059306.016711	F1KmbO58M6dKCR9Y1	sha1	3A1979741DCF77D3D6572B57CAFFF6F62B1D5A3A	EE9A2E46F0C2DA3C5CC78CD6A47598DEA8190A65	03A39635EA6B8A1F5CBD955581E64937	good	-	-	1631008622.000000	1631610722.000000
1631059306.016711	FPiga54pXInb0hBSK7	sha1	777A7BA877D6F10F1CE9202196FB6B1A6E37F5ED	9058FFB09C75A8515477B1EDF2A34316389E6CC5	08F337125C72AD06EFE5F8DE252C21A5	good	-	-	1630780022.000000	1631382122.000000
1631059306.072628	FoPMEX2nNNI3PO8HTd	sha1	777A7BA877D6F10F1CE9202196FB6B1A6E37F5ED	9058FFB09C75A8515477B1EDF2A34316389E6CC5	08F337125C72AD06EFE5F8DE252C21A5	good	-	-	1630780022.000000	1631382122.000000
1631059306.848614	FSLCPD1fcnYeTdZ2j2	sha1	2B1D1E98CCF37604D6C1C8BD15A224C804130038	0ABC0829178CA5396D7A0ECE33C72EB3EDFBC37A	0A8CDE5EB05E0A560594FD3440810D32	good	-	-	1631048221.000000	1631650321.000000
1631059307.960698	FWIU4u19PYg447Xhe4	sha1	CF26F518FAC97E8F8CB342E01C2F6A109E8E5F0A	5168FF90AF0207753CCCD9656462A212B859723B	03AABECE8568D3DA57E1B79A5092CC86	good	-	-	1631008622.000000	1631610722.000000
1631059310.040628	FFa3x63RTMUxwqX9K9	sha1	13E976D98A217E47F5049E8ECB483E07E1898DEA	426D572D4F1F267774A62764F680FA8F4868FE7C	012F9762F957B4765BD5CE95C6BCB456	good	-	-	1631041200.000000	1631084400.000000
1631059310.076652	FirKDW1xJWdJfZB5Gh	sha1	13E976D98A217E47F5049E8ECB483E07E1898DEA	426D572D4F1F267774A62764F680FA8F4868FE7C	012F9762F957B4765BD5CE95C6BCB456	good	-	-	1631041200.000000	1631084400.000000
1631059312.028666	Fl0zMc3UkqLQRULoze	sha1	777A7BA877D6F10F1CE9202196FB6B1A6E37F5ED	9058FFB09C75A8515477B1EDF2A34316389E6CC5	08F337125C72AD06EFE5F8DE252C21A5	good	-	-	1630952820.000000	1631554920.000000
1631059312.308621	F6NlNr2UgZOawrB9z7	sha1	777A7BA877D6F10F1CE9202196FB6B1A6E37F5ED	9058FFB09C75A8515477B1EDF2A34316389E6CC5	08F337125C72AD06EFE5F8DE252C21A5	good	-	-	1630952820.000000	1631554920.000000
1631059312.404636	FQZFz9x7hczdN892l	sha1	33F5AAC61D66E7055D03173A4D1F3E187138850D	59A4660652A07B95923CA394072796745BF93DD0	01294940BC289C4E45392A0373D8B146	good	-	-	1630994222.000000	1631596322.000000
1631059350.160625	FagX3l3ioJWSxF7nvl	sha1	12D78B402C356206FA827F8ED8922411B4ACF504	A5CE37EAEBB0750E946788B445FAD9241087961F	041907ADC6CC35523EDD10AFC33B6876	good	-	-	1630838341.000000	1631440441.000000
1631059351.516640	F3jRhA4FAbuVm873Fc	sha1	12D78B402C356206FA827F8ED8922411B4ACF504	A5CE37EAEBB0750E946788B445FAD9241087961F	041907ADC6CC35523EDD10AFC33B6876	good	-	-	1630838341.000000	1631440441.000000
1631059412.436627	FkMDHMbVsjkaaCAFd	sha1	3A1979741DCF77D3D6572B57CAFFF6F62B1D5A3A	EE9A2E46F0C2DA3C5CC78CD6A47598DEA8190A65	03A39635EA6B8A1F5CBD955581E64937	good	-	-	1631008622.000000	1631610722.000000
1631059433.552697	FH6s6Y1fNeg5CjwAJ7	sha1	3A1979741DCF77D3D6572B57CAFFF6F62B1D5A3A	EE9A2E46F0C2DA3C5CC78CD6A47598DEA8190A65	03A39635EA6B8A1F5CBD955581E64937	good	-	-	1631008622.000000	1631610722.000000
1631059434.640679	FqsKdp2fCCPiYqR43h	sha1	E4E395A229D3D4C1C31FF0980C0B4EC0098AABD8	B76BA2EAA8AA848C79EAB4DA0F98B2C59576B9F4	029697701C5ECE4EA93942E8AE5A73D6	good	-	-	1630484101.000000	1631086201.000000
1631059434.752668	Fg6I162EcWmxiv2o8j	sha1	777A7BA877D6F10F1CE9202196FB6B1A6E37F5ED	9058FFB09C75A8515477B1EDF2A34316389E6CC5	08F337125C72AD06EFE5F8DE252C21A5	good	-	-	1630780022.000000	1631382122.000000
1631059434.800632	FDpSB32B6QCOfVVMO	sha1	777A7BA877D6F10F1CE9202196FB6B1A6E37F5ED	9058FFB09C75A8515477B1EDF2A34316389E6CC5	08F337125C72AD06EFE5F8DE252C21A5	good	-	-	1630780022.000000	1631382122.000000
1631059484.664695	FCkaBMvS4sbWeQ8P2	sha1	13E976D98A217E47F5049E8ECB483E07E1898DEA	426D572D4F1F267774A62764F680FA8F4868FE7C	016E04DEFE2548C3C16C124CE371DE2F	good	-	-	1631034000.000000	1631077200.000000
1631059486.288699	FE6fzlTfqkOUdA759	sha1	A303C0A8887BD479C4278EB5D7587D3C12C04DA4	FF2F7FE106F438F32DED258D98C2FE0EF66CFCFA	7F0012E261129541195FAC1A6000000012E261	good	-	-	1631034963.000000	1631380563.000000
1631059497.328685	FzGcvs1ySxiC25FY4f	sha1	E4E395A229D3D4C1C31FF0980C0B4EC0098AABD8	B76BA2EAA8AA848C79EAB4DA0F98B2C59576B9F4	0D4BA061B734D12E7EA10A1CC1801BD3	good	-	-	1630804861.000000	1631406961.000000
1631059497.336711	FxkOCNuJrhd3mE8ea	sha1	E4E395A229D3D4C1C31FF0980C0B4EC0098AABD8	B76BA2EAA8AA848C79EAB4DA0F98B2C59576B9F4	0D4BA061B734D12E7EA10A1CC1801BD3	good	-	-	1630804861.000000	1631406961.000000
1631059497.336711	Fehmsf3g6qoUyn5Vwj	sha1	E4E395A229D3D4C1C31FF0980C0B4EC0098AABD8	B76BA2EAA8AA848C79EAB4DA0F98B2C59576B9F4	0D4BA061B734D12E7EA10A1CC1801BD3	good	-	-	1630804861.000000	1631406961.000000
1631059497.336711	FwV0213FGzPs0tVkH1	sha1	E4E395A229D3D4C1C31FF0980C0B4EC0098AABD8	B76BA2EAA8AA848C79EAB4DA0F98B2C59576B9F4	0D4BA061B734D12E7EA10A1CC1801BD3	good	-	-	1630804861.000000	1631406961.000000
1631059497.344688	FJ5kHt3MQmH4yBLLL9	sha1	E4E395A229D3D4C1C31FF0980C0B4EC0098AABD8	B76BA2EAA8AA848C79EAB4DA0F98B2C59576B9F4	0D4BA061B734D12E7EA10A1CC1801BD3	good	-	-	1630804861.000000	1631406961.000000
1631059497.344688	F1gNeZ1pU3VYdA9Jn6	sha1	E4E395A229D3D4C1C31FF0980C0B4EC0098AABD8	B76BA2EAA8AA848C79EAB4DA0F98B2C59576B9F4	0D4BA061B734D12E7EA10A1CC1801BD3	good	-	-	1630804861.000000	1631406961.000000
1631059497.344688	F45HYX8dzAWZVRPm6	sha1	E4E395A229D3D4C1C31FF0980C0B4EC0098AABD8	B76BA2EAA8AA848C79EAB4DA0F98B2C59576B9F4	0D4BA061B734D12E7EA10A1CC1801BD3	good	-	-	1630804861.000000	1631406961.000000
1631059497.352679	F1lCOT3qW3ZjSXJSb5	sha1	E4E395A229D3D4C1C31FF0980C0B4EC0098AABD8	B76BA2EAA8AA848C79EAB4DA0F98B2C59576B9F4	0D4BA061B734D12E7EA10A1CC1801BD3	good	-	-	1630804861.000000	1631406961.000000
1631059499.224662	Fj9nUO2EMmNAxkd4xg	sha1	105FA67A80089DB5279F35CE830B43889EA3C70D	0F80611C823161D52F28E78D4638B42CE1C6D9E2	0B4AD6D9419CBEEA531C63778A052426	good	-	-	1630879740.000000	1631481840.000000
1631059545.596628	FouBKu28RZAAHK4GXf	sha1	3A1979741DCF77D3D6572B57CAFFF6F62B1D5A3A	EE9A2E46F0C2DA3C5CC78CD6A47598DEA8190A65	03A39635EA6B8A1F5CBD955581E64937	good	-	-	1631008622.000000	1631610722.000000
1631059545.888629	Fcu7Bk46P5VwEco4Nk	sha1	777A7BA877D6F10F1CE9202196FB6B1A6E37F5ED	9058FFB09C75A8515477B1EDF2A34316389E6CC5	08F337125C72AD06EFE5F8DE252C21A5	good	-	-	1630693621.000000	1631295721.000000
1631059546.336611	FxdxIy4pIf9lfosxP4	sha1	777A7BA877D6F10F1CE9202196FB6B1A6E37F5ED	9058FFB09C75A8515477B1EDF2A34316389E6CC5	08F337125C72AD06EFE5F8DE252C21A5	good	-	-	1630693621.000000	1631295721.000000
1631059552.316626	FkyQlz1lVn53D0Uk79	sha1	A303C0A8887BD479C4278EB5D7587D3C12C04DA4	FF2F7FE106F438F32DED258D98C2FE0EF66CFCFA	7F0014376AEEB6891A18DBE4E300000014376A	good	-	-	1631051906.000000	1631397506.000000
1631059637.744710	F9dCOP1sSIykqZwxXj	sha1	777A7BA877D6F10F1CE9202196FB6B1A6E37F5ED	9058FFB09C75A8515477B1EDF2A34316389E6CC5	08F337125C72AD06EFE5F8DE252C21A5	good	-	-	1630693621.000000	1631295721.000000
1631059638.904711	FY1AsE3k1XsJACpRm9	sha1	3A1979741DCF77D3D6572B57CAFFF6F62B1D5A3A	EE9A2E46F0C2DA3C5CC78CD6A47598DEA8190A65	03A39635EA6B8A1F5CBD955581E64937	good	-	-	1631008622.000000	1631610722.000000
1631059638.984699	Fwbw4oTKptmu4uZRh	sha1	777A7BA877D6F10F1CE9202196FB6B1A6E37F5ED	9058FFB09C75A8515477B1EDF2A34316389E6CC5	08F337125C72AD06EFE5F8DE252C21A5	good	-	-	1630780022.000000	1631382122.000000
1631059640.176651	FhrTbt3Ue10JzNad47	sha1	777A7BA877D6F10F1CE9202196FB6B1A6E37F5ED	9058FFB09C75A8515477B1EDF2A34316389E6CC5	08F337125C72AD06EFE5F8DE252C21A5	good	-	-	1630780022.000000	1631382122.000000
1631059641.640699	F4LqhRLrwyxSx18p8	sha1	33F5AAC61D66E7055D03173A4D1F3E187138850D	59A4660652A07B95923CA394072796745BF93DD0	0C46B1BAEA6D00990C71EEA09E06EA51	good	-	-	1630971900.000000	1631574000.000000
1631059641.648625	FmCtrB2GDsTsm35foc	sha1	33F5AAC61D66E7055D03173A4D1F3E187138850D	59A4660652A07B95923CA394072796745BF93DD0	0C46B1BAEA6D00990C71EEA09E06EA51	good	-	-	1630971900.000000	1631574000.000000
1631059641.760656	FZiLUC1E4D4byVvjKf	sha1	33F5AAC61D66E7055D03173A4D1F3E187138850D	59A4660652A07B95923CA394072796745BF93DD0	0C46B1BAEA6D00990C71EEA09E06EA51	good	-	-	1630971900.000000	1631574000.000000
1631059643.720642	FdT5ZF2bx0thojoMei	sha1	CF26F518FAC97E8F8CB342E01C2F6A109E8E5F0A	5168FF90AF0207753CCCD9656462A212B859723B	03AABECE8568D3DA57E1B79A5092CC86	good	-	-	1631008622.000000	1631610722.000000
1631059644.100690	FuIVPw2T7XpKgyUet3	sha1	33F5AAC61D66E7055D03173A4D1F3E187138850D	59A4660652A07B95923CA394072796745BF93DD0	0C46B1BAEA6D00990C71EEA09E06EA51	good	-	-	1630971900.000000	1631574000.000000
1631059644.172648	FvIEWx6SF1SLeEDBk	sha1	33F5AAC61D66E7055D03173A4D1F3E187138850D	59A4660652A07B95923CA394072796745BF93DD0	0C46B1BAEA6D00990C71EEA09E06EA51	good	-	-	1630971900.000000	1631574000.000000
1631059663.436678	FoN7hG403xhs9OJZl4	sha1	105FA67A80089DB5279F35CE830B43889EA3C70D	0F80611C823161D52F28E78D4638B42CE1C6D9E2	0B4AD6D9419CBEEA531C63778A052426	good	-	-	1630879740.000000	1631481840.000000
1631059664.012697	FvV2m12CjecKSa5AH8	sha1	E4E395A229D3D4C1C31FF0980C0B4EC0098AABD8	B76BA2EAA8AA848C79EAB4DA0F98B2C59576B9F4	049AD226799DAEF024B384957EBD60BC	good	-	-	1630668421.000000	1631270521.000000
1631059664.012697	Frtt8E4UwqSLtQaqU5	sha1	E4E395A229D3D4C1C31FF0980C0B4EC0098AABD8	B76BA2EAA8AA848C79EAB4DA0F98B2C59576B9F4	049AD226799DAEF024B384957EBD60BC	good	-	-	1630668421.000000	1631270521.000000
1631059664.012697	Fa4uMI2Wpb3HrJY978	sha1	E4E395A229D3D4C1C31FF0980C0B4EC0098AABD8	B76BA2EAA8AA848C79EAB4DA0F98B2C59576B9F4	049AD226799DAEF024B384957EBD60BC	good	-	-	1630668421.000000	1631270521.000000
1631059664.020647	F3pDnG4BmXIz68Zdrk	sha1	E4E395A229D3D4C1C31FF0980C0B4EC0098AABD8	B76BA2EAA8AA848C79EAB4DA0F98B2C59576B9F4	049AD226799DAEF024B384957EBD60BC	good	-	-	1630668421.000000	1631270521.000000
1631059664.028696	FnjLzb2MNVz6FPLs5	sha1	E4E395A229D3D4C1C31FF0980C0B4EC0098AABD8	B76BA2EAA8AA848C79EAB4DA0F98B2C59576B9F4	049AD226799DAEF024B384957EBD60BC	good	-	-	1630668421.000000	1631270521.000000
1631059664.028696	FMBpV21TKWYEAtP6sg	sha1	E4E395A229D3D4C1C31FF0980C0B4EC0098AABD8	B76BA2EAA8AA848C79EAB4DA0F98B2C59576B9F4	049AD226799DAEF024B384957EBD60BC	good	-	-	1630668421.000000	1631270521.000000
1631059664.220683	FRCHKC1kDRz5LZm01	sha1	CF26F518FAC97E8F8CB342E01C2F6A109E8E5F0A	5168FF90AF0207753CCCD9656462A212B859723B	08AC5D5F075F11E9D93B98C8D7B050E7	good	-	-	1631037421.000000	1631639521.000000
1631059670.369733	FvtPnvLGCYg71WED4	sha1	3A1979741DCF77D3D6572B57CAFFF6F62B1D5A3A	EE9A2E46F0C2DA3C5CC78CD6A47598DEA8190A65	03A39635EA6B8A1F5CBD955581E64937	good	-	-	1631008622.000000	1631610722.000000
1631059675.274948	FCnaPz1sQFPLTl4wif	sha1	E4E395A229D3D4C1C31FF0980C0B4EC0098AABD8	B76BA2EAA8AA848C79EAB4DA0F98B2C59576B9F4	04CC0014653667D8E633EF62F1D4B493	good	-	-	1630669502.000000	1631271602.000000
1631059675.368569	F6HO3u3KGGVbAA47k	sha1	A303C0A8887BD479C4278EB5D7587D3C12C04DA4	FF2F7FE106F438F32DED258D98C2FE0EF66CFCFA	7F0012E261129541195FAC1A6000000012E261	good	-	-	1631024077.000000	1631369677.000000
1631059690.900170	FbEFFh2Uw4wKOwn6X9	sha1	A303C0A8887BD479C4278EB5D7587D3C12C04DA4	FF2F7FE106F438F32DED258D98C2FE0EF66CFCFA	7F0012E261129541195FAC1A6000000012E261	good	-	-	1631041503.000000	1631387103.000000
1631059740.449276	FLNJdv2guKn91Ehn9a	sha1	105FA67A80089DB5279F35CE830B43889EA3C70D	0F80611C823161D52F28E78D4638B42CE1C6D9E2	0496A22DB8EF5C9F06DC02715B25568F	good	-	-	1630582020.000000	1631184120.000000
1631059741.160768	FGWalK3e1tQ6YC3q2k	sha1	105FA67A80089DB5279F35CE830B43889EA3C70D	0F80611C823161D52F28E78D4638B42CE1C6D9E2	0496A22DB8EF5C9F06DC02715B25568F	good	-	-	1630841221.000000	1631443321.000000
1631059747.745908	FK3aru2WWepe6epHo5	sha1	13E976D98A217E47F5049E8ECB483E07E1898DEA	426D572D4F1F267774A62764F680FA8F4868FE7C	01E45E65AD94ECD72355EDED130B14AA	good	-	-	1631037600.000000	1631080800.000000
1631059748.796217	FxxDVk1tdhrFLeJZze	sha1	13E976D98A217E47F5049E8ECB483E07E1898DEA	426D572D4F1F267774A62764F680FA8F4868FE7C	016AE92915C453508299A26A5FCD5664	good	-	-	1631030400.000000	1631073600.000000
1631059753.461416	FKXohF30AFPqh6sXW5	sha1	A303C0A8887BD479C4278EB5D7587D3C12C04DA4	FF2F7FE106F438F32DED258D98C2FE0EF66CFCFA	7F0014376AEEB6891A18DBE4E300000014376A	good	-	-	1631029696.000000	1631375296.000000
1631059755.010606	F4etlm1oni7d1Oouuf	sha1	105FA67A80089DB5279F35CE830B43889EA3C70D	0F80611C823161D52F28E78D4638B42CE1C6D9E2	0496A22DB8EF5C9F06DC02715B25568F	good	-	-	1630754821.000000	1631356921.000000
1631059817.683952	FTh48731pEzUbpjrGa	sha1	E4E395A229D3D4C1C31FF0980C0B4EC0098AABD8	B76BA2EAA8AA848C79EAB4DA0F98B2C59576B9F4	0DB448FC447221E249CECF337A081A3B	good	-	-	1630893781.000000	1631495881.000000
1631059817.696632	FZRfwZ3BFsSEoudHve	sha1	E4E395A229D3D4C1C31FF0980C0B4EC0098AABD8	B76BA2EAA8AA848C79EAB4DA0F98B2C59576B9F4	0DB448FC447221E249CECF337A081A3B	good	-	-	1630893781.000000	1631495881.000000
1631059817.696632	FPry4u1naLtHtAtTfc	sha1	E4E395A229D3D4C1C31FF0980C0B4EC0098AABD8	B76BA2EAA8AA848C79EAB4DA0F98B2C59576B9F4	0DB448FC447221E249CECF337A081A3B	good	-	-	1630893781.000000	1631495881.000000
1631059817.699423	FNewpR3QUTY6YsoNBl	sha1	E4E395A229D3D4C1C31FF0980C0B4EC0098AABD8	B76BA2EAA8AA848C79EAB4DA0F98B2C59576B9F4	0DB448FC447221E249CECF337A081A3B	good	-	-	1630893781.000000	1631495881.000000
1631059817.740221	F5WjMD36BaXxuYLq43	sha1	E4E395A229D3D4C1C31FF0980C0B4EC0098AABD8	B76BA2EAA8AA848C79EAB4DA0F98B2C59576B9F4	0DB448FC447221E249CECF337A081A3B	good	-	-	1630893781.000000	1631495881.000000
1631059817.741979	FMNQnu2BctMXRbofl7	sha1	E4E395A229D3D4C1C31FF0980C0B4EC0098AABD8	B76BA2EAA8AA848C79EAB4DA0F98B2C59576B9F4	0DB448FC447221E249CECF337A081A3B	good	-	-	1630893781.000000	1631495881.000000
1631059817.976490	FRJfsX2iaArsPLPBna	sha1	E4E395A229D3D4C1C31FF0980C0B4EC0098AABD8	B76BA2EAA8AA848C79EAB4DA0F98B2C59576B9F4	0DB448FC447221E249CECF337A081A3B	good	-	-	1630893781.000000	1631495881.000000
1631059818.112364	FBORkl3qUfyFd0Q8Gc	sha1	E4E395A229D3D4C1C31FF0980C0B4EC0098AABD8	B76BA2EAA8AA848C79EAB4DA0F98B2C59576B9F4	0DB448FC447221E249CECF337A081A3B	good	-	-	1630893781.000000	1631495881.000000
1631059818.165861	FL1u5x3z35siiqBuve	sha1	E4E395A229D3D4C1C31FF0980C0B4EC0098AABD8	B76BA2EAA8AA848C79EAB4DA0F98B2C59576B9F4	0DB448FC447221E249CECF337A081A3B	good	-	-	1630893781.000000	1631495881.000000
1631059818.821962	FqXcTJ3aWlONq7hLxi	sha1	105FA67A80089DB5279F35CE830B43889EA3C70D	0F80611C823161D52F28E78D4638B42CE1C6D9E2	020AFDAC1EBC3EF93C19A80D0F38C4AC	good	-	-	1630999261.000000	1631601361.000000
1631059819.801515	FxeHtF1GRsnjcYAcYb	sha1	E4E395A229D3D4C1C31FF0980C0B4EC0098AABD8	B76BA2EAA8AA848C79EAB4DA0F98B2C59576B9F4	04CC0014653667D8E633EF62F1D4B493	good	-	-	1630669502.000000	1631271602.000000
1631059859.755248	FNooCfuygTq5YIch3	sha1	3A1979741DCF77D3D6572B57CAFFF6F62B1D5A3A	EE9A2E46F0C2DA3C5CC78CD6A47598DEA8190A65	03A39635EA6B8A1F5CBD955581E64937	good	-	-	1631008622.000000	1631610722.000000
1631059889.434622	FLj7bu34YkNvwjlsTb	sha1	3A1979741DCF77D3D6572B57CAFFF6F62B1D5A3A	EE9A2E46F0C2DA3C5CC78CD6A47598DEA8190A65	03A39635EA6B8A1F5CBD955581E64937	good	-	-	1631008622.000000	1631610722.000000
1631059889.451334	FLQVGB4KW0VMCnrRDg	sha1	777A7BA877D6F10F1CE9202196FB6B1A6E37F5ED	9058FFB09C75A8515477B1EDF2A34316389E6CC5	08F337125C72AD06EFE5F8DE252C21A5	good	-	-	1630780022.000000	1631382122.000000
1631059889.827329	FhiFMj1CxArgW6Iuf7	sha1	105FA67A80089DB5279F35CE830B43889EA3C70D	0F80611C823161D52F28E78D4638B42CE1C6D9E2	0496A22DB8EF5C9F06DC02715B25568F	good	-	-	1630754821.000000	1631356921.000000
1631059889.927211	FPlhLi2rLyZ4M2Ro72	sha1	105FA67A80089DB5279F35CE830B43889EA3C70D	0F80611C823161D52F28E78D4638B42CE1C6D9E2	0496A22DB8EF5C9F06DC02715B25568F	good	-	-	1630754821.000000	1631356921.000000
1631059890.158693	F4QoQOjZE5gCnCca2	sha1	13E976D98A217E47F5049E8ECB483E07E1898DEA	426D572D4F1F267774A62764F680FA8F4868FE7C	01CBE38D6D7FC6FC1334FCFBA82CF6A6	good	-	-	1631030400.000000	1631073600.000000
1631059890.219654	F92gnB3idcd5862AKg	sha1	430BD20E4F137A1A6C918F24E5DA7E324D4733C8	8D8C5EC454AD8AE177E99BF99B05E1B8018D61E1	7904336E0E5D118DF53F3CE257577943	good	-	-	1630705300.000000	1631310100.000000
1631059891.027342	F5w8pn13k3NAYOkr8	sha1	13E976D98A217E47F5049E8ECB483E07E1898DEA	426D572D4F1F267774A62764F680FA8F4868FE7C	012F9762F957B4765BD5CE95C6BCB456	good	-	-	1631041200.000000	1631084400.000000
1631059891.040401	FVe3OrYNlq1Qt5lA1	sha1	105FA67A80089DB5279F35CE830B43889EA3C70D	0F80611C823161D52F28E78D4638B42CE1C6D9E2	0496A22DB8EF5C9F06DC02715B25568F	good	-	-	1630841221.000000	1631443321.000000
1631059891.064679	FvYoXe45Z6C22H4sLg	sha1	A303C0A8887BD479C4278EB5D7587D3C12C04DA4	FF2F7FE106F438F32DED258D98C2FE0EF66CFCFA	7F0012E261129541195FAC1A6000000012E261	good	-	-	1631030694.000000	1631376294.000000
1631059891.121101	FpIC4X3bJFv0ULyq5l	sha1	13E976D98A217E47F5049E8ECB483E07E1898DEA	426D572D4F1F267774A62764F680FA8F4868FE7C	012F9762F957B4765BD5CE95C6BCB456	good	-	-	1631041200.000000	1631084400.000000
1631059891.130562	F4QRfarPRxy08t7V	sha1	105FA67A80089DB5279F35CE830B43889EA3C70D	0F80611C823161D52F28E78D4638B42CE1C6D9E2	0496A22DB8EF5C9F06DC02715B25568F	good	-	-	1630841221.000000	1631443321.000000
1631059891.138171	FmHpLd2Ipu8ueA88te	sha1	A303C0A8887BD479C4278EB5D7587D3C12C04DA4	FF2F7FE106F438F32DED258D98C2FE0EF66CFCFA	7F0012E261129541195FAC1A6000000012E261	good	-	-	1631030694.000000	1631376294.000000
1631059892.246394	FryGaN3fxE6fW2O978	sha1	105FA67A80089DB5279F35CE830B43889EA3C70D	0F80611C823161D52F28E78D4638B42CE1C6D9E2	0D876DA28725D8E14A977D660FD8AFEE	good	-	-	1630719901.000000	1631322001.000000
1631059895.036336	FoUTb43vtaPJCTUu92	sha1	13E976D98A217E47F5049E8ECB483E07E1898DEA	426D572D4F1F267774A62764F680FA8F4868FE7C	0120621C4127BF3E2230A605BCB9C88D	good	-	-	1631030400.000000	1631073600.000000
1631059895.135850	FzsS1f4U8Xs511OQe4	sha1	13E976D98A217E47F5049E8ECB483E07E1898DEA	426D572D4F1F267774A62764F680FA8F4868FE7C	0120621C4127BF3E2230A605BCB9C88D	good	-	-	1631030400.000000	1631073600.000000
1631059895.770668	Fkp0qgInyCP9i2BEi	sha1	777A7BA877D6F10F1CE9202196FB6B1A6E37F5ED	9058FFB09C75A8515477B1EDF2A34316389E6CC5	08F337125C72AD06EFE5F8DE252C21A5	good	-	-	1630780022.000000	1631382122.000000
1631059895.774321	FcVhzkQbmlVyJNLpc	sha1	3A1979741DCF77D3D6572B57CAFFF6F62B1D5A3A	EE9A2E46F0C2DA3C5CC78CD6A47598DEA8190A65	03A39635EA6B8A1F5CBD955581E64937	good	-	-	1631008622.000000	1631610722.000000
1631059896.887585	FLnh0V3S4BRPTZbKe2	sha1	105FA67A80089DB5279F35CE830B43889EA3C70D	0F80611C823161D52F28E78D4638B42CE1C6D9E2	0496A22DB8EF5C9F06DC02715B25568F	good	-	-	1630927620.000000	1631529720.000000
1631059897.223358	FpTwDDufrE1GRD7E4	sha1	A7C4B8B3DC5BB5581EA7D7F13AC569F56F48D789	748580C066C7DF37DECFBD2937AA031DBEEDCD17	07F25478BC4435B45056264985CB4644	good	-	-	1630947061.000000	1631549161.000000
1631059897.651674	Fn1J6D4vR7KRV0JGCd	sha1	105FA67A80089DB5279F35CE830B43889EA3C70D	0F80611C823161D52F28E78D4638B42CE1C6D9E2	0D9E603CE238CC8D4E65E5855C9BC298	good	-	-	1630806661.000000	1631408761.000000
1631059897.671334	F7pPfu4sA8RWc6Lvcc	sha1	777A7BA877D6F10F1CE9202196FB6B1A6E37F5ED	9058FFB09C75A8515477B1EDF2A34316389E6CC5	08F337125C72AD06EFE5F8DE252C21A5	good	-	-	1630607221.000000	1631209321.000000
1631059897.678050	FCTc8r34skSQAH6CYe	sha1	777A7BA877D6F10F1CE9202196FB6B1A6E37F5ED	9058FFB09C75A8515477B1EDF2A34316389E6CC5	08F337125C72AD06EFE5F8DE252C21A5	good	-	-	1630607221.000000	1631209321.000000
1631059897.687134	FG4QfL2DfMVZ2mpjyh	sha1	C9587E3D1E4FBCCF606DB3491D43CA0E4227D983	6118B35D68D49ED92FEB515C03B70A40C6EE6DB4	01E94C20183C0FB7C495FC258A039566	good	-	-	1631034000.000000	1631077200.000000
1631059897.754410	FZ5J6q2o0G13SW4ADa	sha1	C9587E3D1E4FBCCF606DB3491D43CA0E4227D983	6118B35D68D49ED92FEB515C03B70A40C6EE6DB4	01E94C20183C0FB7C495FC258A039566	good	-	-	1631034000.000000	1631077200.000000
1631059938.170328	FbgbEY1x5kF5xK4n7j	sha1	13E976D98A217E47F5049E8ECB483E07E1898DEA	426D572D4F1F267774A62764F680FA8F4868FE7C	016E04DEFE2548C3C16C124CE371DE2F	good	-	-	1631034000.000000	1631077200.000000
1631059939.193604	FUOEV73YHmgHGNTcGa	sha1	A303C0A8887BD479C4278EB5D7587D3C12C04DA4	FF2F7FE106F438F32DED258D98C2FE0EF66CFCFA	7F0012E261129541195FAC1A6000000012E261	good	-	-	1631034963.000000	1631380563.000000
1631060175.000498	Fy0NJ710NRw0Gymk93	sha1	430BD20E4F137A1A6C918F24E5DA7E324D4733C8	8D8C5EC454AD8AE177E99BF99B05E1B8018D61E1	BCC19C00D7E989895BDA02D81E0C5F75	good	-	-	1630502643.000000	1631107443.000000
1631060207.818827	FUgV2532EfmxECBoN6	sha1	13E976D98A217E47F5049E8ECB483E07E1898DEA	426D572D4F1F267774A62764F680FA8F4868FE7C	01CB14C40C3427D19CE1CB5F5F106CF0	good	-	-	1631030400.000000	1631073600.000000
1631060210.180595	Fyabfz2bVrABgSx08	sha1	A303C0A8887BD479C4278EB5D7587D3C12C04DA4	FF2F7FE106F438F32DED258D98C2FE0EF66CFCFA	7F0012E261129541195FAC1A6000000012E261	good	-	-	1630862503.000000	1631208103.000000
1631060284.212593	FTz20a2RuefZbRCikf	sha1	13E976D98A217E47F5049E8ECB483E07E1898DEA	426D572D4F1F267774A62764F680FA8F4868FE7C	01267BE79D24F0909A1D9F8E07B26BBC	good	-	-	1631034000.000000	1631077200.000000
1631060284.644270	FVAz5m2kx5t98fOE66	sha1	13E976D98A217E47F5049E8ECB483E07E1898DEA	426D572D4F1F267774A62764F680FA8F4868FE7C	01208469B765CCE912FC16B3310099CD	good	-	-	1631030400.000000	1631073600.000000
1631060284.652568	FAi8zU2d645xFkgFCi	sha1	13E976D98A217E47F5049E8ECB483E07E1898DEA	426D572D4F1F267774A62764F680FA8F4868FE7C	01208469B765CCE912FC16B3310099CD	good	-	-	1631030400.000000	1631073600.000000
1631060284.652568	FmDTiP3o8tXDvnnxOd	sha1	13E976D98A217E47F5049E8ECB483E07E1898DEA	426D572D4F1F267774A62764F680FA8F4868FE7C	01208469B765CCE912FC16B3310099CD	good	-	-	1631030400.000000	1631073600.000000
1631060284.879569	FUdTA71Whm5NpJ59Nd	sha1	13E976D98A217E47F5049E8ECB483E07E1898DEA	426D572D4F1F267774A62764F680FA8F4868FE7C	01208469B765CCE912FC16B3310099CD	good	-	-	1631030400.000000	1631073600.000000
1631060284.893658	Firnec1SPWN7rJRG4	sha1	13E976D98A217E47F5049E8ECB483E07E1898DEA	426D572D4F1F267774A62764F680FA8F4868FE7C	01267BE79D24F0909A1D9F8E07B26BBC	good	-	-	1631034000.000000	1631077200.000000
1631060285.441214	FIQ1KKy5Au34ESO4e	sha1	A303C0A8887BD479C4278EB5D7587D3C12C04DA4	FF2F7FE106F438F32DED258D98C2FE0EF66CFCFA	7F0012E261129541195FAC1A6000000012E261	good	-	-	1631041503.000000	1631387103.000000
1631060286.519334	FPyaMw4S3eKVcqh2Sg	sha1	13E976D98A217E47F5049E8ECB483E07E1898DEA	426D572D4F1F267774A62764F680FA8F4868FE7C	0120621C4127BF3E2230A605BCB9C88D	good	-	-	1631030400.000000	1631073600.000000
1631060334.256747	F4Mkac2QrEOpOfkbOk	sha1	C9587E3D1E4FBCCF606DB3491D43CA0E4227D983	6118B35D68D49ED92FEB515C03B70A40C6EE6DB4	01A5AEB9F81267A125320A1071255C5F	good	-	-	1631034000.000000	1631077200.000000
1631060334.290212	FJ0wJV3etM93IhHbfb	sha1	C9587E3D1E4FBCCF606DB3491D43CA0E4227D983	6118B35D68D49ED92FEB515C03B70A40C6EE6DB4	01A5AEB9F81267A125320A1071255C5F	good	-	-	1631034000.000000	1631077200.000000
1631060334.999344	Feutlu4219BY9vsJr1	sha1	C9587E3D1E4FBCCF606DB3491D43CA0E4227D983	6118B35D68D49ED92FEB515C03B70A40C6EE6DB4	0192DE94A40B3BBFC95197C7A6360815	good	-	-	1631023200.000000	1631066400.000000
1631060335.001873	Fxa3T84r4TrUnybkol	sha1	C9587E3D1E4FBCCF606DB3491D43CA0E4227D983	6118B35D68D49ED92FEB515C03B70A40C6EE6DB4	0192DE94A40B3BBFC95197C7A6360815	good	-	-	1631023200.000000	1631066400.000000
1631060335.849270	F4WFtG33RxaA8nALNb	sha1	C9587E3D1E4FBCCF606DB3491D43CA0E4227D983	6118B35D68D49ED92FEB515C03B70A40C6EE6DB4	0192DE94A40B3BBFC95197C7A6360815	good	-	-	1631023200.000000	1631066400.000000
1631060335.849270	FjgEAZNFdWI89FKYg	sha1	777A7BA877D6F10F1CE9202196FB6B1A6E37F5ED	9058FFB09C75A8515477B1EDF2A34316389E6CC5	08F337125C72AD06EFE5F8DE252C21A5	good	-	-	1630780022.000000	1631382122.000000
1631060335.856016	FmkdAG2Q08qdTuqAjj	sha1	C9587E3D1E4FBCCF606DB3491D43CA0E4227D983	6118B35D68D49ED92FEB515C03B70A40C6EE6DB4	0192DE94A40B3BBFC95197C7A6360815	good	-	-	1631023200.000000	1631066400.000000
1631060335.890365	FnbaC916MD4qAb8vw	sha1	C9587E3D1E4FBCCF606DB3491D43CA0E4227D983	6118B35D68D49ED92FEB515C03B70A40C6EE6DB4	0192DE94A40B3BBFC95197C7A6360815	good	-	-	1631023200.000000	1631066400.000000
1631060335.903812	FXvMFH14x1KoRSWgw5	sha1	C9587E3D1E4FBCCF606DB3491D43CA0E4227D983	6118B35D68D49ED92FEB515C03B70A40C6EE6DB4	0192DE94A40B3BBFC95197C7A6360815	good	-	-	1631023200.000000	1631066400.000000
1631060335.912631	FHmORj2XXonzF6Jsrj	sha1	C9587E3D1E4FBCCF606DB3491D43CA0E4227D983	6118B35D68D49ED92FEB515C03B70A40C6EE6DB4	0192DE94A40B3BBFC95197C7A6360815	good	-	-	1631023200.000000	1631066400.000000
1631060335.916316	Feb6622sfhuyxJnXk3	sha1	C9587E3D1E4FBCCF606DB3491D43CA0E4227D983	6118B35D68D49ED92FEB515C03B70A40C6EE6DB4	0192DE94A40B3BBFC95197C7A6360815	good	-	-	1631023200.000000	1631066400.000000
1631060337.124163	FnpylU3YYjz65anp96	sha1	A303C0A8887BD479C4278EB5D7587D3C12C04DA4	FF2F7FE106F438F32DED258D98C2FE0EF66CFCFA	7F0012E261129541195FAC1A6000000012E261	good	-	-	1631034963.000000	1631380563.000000
1631060337.267861	Fd0eV64qKTKThDqam9	sha1	A303C0A8887BD479C4278EB5D7587D3C12C04DA4	FF2F7FE106F438F32DED258D98C2FE0EF66CFCFA	7F0012E261129541195FAC1A6000000012E261	good	-	-	1631034963.000000	1631380563.000000
1631060338.523173	FkGMf94kIZLJjkeHg2	sha1	13E976D98A217E47F5049E8ECB483E07E1898DEA	426D572D4F1F267774A62764F680FA8F4868FE7C	016C8CBC511B1CB7E1392372AED43481	good	-	-	1631026800.000000	1631070000.000000
1631060353.623576	FXT0iRXVLb0RojCdi	sha1	A303C0A8887BD479C4278EB5D7587D3C12C04DA4	FF2F7FE106F438F32DED258D98C2FE0EF66CFCFA	7F0014376AEEB6891A18DBE4E300000014376A	good	-	-	1631012093.000000	1631357693.000000
1631060409.172878	FJIOKd137OU9IKUa7a	sha1	521EE36C478119A9CB03FAB74E57E1197AF1818B	B5760C3011CEC792424D4CC75C2CC8A90CE80B64	6B0007583F25BE4C2465A6862900000007583F	good	-	-	1631019678.000000	1631365278.000000
1631060409.188759	F2PLw54VFEwDRd8E4	sha1	52FECA108DB4E5AB5268930D27C82FF215E24BB5	00AB91FC216226979AA8791B61419060A96267FD	33001BA4A476CDBD4923A1EBDB0000001BA4A4	good	-	-	1630980849.000000	1631461812.000000
1631060409.206103	F2SE3t1vknMs6duMo2	sha1	521EE36C478119A9CB03FAB74E57E1197AF1818B	B5760C3011CEC792424D4CC75C2CC8A90CE80B64	120015C2198C2B7D56CF852B6C00000015C219	good	-	-	1630922434.000000	1631268034.000000
1631060409.232348	FNaV1d3Rx2wle8rY47	sha1	105FA67A80089DB5279F35CE830B43889EA3C70D	0F80611C823161D52F28E78D4638B42CE1C6D9E2	03322995CF2B4157E3026407D3E66715	good	-	-	1630746902.000000	1631349002.000000
1631060409.735442	FxY0yc2cZQQmRt2n26	sha1	105FA67A80089DB5279F35CE830B43889EA3C70D	0F80611C823161D52F28E78D4638B42CE1C6D9E2	0A162A4FCCACC091FBD07A620925B187	good	-	-	1630613701.000000	1631215801.000000
1631060409.856166	Fqetr935fX8EqQFqr8	sha1	52FECA108DB4E5AB5268930D27C82FF215E24BB5	00AB91FC216226979AA8791B61419060A96267FD	330016541344127E5D03BDA38F000000165413	good	-	-	1630865649.000000	1631289013.000000
1631060410.074819	FQs0eU12t7Of9ASD92	sha1	A303C0A8887BD479C4278EB5D7587D3C12C04DA4	FF2F7FE106F438F32DED258D98C2FE0EF66CFCFA	7F0012E261129541195FAC1A6000000012E261	good	-	-	1630862503.000000	1631208103.000000
1631060410.116304	FxbEFz3JP6rvL6FxVb	sha1	52FECA108DB4E5AB5268930D27C82FF215E24BB5	00AB91FC216226979AA8791B61419060A96267FD	33001BA4A476CDBD4923A1EBDB0000001BA4A4	good	-	-	1630980849.000000	1631461812.000000
1631060410.122959	FdZq65GB1cxS98mDb	sha1	52FECA108DB4E5AB5268930D27C82FF215E24BB5	00AB91FC216226979AA8791B61419060A96267FD	33001BA4A476CDBD4923A1EBDB0000001BA4A4	good	-	-	1630980849.000000	1631461812.000000
1631060410.641175	FfoQaB30iFnBGc1qE5	sha1	7239BDE83E9709DD71D98312427F1FAE65B0BF6C	C7B29C7F1CE3B85AEFE9681AA85D94C126526A68	330018D19B3D561935EF1FC4FF00000018D19B	good	-	-	1630775374.000000	1631116207.000000
1631060568.462888	FYZvQU20RNUvwyPOg5	sha1	B6080D5F6C6B76EB13E438A5F8660BA85233344E	40C2BD278ECC348330A233D7FB6CB3F0B42C80CE	0FB53628EF64764E	good	-	-	1630962543.000000	1631092143.000000
1631060568.471660	FzxSg13mRCc2cHlW0i	sha1	B6080D5F6C6B76EB13E438A5F8660BA85233344E	40C2BD278ECC348330A233D7FB6CB3F0B42C80CE	0FB53628EF64764E	good	-	-	1630962543.000000	1631092143.000000
1631060568.471748	F58IO436MhGLkgGDde	sha1	B6080D5F6C6B76EB13E438A5F8660BA85233344E	40C2BD278ECC348330A233D7FB6CB3F0B42C80CE	0FB53628EF64764E	good	-	-	1630962543.000000	1631092143.000000
1631060568.472702	FbtRgm1eXzZdLzMNLk	sha1	B6080D5F6C6B76EB13E438A5F8660BA85233344E	40C2BD278ECC348330A233D7FB6CB3F0B42C80CE	0FB53628EF64764E	good	-	-	1630962543.000000	1631092143.000000
1631060568.475955	F0DV504mvSdiHa2ePf	sha1	B6080D5F6C6B76EB13E438A5F8660BA85233344E	40C2BD278ECC348330A233D7FB6CB3F0B42C80CE	0FB53628EF64764E	good	-	-	1630962543.000000	1631092143.000000
1631060568.476716	F4Uesu2fEhtZ7OTURh	sha1	B6080D5F6C6B76EB13E438A5F8660BA85233344E	40C2BD278ECC348330A233D7FB6CB3F0B42C80CE	0FB53628EF64764E	good	-	-	1630962543.000000	1631092143.000000
1631060568.855430	FYBzIe1dcLh7h0cjpj	sha1	105FA67A80089DB5279F35CE830B43889EA3C70D	0F80611C823161D52F28E78D4638B42CE1C6D9E2	081D807F662BC21E319C2609686EE61A	good	-	-	1630602180.000000	1631204280.000000
1631060568.866267	Fn5I4x1T39ERd72tcb	sha1	105FA67A80089DB5279F35CE830B43889EA3C70D	0F80611C823161D52F28E78D4638B42CE1C6D9E2	081D807F662BC21E319C2609686EE61A	good	-	-	1630602180.000000	1631204280.000000
1631060568.900560	F25zmQ2ffT6QkzEsSl	sha1	A303C0A8887BD479C4278EB5D7587D3C12C04DA4	FF2F7FE106F438F32DED258D98C2FE0EF66CFCFA	7F0012E261129541195FAC1A6000000012E261	good	-	-	1631034963.000000	1631380563.000000
1631060568.902057	F5lxww22UgNdVrIJch	sha1	A7C4B8B3DC5BB5581EA7D7F13AC569F56F48D789	748580C066C7DF37DECFBD2937AA031DBEEDCD17	07F25478BC4435B45056264985CB4644	good	-	-	1630947061.000000	1631549161.000000
1631060568.932292	FExtSs4AGmRbsOraT4	sha1	E4E395A229D3D4C1C31FF0980C0B4EC0098AABD8	B76BA2EAA8AA848C79EAB4DA0F98B2C59576B9F4	0E6283BEB1F7F9E30216AEBE086353F1	good	-	-	1630984142.000000	1631586242.000000
1631060568.967432	FHbK5cqfXehPfOh5f	sha1	33F5AAC61D66E7055D03173A4D1F3E187138850D	59A4660652A07B95923CA394072796745BF93DD0	01294940BC289C4E45392A0373D8B146	good	-	-	1630994222.000000	1631596322.000000
1631060568.967499	FY6Kv14Yn8BFPKjmg2	sha1	33F5AAC61D66E7055D03173A4D1F3E187138850D	59A4660652A07B95923CA394072796745BF93DD0	01294940BC289C4E45392A0373D8B146	good	-	-	1630994222.000000	1631596322.000000
1631060569.196849	FFeDFn3RYBIzjHyOvd	sha1	CF26F518FAC97E8F8CB342E01C2F6A109E8E5F0A	5168FF90AF0207753CCCD9656462A212B859723B	08AC5D5F075F11E9D93B98C8D7B050E7	good	-	-	1631037421.000000	1631639521.000000
1631060569.406845	Fu1VD13UPmUt7j8Vjl	sha1	105FA67A80089DB5279F35CE830B43889EA3C70D	0F80611C823161D52F28E78D4638B42CE1C6D9E2	06D3C1D3818C1A961970244000B25CA7	good	-	-	1630681382.000000	1631283482.000000
1631060570.132404	FUASrP2aLfgomKXRuc	sha1	CF26F518FAC97E8F8CB342E01C2F6A109E8E5F0A	5168FF90AF0207753CCCD9656462A212B859723B	08AC5D5F075F11E9D93B98C8D7B050E7	good	-	-	1631037421.000000	1631639521.000000
1631060686.707742	FqAlg81JfZ4o72C4y2	sha1	13E976D98A217E47F5049E8ECB483E07E1898DEA	426D572D4F1F267774A62764F680FA8F4868FE7C	01A5EFC7DB2BB051070248418B377AA1	good	-	-	1631044800.000000	1631088000.000000
1631060687.163901	FfcINe3rMe3OqSWOGk	sha1	13E976D98A217E47F5049E8ECB483E07E1898DEA	426D572D4F1F267774A62764F680FA8F4868FE7C	01A5EFC7DB2BB051070248418B377AA1	good	-	-	1631044800.000000	1631088000.000000
1631060687.177782	F6hOxb2Ipe9XBke8i5	sha1	13E976D98A217E47F5049E8ECB483E07E1898DEA	426D572D4F1F267774A62764F680FA8F4868FE7C	01A5EFC7DB2BB051070248418B377AA1	good	-	-	1631044800.000000	1631088000.000000
1631060687.178118	F3aKet174n7kZTICWd	sha1	13E976D98A217E47F5049E8ECB483E07E1898DEA	426D572D4F1F267774A62764F680FA8F4868FE7C	01A5EFC7DB2BB051070248418B377AA1	good	-	-	1631044800.000000	1631088000.000000
1631060687.193667	FY9Vq50qOoD8VSCGk	sha1	777A7BA877D6F10F1CE9202196FB6B1A6E37F5ED	9058FFB09C75A8515477B1EDF2A34316389E6CC5	08F337125C72AD06EFE5F8DE252C21A5	good	-	-	1630693621.000000	1631295721.000000
1631060687.210447	FEG4h14NXpWKzwlNV9	sha1	13E976D98A217E47F5049E8ECB483E07E1898DEA	426D572D4F1F267774A62764F680FA8F4868FE7C	01C7DE67A8B5B3240841758E1769576F	good	-	-	1631030400.000000	1631073600.000000
1631060687.250126	FsusMF1BzgahKUttra	sha1	13E976D98A217E47F5049E8ECB483E07E1898DEA	426D572D4F1F267774A62764F680FA8F4868FE7C	01A5EFC7DB2BB051070248418B377AA1	good	-	-	1631044800.000000	1631088000.000000
1631060687.344019	FlW7i61ThZ8K2fZFZ	sha1	13E976D98A217E47F5049E8ECB483E07E1898DEA	426D572D4F1F267774A62764F680FA8F4868FE7C	01A5EFC7DB2BB051070248418B377AA1	good	-	-	1631044800.000000	1631088000.000000
1631060687.346676	Fn5Mee1YmIfYuOizc4	sha1	13E976D98A217E47F5049E8ECB483E07E1898DEA	426D572D4F1F267774A62764F680FA8F4868FE7C	01A5EFC7DB2BB051070248418B377AA1	good	-	-	1631044800.000000	1631088000.000000
1631060688.358605	FIxIBF4XE5ARxjWngj	sha1	777A7BA877D6F10F1CE9202196FB6B1A6E37F5ED	9058FFB09C75A8515477B1EDF2A34316389E6CC5	08F337125C72AD06EFE5F8DE252C21A5	good	-	-	1630780022.000000	1631382122.000000
1631060688.382556	FNfkHQ18UNl8mwEeB4	sha1	777A7BA877D6F10F1CE9202196FB6B1A6E37F5ED	9058FFB09C75A8515477B1EDF2A34316389E6CC5	08F337125C72AD06EFE5F8DE252C21A5	good	-	-	1630780022.000000	1631382122.000000
1631060688.527105	FlxG3h38HEqeAY3Aij	sha1	48DAC9A0FB2BD32D4FF0DE68D2F567B735F9B3C4	142EB317B75856CBAE500940E61FAF9D8B14C2C6	0441A1F1F6934FF0D5619E5DF1F243922B94	good	-	-	1630630800.000000	1631235600.000000
1631060688.593403	F4prxc3lWwQosakW95	sha1	48DAC9A0FB2BD32D4FF0DE68D2F567B735F9B3C4	142EB317B75856CBAE500940E61FAF9D8B14C2C6	0441A1F1F6934FF0D5619E5DF1F243922B94	good	-	-	1630630800.000000	1631235600.000000
1631060689.571330	FPaRhv37K8X0hm1uIc	sha1	3A1979741DCF77D3D6572B57CAFFF6F62B1D5A3A	EE9A2E46F0C2DA3C5CC78CD6A47598DEA8190A65	03A39635EA6B8A1F5CBD955581E64937	good	-	-	1631008622.000000	1631610722.000000
1631060689.640782	Fhz8F82HURbnTqTSk1	sha1	777A7BA877D6F10F1CE9202196FB6B1A6E37F5ED	9058FFB09C75A8515477B1EDF2A34316389E6CC5	08F337125C72AD06EFE5F8DE252C21A5	good	-	-	1630780022.000000	1631382122.000000
1631060689.843365	Fjkjf42ozvoGdaSWR	sha1	3A1979741DCF77D3D6572B57CAFFF6F62B1D5A3A	EE9A2E46F0C2DA3C5CC78CD6A47598DEA8190A65	03A39635EA6B8A1F5CBD955581E64937	good	-	-	1631008622.000000	1631610722.000000
1631060689.888802	FCRDdf4QSJuAWAjsul	sha1	3A1979741DCF77D3D6572B57CAFFF6F62B1D5A3A	EE9A2E46F0C2DA3C5CC78CD6A47598DEA8190A65	03A39635EA6B8A1F5CBD955581E64937	good	-	-	1631008622.000000	1631610722.000000
1631060691.000216	FWmZiE1HudIumtXzP	sha1	3A1979741DCF77D3D6572B57CAFFF6F62B1D5A3A	EE9A2E46F0C2DA3C5CC78CD6A47598DEA8190A65	03A39635EA6B8A1F5CBD955581E64937	good	-	-	1631008622.000000	1631610722.000000
1631060692.516692	FS87ZL1u0rY8qgwBvf	sha1	33F5AAC61D66E7055D03173A4D1F3E187138850D	59A4660652A07B95923CA394072796745BF93DD0	0C46B1BAEA6D00990C71EEA09E06EA51	good	-	-	1630971900.000000	1631574000.000000
1631060692.519883	F13wZ31Q7hF3gIDXZh	sha1	33F5AAC61D66E7055D03173A4D1F3E187138850D	59A4660652A07B95923CA394072796745BF93DD0	0C46B1BAEA6D00990C71EEA09E06EA51	good	-	-	1630971900.000000	1631574000.000000
1631060692.525253	FoU1YY2cPc94PSflTj	sha1	33F5AAC61D66E7055D03173A4D1F3E187138850D	59A4660652A07B95923CA394072796745BF93DD0	0C46B1BAEA6D00990C71EEA09E06EA51	good	-	-	1630971900.000000	1631574000.000000
1631060692.533332	Fsd2OC1iIatj9aCNRj	sha1	33F5AAC61D66E7055D03173A4D1F3E187138850D	59A4660652A07B95923CA394072796745BF93DD0	0C46B1BAEA6D00990C71EEA09E06EA51	good	-	-	1630971900.000000	1631574000.000000
1631060692.726416	FqXS4y2SetQy9BTnT1	sha1	13E976D98A217E47F5049E8ECB483E07E1898DEA	426D572D4F1F267774A62764F680FA8F4868FE7C	01CBE38D6D7FC6FC1334FCFBA82CF6A6	good	-	-	1631030400.000000	1631073600.000000
1631060712.931297	Fj1qE021XAP7IWxGlc	sha1	105FA67A80089DB5279F35CE830B43889EA3C70D	0F80611C823161D52F28E78D4638B42CE1C6D9E2	065E20EEEEB6C7EE647EC561735F5376	good	-	-	1631024102.000000	1631626202.000000
1631060712.932116	FDk7LO3QImGP8BPry6	sha1	105FA67A80089DB5279F35CE830B43889EA3C70D	0F80611C823161D52F28E78D4638B42CE1C6D9E2	065E20EEEEB6C7EE647EC561735F5376	good	-	-	1631024102.000000	1631626202.000000
1631060814.266845	FOEyfW2uXJ1gXZxNk7	sha1	12D78B402C356206FA827F8ED8922411B4ACF504	A5CE37EAEBB0750E946788B445FAD9241087961F	0A80BB36137CFBE8902D8F39D42593DA	good	-	-	1630961821.000000	1631563921.000000
1631060814.652050	FHtfk23hJjFYs9SECf	sha1	12D78B402C356206FA827F8ED8922411B4ACF504	A5CE37EAEBB0750E946788B445FAD9241087961F	0A80BB36137CFBE8902D8F39D42593DA	good	-	-	1630961821.000000	1631563921.000000
1631060817.123500	FCoOo9YWoScCdCZQb	sha1	2B1D1E98CCF37604D6C1C8BD15A224C804130038	0ABC0829178CA5396D7A0ECE33C72EB3EDFBC37A	0A8CDE5EB05E0A560594FD3440810D32	good	-	-	1631048221.000000	1631650321.000000
1631060818.212534	F6Svph2gTxNTDNJ6fl	sha1	105FA67A80089DB5279F35CE830B43889EA3C70D	0F80611C823161D52F28E78D4638B42CE1C6D9E2	09DFA826FCB71D793A63AF911B327CE9	good	-	-	1630871461.000000	1631473561.000000
1631060833.793742	FQYGmc43uL19gHLVnb	sha1	A303C0A8887BD479C4278EB5D7587D3C12C04DA4	FF2F7FE106F438F32DED258D98C2FE0EF66CFCFA	7F0000EEB7AD0BD49427B0A2CA00000000EEB7	good	-	-	1631014888.000000	1631360488.000000
1631060833.802191	FGxAuD1wTAfSHsJ8x	sha1	A303C0A8887BD479C4278EB5D7587D3C12C04DA4	FF2F7FE106F438F32DED258D98C2FE0EF66CFCFA	7F0012E261129541195FAC1A6000000012E261	good	-	-	1630737858.000000	1631083458.000000
1631060880.956621	Fq0mBE1QKGMQyDjFV6	sha1	777A7BA877D6F10F1CE9202196FB6B1A6E37F5ED	9058FFB09C75A8515477B1EDF2A34316389E6CC5	0387FC5EF584E5B19342985C41BF47A4	good	-	-	1630748701.000000	1631350801.000000
1631060881.828667	FGdS1437JAvmmojqpl	sha1	13E976D98A217E47F5049E8ECB483E07E1898DEA	426D572D4F1F267774A62764F680FA8F4868FE7C	012F9762F957B4765BD5CE95C6BCB456	good	-	-	1631041200.000000	1631084400.000000
1631060881.844673	FDyCKj1IWkkUzS1JE8	sha1	105FA67A80089DB5279F35CE830B43889EA3C70D	0F80611C823161D52F28E78D4638B42CE1C6D9E2	0496A22DB8EF5C9F06DC02715B25568F	good	-	-	1630841221.000000	1631443321.000000
1631060883.172667	FGJa8k2WEjqFBM6RVk	sha1	3A1979741DCF77D3D6572B57CAFFF6F62B1D5A3A	EE9A2E46F0C2DA3C5CC78CD6A47598DEA8190A65	03A39635EA6B8A1F5CBD955581E64937	good	-	-	1631008622.000000	1631610722.000000
1631060883.180596	FMY7mV3GF7AP7CQWCf	sha1	777A7BA877D6F10F1CE9202196FB6B1A6E37F5ED	9058FFB09C75A8515477B1EDF2A34316389E6CC5	08F337125C72AD06EFE5F8DE252C21A5	good	-	-	1630780022.000000	1631382122.000000
1631060883.196615	FYJeFDx7yUXxwvWN1	sha1	3A1979741DCF77D3D6572B57CAFFF6F62B1D5A3A	EE9A2E46F0C2DA3C5CC78CD6A47598DEA8190A65	03A39635EA6B8A1F5CBD955581E64937	good	-	-	1631008622.000000	1631610722.000000
1631060883.244721	FqOWP04f2TdhDsP7Th	sha1	777A7BA877D6F10F1CE9202196FB6B1A6E37F5ED	9058FFB09C75A8515477B1EDF2A34316389E6CC5	08F337125C72AD06EFE5F8DE252C21A5	good	-	-	1630780022.000000	1631382122.000000
1631060883.628892	FSgbJq1DfZESqnLnqf	sha1	105FA67A80089DB5279F35CE830B43889EA3C70D	0F80611C823161D52F28E78D4638B42CE1C6D9E2	03322995CF2B4157E3026407D3E66715	good	-	-	1630833301.000000	1631435401.000000
1631060883.644653	FArkyy1JiGJrgYiYyi	sha1	105FA67A80089DB5279F35CE830B43889EA3C70D	0F80611C823161D52F28E78D4638B42CE1C6D9E2	03322995CF2B4157E3026407D3E66715	good	-	-	1630833301.000000	1631435401.000000
1631060883.804684	FMuZBj1PylycbN93Mb	sha1	105FA67A80089DB5279F35CE830B43889EA3C70D	0F80611C823161D52F28E78D4638B42CE1C6D9E2	03322995CF2B4157E3026407D3E66715	good	-	-	1630833301.000000	1631435401.000000
1631060883.908657	Fa7pfu2mJrMJwfpuQ1	sha1	105FA67A80089DB5279F35CE830B43889EA3C70D	0F80611C823161D52F28E78D4638B42CE1C6D9E2	03322995CF2B4157E3026407D3E66715	good	-	-	1630919701.000000	1631521801.000000
1631060884.436683	FH4wXr1R3lRH303ek2	sha1	105FA67A80089DB5279F35CE830B43889EA3C70D	0F80611C823161D52F28E78D4638B42CE1C6D9E2	0496A22DB8EF5C9F06DC02715B25568F	good	-	-	1630927620.000000	1631529720.000000
1631060885.868683	FVBEqf2UBGxGGHQHXi	sha1	E4E395A229D3D4C1C31FF0980C0B4EC0098AABD8	B76BA2EAA8AA848C79EAB4DA0F98B2C59576B9F4	04CC0014653667D8E633EF62F1D4B493	good	-	-	1630669502.000000	1631271602.000000
1631060885.868683	FEBrNS1VVoAYj5GqK1	sha1	105FA67A80089DB5279F35CE830B43889EA3C70D	0F80611C823161D52F28E78D4638B42CE1C6D9E2	0D876DA28725D8E14A977D660FD8AFEE	good	-	-	1630719901.000000	1631322001.000000
1631060887.460642	FuvSQp1omqFt6c45Z6	sha1	2B1D1E98CCF37604D6C1C8BD15A224C804130038	0ABC0829178CA5396D7A0ECE33C72EB3EDFBC37A	0A8CDE5EB05E0A560594FD3440810D32	good	-	-	1631048221.000000	1631650321.000000
1631060896.024620	FGKOcF3nrml74OzA95	sha1	777A7BA877D6F10F1CE9202196FB6B1A6E37F5ED	9058FFB09C75A8515477B1EDF2A34316389E6CC5	08F337125C72AD06EFE5F8DE252C21A5	good	-	-	1630780022.000000	1631382122.000000
1631060896.288633	F9h2rW3YCd8LdmpyDj	sha1	777A7BA877D6F10F1CE9202196FB6B1A6E37F5ED	9058FFB09C75A8515477B1EDF2A34316389E6CC5	08F337125C72AD06EFE5F8DE252C21A5	good	-	-	1630693621.000000	1631295721.000000
1631060896.336695	FX9R3jEWDQYg581qe	sha1	CF26F518FAC97E8F8CB342E01C2F6A109E8E5F0A	5168FF90AF0207753CCCD9656462A212B859723B	03AABECE8568D3DA57E1B79A5092CC86	good	-	-	1631008622.000000	1631610722.000000
1631060896.384595	FNwMyzL6HQa374KHi	sha1	33F5AAC61D66E7055D03173A4D1F3E187138850D	59A4660652A07B95923CA394072796745BF93DD0	01294940BC289C4E45392A0373D8B146	good	-	-	1630994222.000000	1631596322.000000
1631060924.348667	FhrMN84qxjnAmrhAR1	sha1	13E976D98A217E47F5049E8ECB483E07E1898DEA	426D572D4F1F267774A62764F680FA8F4868FE7C	016E04DEFE2548C3C16C124CE371DE2F	good	-	-	1631034000.000000	1631077200.000000
1631060925.628647	F4f74i4eqSalhcT8Fa	sha1	A303C0A8887BD479C4278EB5D7587D3C12C04DA4	FF2F7FE106F438F32DED258D98C2FE0EF66CFCFA	7F0012E261129541195FAC1A6000000012E261	good	-	-	1631045765.000000	1631391365.000000
1631060960.756731	FPcj3kWoA7Gf0gaGf	sha1	105FA67A80089DB5279F35CE830B43889EA3C70D	0F80611C823161D52F28E78D4638B42CE1C6D9E2	0733A4F71BB6D26BA6D45E7D98BA18F7	good	-	-	1630683541.000000	1631285641.000000
1631061044.340645	Fnn9dmguiqIIQwvo3	sha1	13E976D98A217E47F5049E8ECB483E07E1898DEA	426D572D4F1F267774A62764F680FA8F4868FE7C	0120621C4127BF3E2230A605BCB9C88D	good	-	-	1631030400.000000	1631073600.000000
1631061045.284715	F5glss3QL4bVsUuFR6	sha1	A303C0A8887BD479C4278EB5D7587D3C12C04DA4	FF2F7FE106F438F32DED258D98C2FE0EF66CFCFA	7F0012E261129541195FAC1A6000000012E261	good	-	-	1630748701.000000	1631094301.000000
1631061045.292672	FEz2234O4t4kvNpLni	sha1	A7C4B8B3DC5BB5581EA7D7F13AC569F56F48D789	748580C066C7DF37DECFBD2937AA031DBEEDCD17	07F25478BC4435B45056264985CB4644	good	-	-	1630947061.000000	1631549161.000000
1631061045.308719	FK9DRk3GI2yQjakFv9	sha1	430BD20E4F137A1A6C918F24E5DA7E324D4733C8	8D8C5EC454AD8AE177E99BF99B05E1B8018D61E1	7C3C8843C47EC2D3B90520D8A8B0ADC4	good	-	-	1630923523.000000	1631528323.000000
1631061045.916710	FGKRoo4LlhrLhB6TZ1	sha1	105FA67A80089DB5279F35CE830B43889EA3C70D	0F80611C823161D52F28E78D4638B42CE1C6D9E2	06D3C1D3818C1A961970244000B25CA7	good	-	-	1630681382.000000	1631283482.000000
1631061045.916710	FRZNtG3g5BIFm1mnxc	sha1	105FA67A80089DB5279F35CE830B43889EA3C70D	0F80611C823161D52F28E78D4638B42CE1C6D9E2	06D3C1D3818C1A961970244000B25CA7	good	-	-	1630681382.000000	1631283482.000000
1631061059.004593	FNb7Wi4Pxt3aS0cz1d	sha1	E4E395A229D3D4C1C31FF0980C0B4EC0098AABD8	B76BA2EAA8AA848C79EAB4DA0F98B2C59576B9F4	0A061B985BF9DA866F483ACE9F640A51	good	-	-	1630958941.000000	1631561041.000000
1631061059.812695	Ft9z79uGMnHDzIHj4	sha1	E4E395A229D3D4C1C31FF0980C0B4EC0098AABD8	B76BA2EAA8AA848C79EAB4DA0F98B2C59576B9F4	041FF4BD2415DD492734435FA0F13524	good	-	-	1631011142.000000	1631613242.000000
1631061059.820646	F0KiXS23UQInJ7N0f1	sha1	E4E395A229D3D4C1C31FF0980C0B4EC0098AABD8	B76BA2EAA8AA848C79EAB4DA0F98B2C59576B9F4	041FF4BD2415DD492734435FA0F13524	good	-	-	1631011142.000000	1631613242.000000
1631061059.828898	FO9x8I1oqKebAKuFGk	sha1	E4E395A229D3D4C1C31FF0980C0B4EC0098AABD8	B76BA2EAA8AA848C79EAB4DA0F98B2C59576B9F4	041FF4BD2415DD492734435FA0F13524	good	-	-	1631011142.000000	1631613242.000000
1631061059.828898	FpP5jZcZoHuISAjQg	sha1	E4E395A229D3D4C1C31FF0980C0B4EC0098AABD8	B76BA2EAA8AA848C79EAB4DA0F98B2C59576B9F4	041FF4BD2415DD492734435FA0F13524	good	-	-	1631011142.000000	1631613242.000000
1631061059.836594	FgcSkFjsvwhPIUZf5	sha1	E4E395A229D3D4C1C31FF0980C0B4EC0098AABD8	B76BA2EAA8AA848C79EAB4DA0F98B2C59576B9F4	041FF4BD2415DD492734435FA0F13524	good	-	-	1631011142.000000	1631613242.000000
1631061059.836594	FnSr9Ik1QXNgruhW1	sha1	E4E395A229D3D4C1C31FF0980C0B4EC0098AABD8	B76BA2EAA8AA848C79EAB4DA0F98B2C59576B9F4	041FF4BD2415DD492734435FA0F13524	good	-	-	1631011142.000000	1631613242.000000
1631061059.996616	F6YTii3299XLOKJpZh	sha1	52FECA108DB4E5AB5268930D27C82FF215E24BB5	00AB91FC216226979AA8791B61419060A96267FD	33001A98F56105FD03F3A31A0D0000001A98F5	good	-	-	1630980849.000000	1631461812.000000
1631061067.140694	FraPm4E8mEq5POcGg	sha1	A303C0A8887BD479C4278EB5D7587D3C12C04DA4	FF2F7FE106F438F32DED258D98C2FE0EF66CFCFA	7F0014376AEEB6891A18DBE4E300000014376A	good	-	-	1631029696.000000	1631375296.000000
1631061089.572616	FKqmn31f3yhZbvvW9d	sha1	6B7064FE6A7443DC2D6D5B79ECACA7AE5C2EC33F	F8EF7FF2CD7867A8DE6F8F248D88F1870302B3EB	63C6808ABD8D13813ECA786E	good	-	-	1630940376.000000	1631285976.000000
1631061090.468594	FBzrmdU8UQzZt9u83	sha1	6B7064FE6A7443DC2D6D5B79ECACA7AE5C2EC33F	F8EF7FF2CD7867A8DE6F8F248D88F1870302B3EB	63C6808ABD8D13813ECA786E	good	-	-	1630800295.000000	1631145895.000000
1631061095.308700	Fyzdj52CNDG77AnaB	sha1	CF26F518FAC97E8F8CB342E01C2F6A109E8E5F0A	5168FF90AF0207753CCCD9656462A212B859723B	03AABECE8568D3DA57E1B79A5092CC86	good	-	-	1631008622.000000	1631610722.000000
1631061095.308700	F6z0Ug4dOFEz2fnGLk	sha1	CF26F518FAC97E8F8CB342E01C2F6A109E8E5F0A	5168FF90AF0207753CCCD9656462A212B859723B	03AABECE8568D3DA57E1B79A5092CC86	good	-	-	1631008622.000000	1631610722.000000
1631061097.124678	F1TdiP3S5lF1n5yWi6	sha1	105FA67A80089DB5279F35CE830B43889EA3C70D	0F80611C823161D52F28E78D4638B42CE1C6D9E2	08DA1F110A1F09E91EFEA3AAAAAED58C	good	-	-	1630865701.000000	1631467801.000000
1631061097.468668	Fw7rNO1M8cDNkqpca	sha1	105FA67A80089DB5279F35CE830B43889EA3C70D	0F80611C823161D52F28E78D4638B42CE1C6D9E2	0B4AD6D9419CBEEA531C63778A052426	good	-	-	1630879740.000000	1631481840.000000
1631061123.068906	FUY3CfyXgAxOGBMVf	sha1	521EE36C478119A9CB03FAB74E57E1197AF1818B	B5760C3011CEC792424D4CC75C2CC8A90CE80B64	6B0007583F25BE4C2465A6862900000007583F	good	-	-	1630809480.000000	1631155080.000000
1631061123.068906	FneykGUN2YKYhR2md	sha1	52FECA108DB4E5AB5268930D27C82FF215E24BB5	00AB91FC216226979AA8791B61419060A96267FD	33001BA4A476CDBD4923A1EBDB0000001BA4A4	good	-	-	1630980849.000000	1631461812.000000
1631061123.100626	FOt7lZ3BlsOTGhqUBf	sha1	521EE36C478119A9CB03FAB74E57E1197AF1818B	B5760C3011CEC792424D4CC75C2CC8A90CE80B64	120015C2198C2B7D56CF852B6C00000015C219	good	-	-	1630989107.000000	1631334707.000000
1631061123.112626	FBLka33npXeLuW1dr	sha1	105FA67A80089DB5279F35CE830B43889EA3C70D	0F80611C823161D52F28E78D4638B42CE1C6D9E2	03322995CF2B4157E3026407D3E66715	good	-	-	1630919701.000000	1631521801.000000
1631061123.672630	FQmKc348FmTD1kQYeg	sha1	105FA67A80089DB5279F35CE830B43889EA3C70D	0F80611C823161D52F28E78D4638B42CE1C6D9E2	0A162A4FCCACC091FBD07A620925B187	good	-	-	1630700102.000000	1631302202.000000
1631061123.684835	FUBjQF33fb4tMybAX3	sha1	52FECA108DB4E5AB5268930D27C82FF215E24BB5	00AB91FC216226979AA8791B61419060A96267FD	330016541344127E5D03BDA38F000000165413	good	-	-	1630966449.000000	1631289013.000000
1631061123.976625	FVQOgxhTBuWpfQ6K4	sha1	A303C0A8887BD479C4278EB5D7587D3C12C04DA4	FF2F7FE106F438F32DED258D98C2FE0EF66CFCFA	7F0012E261129541195FAC1A6000000012E261	good	-	-	1631014671.000000	1631360271.000000
1631061124.692615	FX5ElMNay05H45MS7	sha1	7239BDE83E9709DD71D98312427F1FAE65B0BF6C	C7B29C7F1CE3B85AEFE9681AA85D94C126526A68	330018D19B3D561935EF1FC4FF00000018D19B	good	-	-	1630876174.000000	1631289016.000000
1631061124.828605	FKEXs43htWQqWexeX1	sha1	7239BDE83E9709DD71D98312427F1FAE65B0BF6C	C7B29C7F1CE3B85AEFE9681AA85D94C126526A68	330018D19B3D561935EF1FC4FF00000018D19B	good	-	-	1630876174.000000	1631289016.000000
1631061143.868626	F1UTOx4YjRhKmoRDkd	sha1	A87E303106E4E88565CFE952598FA6DA7C00532F	246E2B2DD06A925151256901AA9A47A689E74020	052FAAFB2484474DC7C3AF1063698A78	good	-	-	1631017262.000000	1631619362.000000
1631061146.572738	FvByTl2O2L0JLdJMn1	sha1	33F5AAC61D66E7055D03173A4D1F3E187138850D	59A4660652A07B95923CA394072796745BF93DD0	09DC02E499AEA91C76F44B4E0597B25C	good	-	-	1631044261.000000	1631646361.000000
1631061146.668679	F346Ov21RQCqDWBn9j	sha1	33F5AAC61D66E7055D03173A4D1F3E187138850D	59A4660652A07B95923CA394072796745BF93DD0	09DC02E499AEA91C76F44B4E0597B25C	good	-	-	1631044261.000000	1631646361.000000
1631061146.820679	F628N84Fm86EtAOsS	sha1	33F5AAC61D66E7055D03173A4D1F3E187138850D	59A4660652A07B95923CA394072796745BF93DD0	01294940BC289C4E45392A0373D8B146	good	-	-	1630994222.000000	1631596322.000000
1631061146.820679	FQegtH36iYrMbbFW8b	sha1	33F5AAC61D66E7055D03173A4D1F3E187138850D	59A4660652A07B95923CA394072796745BF93DD0	037C829128B558AEE9E52BC855F92694	good	-	-	1631007541.000000	1631609641.000000
1631061146.820679	FRrT1y4VQDc8Z24nK2	sha1	33F5AAC61D66E7055D03173A4D1F3E187138850D	59A4660652A07B95923CA394072796745BF93DD0	037C829128B558AEE9E52BC855F92694	good	-	-	1631007541.000000	1631609641.000000
1631061148.728696	FYbaCd1x3D2pFJ4Phl	sha1	33F5AAC61D66E7055D03173A4D1F3E187138850D	59A4660652A07B95923CA394072796745BF93DD0	080EAA491AD453381A7880F4A09DC66E	good	-	-	1631033821.000000	1631635921.000000
1631061148.832704	F5Qe0c4hIojcVtNIi3	sha1	33F5AAC61D66E7055D03173A4D1F3E187138850D	59A4660652A07B95923CA394072796745BF93DD0	080EAA491AD453381A7880F4A09DC66E	good	-	-	1631033821.000000	1631635921.000000
1631061149.448679	FFh0brZ8ID7tN1KD2	sha1	33F5AAC61D66E7055D03173A4D1F3E187138850D	59A4660652A07B95923CA394072796745BF93DD0	080EAA491AD453381A7880F4A09DC66E	good	-	-	1631033821.000000	1631635921.000000
1631061150.408700	FMhe71CsJ6axVLKVl	sha1	E4E395A229D3D4C1C31FF0980C0B4EC0098AABD8	B76BA2EAA8AA848C79EAB4DA0F98B2C59576B9F4	0E6283BEB1F7F9E30216AEBE086353F1	good	-	-	1630984142.000000	1631586242.000000
1631061150.424678	FLJUYy2K8YvfQC7V0f	sha1	E4E395A229D3D4C1C31FF0980C0B4EC0098AABD8	B76BA2EAA8AA848C79EAB4DA0F98B2C59576B9F4	0E6283BEB1F7F9E30216AEBE086353F1	good	-	-	1630984142.000000	1631586242.000000
1631061150.512707	FM9FH42YaQlwmTrvo4	sha1	E4E395A229D3D4C1C31FF0980C0B4EC0098AABD8	B76BA2EAA8AA848C79EAB4DA0F98B2C59576B9F4	0E6283BEB1F7F9E30216AEBE086353F1	good	-	-	1630984142.000000	1631586242.000000
1631061150.800636	FQlgMj3NDP4tu5LIu6	sha1	E4E395A229D3D4C1C31FF0980C0B4EC0098AABD8	B76BA2EAA8AA848C79EAB4DA0F98B2C59576B9F4	0C08E1AF6687B29BE91CB4F0E7D7A838	good	-	-	1630970460.000000	1631572560.000000
1631061151.544676	FZvuY93iIP333KOnyf	sha1	E4E395A229D3D4C1C31FF0980C0B4EC0098AABD8	B76BA2EAA8AA848C79EAB4DA0F98B2C59576B9F4	0C08E1AF6687B29BE91CB4F0E7D7A838	good	-	-	1630970460.000000	1631572560.000000
1631061151.656609	FNTilB31MbUsuNtf3k	sha1	E4E395A229D3D4C1C31FF0980C0B4EC0098AABD8	B76BA2EAA8AA848C79EAB4DA0F98B2C59576B9F4	0C08E1AF6687B29BE91CB4F0E7D7A838	good	-	-	1630970460.000000	1631572560.000000
1631061151.656609	F0uzKC28GzyU1vNKHi	sha1	E4E395A229D3D4C1C31FF0980C0B4EC0098AABD8	B76BA2EAA8AA848C79EAB4DA0F98B2C59576B9F4	0C08E1AF6687B29BE91CB4F0E7D7A838	good	-	-	1630970460.000000	1631572560.000000
1631061151.664633	FW0qNTvbszJGIBt54	sha1	E4E395A229D3D4C1C31FF0980C0B4EC0098AABD8	B76BA2EAA8AA848C79EAB4DA0F98B2C59576B9F4	0C08E1AF6687B29BE91CB4F0E7D7A838	good	-	-	1630970460.000000	1631572560.000000
1631061151.680630	FnvTvL38hBzpB9mNRg	sha1	E4E395A229D3D4C1C31FF0980C0B4EC0098AABD8	B76BA2EAA8AA848C79EAB4DA0F98B2C59576B9F4	0C08E1AF6687B29BE91CB4F0E7D7A838	good	-	-	1630970460.000000	1631572560.000000
1631061151.680630	F79xQu1Bu9m3NWEwUh	sha1	E4E395A229D3D4C1C31FF0980C0B4EC0098AABD8	B76BA2EAA8AA848C79EAB4DA0F98B2C59576B9F4	0C08E1AF6687B29BE91CB4F0E7D7A838	good	-	-	1630970460.000000	1631572560.000000
1631061152.908626	FVP1FUrJvaAWRnVPh	sha1	33F5AAC61D66E7055D03173A4D1F3E187138850D	59A4660652A07B95923CA394072796745BF93DD0	080EAA491AD453381A7880F4A09DC66E	good	-	-	1631033821.000000	1631635921.000000
1631061179.776616	FbQWpT3OnpSUYV73J6	sha1	105FA67A80089DB5279F35CE830B43889EA3C70D	0F80611C823161D52F28E78D4638B42CE1C6D9E2	0360325CAA54AF09B99CC6ECE88659CC	good	-	-	1630575180.000000	1631177280.000000
1631061179.876626	FgnFeV1uu07HqukVA	sha1	105FA67A80089DB5279F35CE830B43889EA3C70D	0F80611C823161D52F28E78D4638B42CE1C6D9E2	0360325CAA54AF09B99CC6ECE88659CC	good	-	-	1630747981.000000	1631350081.000000
1631061181.040626	Fd7nyg4dYfKgV7qaFh	sha1	105FA67A80089DB5279F35CE830B43889EA3C70D	0F80611C823161D52F28E78D4638B42CE1C6D9E2	081D807F662BC21E319C2609686EE61A	good	-	-	1630515780.000000	1631117880.000000
1631061181.040626	F41LnHRYSQjKpt9Q5	sha1	105FA67A80089DB5279F35CE830B43889EA3C70D	0F80611C823161D52F28E78D4638B42CE1C6D9E2	04BFCA0D8148C85D2334C8BCB5328156	good	-	-	1630928340.000000	1631530440.000000
1631061182.256627	FfwngN10VSpd8Ve85c	sha1	A303C0A8887BD479C4278EB5D7587D3C12C04DA4	FF2F7FE106F438F32DED258D98C2FE0EF66CFCFA	7F0012E261129541195FAC1A6000000012E261	good	-	-	1631009086.000000	1631354686.000000
1631061182.296614	FrkK1f2MWVMW2yIWW5	sha1	A7C4B8B3DC5BB5581EA7D7F13AC569F56F48D789	748580C066C7DF37DECFBD2937AA031DBEEDCD17	07F25478BC4435B45056264985CB4644	good	-	-	1630947061.000000	1631549161.000000
1631061182.736610	FpCe0E3OzS2LSMrEBg	sha1	105FA67A80089DB5279F35CE830B43889EA3C70D	0F80611C823161D52F28E78D4638B42CE1C6D9E2	06D3C1D3818C1A961970244000B25CA7	good	-	-	1630681382.000000	1631283482.000000
1631061182.968625	Fgf1s419M07iblWcGk	sha1	CF26F518FAC97E8F8CB342E01C2F6A109E8E5F0A	5168FF90AF0207753CCCD9656462A212B859723B	08AC5D5F075F11E9D93B98C8D7B050E7	good	-	-	1631037421.000000	1631639521.000000
1631061182.968625	FfWz7D1aURlxCn3Ygb	sha1	CF26F518FAC97E8F8CB342E01C2F6A109E8E5F0A	5168FF90AF0207753CCCD9656462A212B859723B	08AC5D5F075F11E9D93B98C8D7B050E7	good	-	-	1631037421.000000	1631639521.000000
1631061182.968625	FEn09D1bBepSHLETn6	sha1	CF26F518FAC97E8F8CB342E01C2F6A109E8E5F0A	5168FF90AF0207753CCCD9656462A212B859723B	08AC5D5F075F11E9D93B98C8D7B050E7	good	-	-	1631037421.000000	1631639521.000000
1631061215.208736	F8oeEZ2PjHN3m1Sgod	sha1	105FA67A80089DB5279F35CE830B43889EA3C70D	0F80611C823161D52F28E78D4638B42CE1C6D9E2	094D598C69C8A26C8D9CE1896F2621F0	good	-	-	1630781822.000000	1631383922.000000
1631061215.216646	F2zGIr2A7kBLzUhBWf	sha1	105FA67A80089DB5279F35CE830B43889EA3C70D	0F80611C823161D52F28E78D4638B42CE1C6D9E2	094D598C69C8A26C8D9CE1896F2621F0	good	-	-	1630781822.000000	1631383922.000000
1631061215.640626	Fi6JJn3TtvJIpSsFE6	sha1	105FA67A80089DB5279F35CE830B43889EA3C70D	0F80611C823161D52F28E78D4638B42CE1C6D9E2	0496A22DB8EF5C9F06DC02715B25568F	good	-	-	1630841221.000000	1631443321.000000
1631061216.864622	FGMw7oLa9XtRQUgth	sha1	E4E395A229D3D4C1C31FF0980C0B4EC0098AABD8	B76BA2EAA8AA848C79EAB4DA0F98B2C59576B9F4	04CC0014653667D8E633EF62F1D4B493	good	-	-	1630669502.000000	1631271602.000000
1631061216.876608	FsaGcx1M2csUEdvF2j	sha1	A303C0A8887BD479C4278EB5D7587D3C12C04DA4	FF2F7FE106F438F32DED258D98C2FE0EF66CFCFA	7F0012E261129541195FAC1A6000000012E261	good	-	-	1631041503.000000	1631387103.000000
1631061216.876608	FfllBz3bwonGygdjwc	sha1	E4E395A229D3D4C1C31FF0980C0B4EC0098AABD8	B76BA2EAA8AA848C79EAB4DA0F98B2C59576B9F4	0E6283BEB1F7F9E30216AEBE086353F1	good	-	-	1630984142.000000	1631586242.000000
1631061216.920631	FJiJ1X33PBQsIpGe3a	sha1	13E976D98A217E47F5049E8ECB483E07E1898DEA	426D572D4F1F267774A62764F680FA8F4868FE7C	01647F82CD631651981795FD888FE9EF	good	-	-	1631041200.000000	1631084400.000000
1631061217.628628	FyRzSl4N997atfKMY7	sha1	430BD20E4F137A1A6C918F24E5DA7E324D4733C8	8D8C5EC454AD8AE177E99BF99B05E1B8018D61E1	BCC19C00D7E989895BDA02D81E0C5F75	good	-	-	1630502643.000000	1631107443.000000
1631061217.812628	F6yzplwQiL31AAUVd	sha1	430BD20E4F137A1A6C918F24E5DA7E324D4733C8	8D8C5EC454AD8AE177E99BF99B05E1B8018D61E1	BCC19C00D7E989895BDA02D81E0C5F75	good	-	-	1630502643.000000	1631107443.000000
1631061230.948247	FrQExF41jc4bYkCW1h	sha1	105FA67A80089DB5279F35CE830B43889EA3C70D	0F80611C823161D52F28E78D4638B42CE1C6D9E2	0683470401FDA68E99F1091C561D2A4F	good	-	-	1630852381.000000	1631454481.000000
1631061231.068595	FouOtC3wyaqnPmjRMd	sha1	A7C4B8B3DC5BB5581EA7D7F13AC569F56F48D789	748580C066C7DF37DECFBD2937AA031DBEEDCD17	07F25478BC4435B45056264985CB4644	good	-	-	1630947061.000000	1631549161.000000
1631061232.371818	FTTeep3MYBWAH7Sorg	sha1	105FA67A80089DB5279F35CE830B43889EA3C70D	0F80611C823161D52F28E78D4638B42CE1C6D9E2	0496A22DB8EF5C9F06DC02715B25568F	good	-	-	1630841221.000000	1631443321.000000
1631061232.891255	FoiB0I2swdGkiRhIY2	sha1	105FA67A80089DB5279F35CE830B43889EA3C70D	0F80611C823161D52F28E78D4638B42CE1C6D9E2	06D3C1D3818C1A961970244000B25CA7	good	-	-	1630681382.000000	1631283482.000000
1631061233.427003	FNS8vw2huvHha3QcGe	sha1	105FA67A80089DB5279F35CE830B43889EA3C70D	0F80611C823161D52F28E78D4638B42CE1C6D9E2	03322995CF2B4157E3026407D3E66715	good	-	-	1630746902.000000	1631349002.000000
1631061233.427575	FqtIO21J2tH7S6HNyi	sha1	E4E395A229D3D4C1C31FF0980C0B4EC0098AABD8	B76BA2EAA8AA848C79EAB4DA0F98B2C59576B9F4	04CC0014653667D8E633EF62F1D4B493	good	-	-	1630669502.000000	1631271602.000000
1631061233.445121	FpOmJuP001df9DtG	sha1	105FA67A80089DB5279F35CE830B43889EA3C70D	0F80611C823161D52F28E78D4638B42CE1C6D9E2	03322995CF2B4157E3026407D3E66715	good	-	-	1630919701.000000	1631521801.000000
1631061233.507847	FeoC0D2bESZK0imZHa	sha1	105FA67A80089DB5279F35CE830B43889EA3C70D	0F80611C823161D52F28E78D4638B42CE1C6D9E2	0496A22DB8EF5C9F06DC02715B25568F	good	-	-	1630927620.000000	1631529720.000000
1631061233.667814	F2t5g92XZdlBqo7BO4	sha1	105FA67A80089DB5279F35CE830B43889EA3C70D	0F80611C823161D52F28E78D4638B42CE1C6D9E2	03322995CF2B4157E3026407D3E66715	good	-	-	1630833301.000000	1631435401.000000
1631061233.695314	FlKONZ3XSaXJMWNWlc	sha1	105FA67A80089DB5279F35CE830B43889EA3C70D	0F80611C823161D52F28E78D4638B42CE1C6D9E2	03322995CF2B4157E3026407D3E66715	good	-	-	1630919701.000000	1631521801.000000
1631061233.954887	Fnmm9t4KoxJbRdnGN9	sha1	A303C0A8887BD479C4278EB5D7587D3C12C04DA4	FF2F7FE106F438F32DED258D98C2FE0EF66CFCFA	7F0012E261129541195FAC1A6000000012E261	good	-	-	1631024077.000000	1631369677.000000
1631061234.323512	FQAEJwjYzqcQGeVRl	sha1	13E976D98A217E47F5049E8ECB483E07E1898DEA	426D572D4F1F267774A62764F680FA8F4868FE7C	016C8CBC511B1CB7E1392372AED43481	good	-	-	1631026800.000000	1631070000.000000
1631061235.058995	FqP9nJdb4Nye7NGj2	sha1	13E976D98A217E47F5049E8ECB483E07E1898DEA	426D572D4F1F267774A62764F680FA8F4868FE7C	0132B479CCAE9D8BD19583942C6F5146	good	-	-	1631037600.000000	1631080800.000000
1631061274.053872	FKzm56CztuEafFOVb	sha1	13E976D98A217E47F5049E8ECB483E07E1898DEA	426D572D4F1F267774A62764F680FA8F4868FE7C	01F9C871118C5F8E36EA069FD69DD1CC	good	-	-	1631030400.000000	1631073600.000000
1631061274.492143	FXA8Cs1sX0MygCos6g	sha1	105FA67A80089DB5279F35CE830B43889EA3C70D	0F80611C823161D52F28E78D4638B42CE1C6D9E2	0D876DA28725D8E14A977D660FD8AFEE	good	-	-	1630719901.000000	1631322001.000000
1631061274.907599	Fy0jcW1zvZ6Rq62L03	sha1	777A7BA877D6F10F1CE9202196FB6B1A6E37F5ED	9058FFB09C75A8515477B1EDF2A34316389E6CC5	08F337125C72AD06EFE5F8DE252C21A5	good	-	-	1630780022.000000	1631382122.000000
1631061274.910503	FUNHmx4Ai9ejnDY2V	sha1	A7C4B8B3DC5BB5581EA7D7F13AC569F56F48D789	748580C066C7DF37DECFBD2937AA031DBEEDCD17	07F25478BC4435B45056264985CB4644	good	-	-	1630947061.000000	1631549161.000000
1631061275.179119	FUZ2WJ2D3vcnNeaYRi	sha1	E4E395A229D3D4C1C31FF0980C0B4EC0098AABD8	B76BA2EAA8AA848C79EAB4DA0F98B2C59576B9F4	04CC0014653667D8E633EF62F1D4B493	good	-	-	1630669502.000000	1631271602.000000
1631061275.907823	FElIDf1PjNpjTUrUE7	sha1	13E976D98A217E47F5049E8ECB483E07E1898DEA	426D572D4F1F267774A62764F680FA8F4868FE7C	01F9C871118C5F8E36EA069FD69DD1CC	good	-	-	1631030400.000000	1631073600.000000
1631061276.065750	F62gTSm4Gjf3DCgA5	sha1	13E976D98A217E47F5049E8ECB483E07E1898DEA	426D572D4F1F267774A62764F680FA8F4868FE7C	012F9762F957B4765BD5CE95C6BCB456	good	-	-	1631041200.000000	1631084400.000000
1631061276.131101	FwwihobLU7Sn0P4Sd	sha1	105FA67A80089DB5279F35CE830B43889EA3C70D	0F80611C823161D52F28E78D4638B42CE1C6D9E2	0D876DA28725D8E14A977D660FD8AFEE	good	-	-	1630719901.000000	1631322001.000000
1631061276.477896	FgVMd323KnLr3Vqdf2	sha1	105FA67A80089DB5279F35CE830B43889EA3C70D	0F80611C823161D52F28E78D4638B42CE1C6D9E2	06D3C1D3818C1A961970244000B25CA7	good	-	-	1630681382.000000	1631283482.000000
1631061305.602358	FgHblVKzMnAEs2ZP9	sha1	E4E395A229D3D4C1C31FF0980C0B4EC0098AABD8	B76BA2EAA8AA848C79EAB4DA0F98B2C59576B9F4	0E6283BEB1F7F9E30216AEBE086353F1	good	-	-	1630984142.000000	1631586242.000000
1631061305.718705	F1IfOo3F3ZQOlfy1g2	sha1	A303C0A8887BD479C4278EB5D7587D3C12C04DA4	FF2F7FE106F438F32DED258D98C2FE0EF66CFCFA	7F0012E261129541195FAC1A6000000012E261	good	-	-	1630954755.000000	1631300355.000000
1631061305.720443	FXbXHB4f1mZnk2UgEa	sha1	E4E395A229D3D4C1C31FF0980C0B4EC0098AABD8	B76BA2EAA8AA848C79EAB4DA0F98B2C59576B9F4	04CC0014653667D8E633EF62F1D4B493	good	-	-	1630669502.000000	1631271602.000000
1631061305.760106	FTWtqsAhyYJUghrrf	sha1	A303C0A8887BD479C4278EB5D7587D3C12C04DA4	FF2F7FE106F438F32DED258D98C2FE0EF66CFCFA	7F0012E261129541195FAC1A6000000012E261	good	-	-	1630976449.000000	1631322049.000000
1631061305.763564	FSbDdi1scqVYvxiWJl	sha1	E4E395A229D3D4C1C31FF0980C0B4EC0098AABD8	B76BA2EAA8AA848C79EAB4DA0F98B2C59576B9F4	04CC0014653667D8E633EF62F1D4B493	good	-	-	1630669502.000000	1631271602.000000
1631061305.799337	FCAj441zn5oE5fLljk	sha1	33F5AAC61D66E7055D03173A4D1F3E187138850D	59A4660652A07B95923CA394072796745BF93DD0	01294940BC289C4E45392A0373D8B146	good	-	-	1630994222.000000	1631596322.000000
1631061305.871408	FLXyn12lJireS56y75	sha1	33F5AAC61D66E7055D03173A4D1F3E187138850D	59A4660652A07B95923CA394072796745BF93DD0	01294940BC289C4E45392A0373D8B146	good	-	-	1630994222.000000	1631596322.000000
1631061306.687601	FrTmvI1iUrmKGybXB5	sha1	430BD20E4F137A1A6C918F24E5DA7E324D4733C8	8D8C5EC454AD8AE177E99BF99B05E1B8018D61E1	BCC19C00D7E989895BDA02D81E0C5F75	good	-	-	1630999438.000000	1631604238.000000
#close	2021-09-08-01-00-00
