#separator \x09
#set_separator	,
#empty_field	(empty)
#unset_field	-
#path	ocsp
#open	2021-09-08-01-29-48
#fields	ts	id	hashAlgorithm	issuerNameHash	issuerKeyHash	serialNumber	certStatus	revoketime	revokereason	thisUpdate	nextUpdate
#types	time	string	string	string	string	string	string	time	string	time	time
1631064587.348946	FXSo7Xk9fM0hTAWl6	sha1	105FA67A80089DB5279F35CE830B43889EA3C70D	0F80611C823161D52F28E78D4638B42CE1C6D9E2	0A162A4FCCACC091FBD07A620925B187	good	-	-	1630786501.000000	1631388601.000000
1631064679.024679	F5sGbMhfvSgl9d2Nf	sha1	777A7BA877D6F10F1CE9202196FB6B1A6E37F5ED	9058FFB09C75A8515477B1EDF2A34316389E6CC5	08F337125C72AD06EFE5F8DE252C21A5	good	-	-	1630780022.000000	1631382122.000000
1631064680.564625	Fsl7ta1r5HNwxxYDsi	sha1	3A1979741DCF77D3D6572B57CAFFF6F62B1D5A3A	EE9A2E46F0C2DA3C5CC78CD6A47598DEA8190A65	03A39635EA6B8A1F5CBD955581E64937	good	-	-	1631008622.000000	1631610722.000000
1631064680.584628	FtPZ3a3LRgsD1fgxsf	sha1	777A7BA877D6F10F1CE9202196FB6B1A6E37F5ED	9058FFB09C75A8515477B1EDF2A34316389E6CC5	08F337125C72AD06EFE5F8DE252C21A5	good	-	-	1630952820.000000	1631554920.000000
1631064681.820688	Fb3iZA2o2cPDQpDgqc	sha1	777A7BA877D6F10F1CE9202196FB6B1A6E37F5ED	9058FFB09C75A8515477B1EDF2A34316389E6CC5	08F337125C72AD06EFE5F8DE252C21A5	good	-	-	1630780022.000000	1631382122.000000
1631064684.572675	FO50L03xoCOFaKVRK4	sha1	105FA67A80089DB5279F35CE830B43889EA3C70D	0F80611C823161D52F28E78D4638B42CE1C6D9E2	08DA1F110A1F09E91EFEA3AAAAAED58C	good	-	-	1630520101.000000	1631122201.000000
1631064685.020635	Fs7jiXIL6kbmS1HQj	sha1	105FA67A80089DB5279F35CE830B43889EA3C70D	0F80611C823161D52F28E78D4638B42CE1C6D9E2	0B4AD6D9419CBEEA531C63778A052426	good	-	-	1630793341.000000	1631395441.000000
1631064706.808629	FFlkZF4cW2MG0YImk8	sha1	3A1979741DCF77D3D6572B57CAFFF6F62B1D5A3A	EE9A2E46F0C2DA3C5CC78CD6A47598DEA8190A65	03A39635EA6B8A1F5CBD955581E64937	good	-	-	1631008622.000000	1631610722.000000
1631064707.616689	F68wnu1seMqdQXUCp3	sha1	E4E395A229D3D4C1C31FF0980C0B4EC0098AABD8	B76BA2EAA8AA848C79EAB4DA0F98B2C59576B9F4	029697701C5ECE4EA93942E8AE5A73D6	good	-	-	1630916100.000000	1631518200.000000
1631064707.656699	Fsk6ie1ppmd9ZNIJ1b	sha1	777A7BA877D6F10F1CE9202196FB6B1A6E37F5ED	9058FFB09C75A8515477B1EDF2A34316389E6CC5	08F337125C72AD06EFE5F8DE252C21A5	good	-	-	1631039221.000000	1631641321.000000
1631064707.672689	FPu3Pc2iqypSaiotgj	sha1	E4E395A229D3D4C1C31FF0980C0B4EC0098AABD8	B76BA2EAA8AA848C79EAB4DA0F98B2C59576B9F4	029697701C5ECE4EA93942E8AE5A73D6	good	-	-	1630916100.000000	1631518200.000000
1631064710.780646	FZfyGA29c7rz2RHn3a	sha1	A303C0A8887BD479C4278EB5D7587D3C12C04DA4	FF2F7FE106F438F32DED258D98C2FE0EF66CFCFA	7F0012E261129541195FAC1A6000000012E261	good	-	-	1630976449.000000	1631322049.000000
1631064710.868679	Fn4StAVM42JdntNxj	sha1	A303C0A8887BD479C4278EB5D7587D3C12C04DA4	FF2F7FE106F438F32DED258D98C2FE0EF66CFCFA	7F0012E261129541195FAC1A6000000012E261	good	-	-	1631034963.000000	1631380563.000000
1631064711.612699	Fg5yHz1pxskY8ZxfLb	sha1	777A7BA877D6F10F1CE9202196FB6B1A6E37F5ED	9058FFB09C75A8515477B1EDF2A34316389E6CC5	067DEB7920C8C6FFE4FB0DB1BDD7CB55	good	-	-	1630679222.000000	1631281322.000000
1631064711.612699	FylN2hLiUi87zljFg	sha1	777A7BA877D6F10F1CE9202196FB6B1A6E37F5ED	9058FFB09C75A8515477B1EDF2A34316389E6CC5	08F337125C72AD06EFE5F8DE252C21A5	good	-	-	1630693621.000000	1631295721.000000
1631064711.660634	FhUW9L1HD0n0MOvnFf	sha1	777A7BA877D6F10F1CE9202196FB6B1A6E37F5ED	9058FFB09C75A8515477B1EDF2A34316389E6CC5	067DEB7920C8C6FFE4FB0DB1BDD7CB55	good	-	-	1630679222.000000	1631281322.000000
1631064712.332677	FfZbSS1jC9KyYFikV2	sha1	777A7BA877D6F10F1CE9202196FB6B1A6E37F5ED	9058FFB09C75A8515477B1EDF2A34316389E6CC5	08F337125C72AD06EFE5F8DE252C21A5	good	-	-	1630780022.000000	1631382122.000000
1631064712.340717	F0llgKlv27dCr02N6	sha1	48DAC9A0FB2BD32D4FF0DE68D2F567B735F9B3C4	142EB317B75856CBAE500940E61FAF9D8B14C2C6	038A1F8CDCF89B8FC1A9D62D2FCBD6EBE2E2	good	-	-	1630699200.000000	1631304000.000000
1631064712.772677	Fp2JB012uWPfqroOG6	sha1	CF26F518FAC97E8F8CB342E01C2F6A109E8E5F0A	5168FF90AF0207753CCCD9656462A212B859723B	03AABECE8568D3DA57E1B79A5092CC86	good	-	-	1631008622.000000	1631610722.000000
1631064712.804701	Fs5FF02rjiaIalMwu4	sha1	33F5AAC61D66E7055D03173A4D1F3E187138850D	59A4660652A07B95923CA394072796745BF93DD0	01294940BC289C4E45392A0373D8B146	good	-	-	1630994222.000000	1631596322.000000
1631064713.068615	FOAFjA3WRX71Rn7ud	sha1	105FA67A80089DB5279F35CE830B43889EA3C70D	0F80611C823161D52F28E78D4638B42CE1C6D9E2	0B4ED6CBCE793A43D9B713DF0AFF247A	good	-	-	1630966141.000000	1631568241.000000
1631064736.564824	Fc80j13S5RQ7uMNJi4	sha1	33F5AAC61D66E7055D03173A4D1F3E187138850D	59A4660652A07B95923CA394072796745BF93DD0	01294940BC289C4E45392A0373D8B146	good	-	-	1630994222.000000	1631596322.000000
1631064738.192901	Fq3fVf3PLJqSx5ffH5	sha1	A7C4B8B3DC5BB5581EA7D7F13AC569F56F48D789	748580C066C7DF37DECFBD2937AA031DBEEDCD17	07F25478BC4435B45056264985CB4644	good	-	-	1630947061.000000	1631549161.000000
1631064738.892626	FWrIQJFA6CK4P4V8d	sha1	105FA67A80089DB5279F35CE830B43889EA3C70D	0F80611C823161D52F28E78D4638B42CE1C6D9E2	06D3C1D3818C1A961970244000B25CA7	good	-	-	1630681382.000000	1631283482.000000
1631064738.968708	FPgWkm2cRLfKTbdCf	sha1	105FA67A80089DB5279F35CE830B43889EA3C70D	0F80611C823161D52F28E78D4638B42CE1C6D9E2	06D3C1D3818C1A961970244000B25CA7	good	-	-	1630681382.000000	1631283482.000000
1631064783.960687	FJ0NyC4InD9ffHc7zh	sha1	13E976D98A217E47F5049E8ECB483E07E1898DEA	426D572D4F1F267774A62764F680FA8F4868FE7C	0132B479CCAE9D8BD19583942C6F5146	good	-	-	1631037600.000000	1631080800.000000
1631064784.384688	FPFvzx3urjPYYpcWel	sha1	105FA67A80089DB5279F35CE830B43889EA3C70D	0F80611C823161D52F28E78D4638B42CE1C6D9E2	0496A22DB8EF5C9F06DC02715B25568F	good	-	-	1630582020.000000	1631184120.000000
1631064785.712712	FEGBjt4RdMsJ9GjQsk	sha1	105FA67A80089DB5279F35CE830B43889EA3C70D	0F80611C823161D52F28E78D4638B42CE1C6D9E2	0496A22DB8EF5C9F06DC02715B25568F	good	-	-	1630841221.000000	1631443321.000000
1631064785.728719	FQ28wR2sFluCrQUFf2	sha1	105FA67A80089DB5279F35CE830B43889EA3C70D	0F80611C823161D52F28E78D4638B42CE1C6D9E2	0496A22DB8EF5C9F06DC02715B25568F	good	-	-	1630841221.000000	1631443321.000000
1631064786.816699	Fdg7rH2OTFML3BMWXd	sha1	A303C0A8887BD479C4278EB5D7587D3C12C04DA4	FF2F7FE106F438F32DED258D98C2FE0EF66CFCFA	7F0012E261129541195FAC1A6000000012E261	good	-	-	1631041503.000000	1631387103.000000
1631064788.936647	FRJScE2dHOcAlgcHW2	sha1	A303C0A8887BD479C4278EB5D7587D3C12C04DA4	FF2F7FE106F438F32DED258D98C2FE0EF66CFCFA	7F0012E261129541195FAC1A6000000012E261	good	-	-	1631034963.000000	1631380563.000000
1631064789.416667	FiCVn9oWmV5f3geq3	sha1	A303C0A8887BD479C4278EB5D7587D3C12C04DA4	FF2F7FE106F438F32DED258D98C2FE0EF66CFCFA	7F0012E261129541195FAC1A6000000012E261	good	-	-	1631034963.000000	1631380563.000000
1631064789.472700	FarPaA2uLqNQroQ5rf	sha1	A303C0A8887BD479C4278EB5D7587D3C12C04DA4	FF2F7FE106F438F32DED258D98C2FE0EF66CFCFA	7F000043E4F3CC397AB4E79AC40000000043E4	good	-	-	1630959565.000000	1631305165.000000
1631064790.720666	FQGK5N3ytmEn0VX5Bf	sha1	105FA67A80089DB5279F35CE830B43889EA3C70D	0F80611C823161D52F28E78D4638B42CE1C6D9E2	0AE883180DB1123B1F1CDD7FBD053DF4	good	-	-	1630704781.000000	1631306881.000000
1631064794.856646	FT0OsnvZGYfQt7QEi	sha1	B6080D5F6C6B76EB13E438A5F8660BA85233344E	40C2BD278ECC348330A233D7FB6CB3F0B42C80CE	0257C6B62D44A7EA	good	-	-	1630965285.000000	1631094885.000000
1631064807.476647	FkhjKL2iRd7o8hhoCj	sha1	13E976D98A217E47F5049E8ECB483E07E1898DEA	426D572D4F1F267774A62764F680FA8F4868FE7C	01D95667C9EBCBA00CC1C7EAEC89EB5C	good	-	-	1631041200.000000	1631084400.000000
1631064807.724611	FvlAA99aZJvpn5KWg	sha1	13E976D98A217E47F5049E8ECB483E07E1898DEA	426D572D4F1F267774A62764F680FA8F4868FE7C	0184730532DB17F48C0E72089CA4D235	good	-	-	1631034000.000000	1631077200.000000
1631064807.724611	FuqOZ41NbOri4fDlCa	sha1	13E976D98A217E47F5049E8ECB483E07E1898DEA	426D572D4F1F267774A62764F680FA8F4868FE7C	0184730532DB17F48C0E72089CA4D235	good	-	-	1631034000.000000	1631077200.000000
1631064807.764625	F51Mem1DMR2o7QG09e	sha1	13E976D98A217E47F5049E8ECB483E07E1898DEA	426D572D4F1F267774A62764F680FA8F4868FE7C	0184730532DB17F48C0E72089CA4D235	good	-	-	1631034000.000000	1631077200.000000
1631064807.812626	FsfpjlgeexuVefEJe	sha1	13E976D98A217E47F5049E8ECB483E07E1898DEA	426D572D4F1F267774A62764F680FA8F4868FE7C	01C7DE67A8B5B3240841758E1769576F	good	-	-	1631030400.000000	1631073600.000000
1631064808.148625	FHolOC377pkirbJGX9	sha1	13E976D98A217E47F5049E8ECB483E07E1898DEA	426D572D4F1F267774A62764F680FA8F4868FE7C	0184730532DB17F48C0E72089CA4D235	good	-	-	1631034000.000000	1631077200.000000
1631064809.396903	F4WEx61xAUNEF1rn0f	sha1	48DAC9A0FB2BD32D4FF0DE68D2F567B735F9B3C4	142EB317B75856CBAE500940E61FAF9D8B14C2C6	04428BE91D92943BD9A7AB24E615FDAF24E6	good	-	-	1630612800.000000	1631217600.000000
1631064809.428663	Fu8DrP3wUaEx9tY97f	sha1	13E976D98A217E47F5049E8ECB483E07E1898DEA	426D572D4F1F267774A62764F680FA8F4868FE7C	01D95667C9EBCBA00CC1C7EAEC89EB5C	good	-	-	1631041200.000000	1631084400.000000
1631064809.588635	F3tfHk6dwgdWSzN71	sha1	13E976D98A217E47F5049E8ECB483E07E1898DEA	426D572D4F1F267774A62764F680FA8F4868FE7C	01D95667C9EBCBA00CC1C7EAEC89EB5C	good	-	-	1631041200.000000	1631084400.000000
1631064809.604657	F8wyxH3D15AZRYzZzf	sha1	48DAC9A0FB2BD32D4FF0DE68D2F567B735F9B3C4	142EB317B75856CBAE500940E61FAF9D8B14C2C6	04428BE91D92943BD9A7AB24E615FDAF24E6	good	-	-	1630612800.000000	1631217600.000000
1631064809.628670	FeDixX3BGBpOXsnukh	sha1	13E976D98A217E47F5049E8ECB483E07E1898DEA	426D572D4F1F267774A62764F680FA8F4868FE7C	01D95667C9EBCBA00CC1C7EAEC89EB5C	good	-	-	1631041200.000000	1631084400.000000
1631064809.900871	FJkIcg19NReQGw4MMb	sha1	13E976D98A217E47F5049E8ECB483E07E1898DEA	426D572D4F1F267774A62764F680FA8F4868FE7C	01D95667C9EBCBA00CC1C7EAEC89EB5C	good	-	-	1631041200.000000	1631084400.000000
1631064811.356729	FJtfqQ17NTBEGqO1ol	sha1	105FA67A80089DB5279F35CE830B43889EA3C70D	0F80611C823161D52F28E78D4638B42CE1C6D9E2	0B4ED6CBCE793A43D9B713DF0AFF247A	good	-	-	1630966141.000000	1631568241.000000
1631064811.380700	Fn4cl3V7G4PqFoo43	sha1	105FA67A80089DB5279F35CE830B43889EA3C70D	0F80611C823161D52F28E78D4638B42CE1C6D9E2	0B4ED6CBCE793A43D9B713DF0AFF247A	good	-	-	1630966141.000000	1631568241.000000
1631064813.236615	FtlJQP1aiDJeqwiU6k	sha1	A7C4B8B3DC5BB5581EA7D7F13AC569F56F48D789	748580C066C7DF37DECFBD2937AA031DBEEDCD17	07F25478BC4435B45056264985CB4644	good	-	-	1630947061.000000	1631549161.000000
1631064813.300695	F9mVqf3hgookcqF5Wb	sha1	A7C4B8B3DC5BB5581EA7D7F13AC569F56F48D789	748580C066C7DF37DECFBD2937AA031DBEEDCD17	07F25478BC4435B45056264985CB4644	good	-	-	1630947061.000000	1631549161.000000
1631064813.932783	FS02TC2qdbZNMGdCV6	sha1	A303C0A8887BD479C4278EB5D7587D3C12C04DA4	FF2F7FE106F438F32DED258D98C2FE0EF66CFCFA	7F0012E261129541195FAC1A6000000012E261	good	-	-	1631034963.000000	1631380563.000000
1631064814.604667	FF9mqF14i3iok1ZmJ	sha1	105FA67A80089DB5279F35CE830B43889EA3C70D	0F80611C823161D52F28E78D4638B42CE1C6D9E2	07EB0EF4FC840B2CFFA3E4D2C2A42FF8	good	-	-	1630946701.000000	1631548801.000000
1631064968.492628	F9v6dS2xg5nwvzegZd	sha1	E4E395A229D3D4C1C31FF0980C0B4EC0098AABD8	B76BA2EAA8AA848C79EAB4DA0F98B2C59576B9F4	0E6283BEB1F7F9E30216AEBE086353F1	good	-	-	1630984142.000000	1631586242.000000
1631064968.760616	FyP3W01CUqqzbPRpGc	sha1	E4E395A229D3D4C1C31FF0980C0B4EC0098AABD8	B76BA2EAA8AA848C79EAB4DA0F98B2C59576B9F4	0C08E1AF6687B29BE91CB4F0E7D7A838	good	-	-	1630970460.000000	1631572560.000000
1631064969.168720	F02ts82BPo8PI9EGDd	sha1	105FA67A80089DB5279F35CE830B43889EA3C70D	0F80611C823161D52F28E78D4638B42CE1C6D9E2	05AA1EF4F2A875E6A301E3EE984DE7EB	good	-	-	1630588140.000000	1631190240.000000
1631064969.272678	Ff1glFCo85FrO1zq5	sha1	105FA67A80089DB5279F35CE830B43889EA3C70D	0F80611C823161D52F28E78D4638B42CE1C6D9E2	05AA1EF4F2A875E6A301E3EE984DE7EB	good	-	-	1630588140.000000	1631190240.000000
1631064970.376711	FcIGk7nCLqw3Qx9el	sha1	105FA67A80089DB5279F35CE830B43889EA3C70D	0F80611C823161D52F28E78D4638B42CE1C6D9E2	05AA1EF4F2A875E6A301E3EE984DE7EB	good	-	-	1630588140.000000	1631190240.000000
1631064970.384695	FVln9H1ejXMKwUdmAj	sha1	105FA67A80089DB5279F35CE830B43889EA3C70D	0F80611C823161D52F28E78D4638B42CE1C6D9E2	05AA1EF4F2A875E6A301E3EE984DE7EB	good	-	-	1630588140.000000	1631190240.000000
1631064970.384695	FMameJ28Kt65tcdbjf	sha1	105FA67A80089DB5279F35CE830B43889EA3C70D	0F80611C823161D52F28E78D4638B42CE1C6D9E2	05AA1EF4F2A875E6A301E3EE984DE7EB	good	-	-	1630588140.000000	1631190240.000000
1631064970.392668	F2mz1I1De1OnrFc4cd	sha1	105FA67A80089DB5279F35CE830B43889EA3C70D	0F80611C823161D52F28E78D4638B42CE1C6D9E2	05AA1EF4F2A875E6A301E3EE984DE7EB	good	-	-	1630588140.000000	1631190240.000000
1631064970.392668	FqHIss4fnxuXiAvNjh	sha1	105FA67A80089DB5279F35CE830B43889EA3C70D	0F80611C823161D52F28E78D4638B42CE1C6D9E2	05AA1EF4F2A875E6A301E3EE984DE7EB	good	-	-	1630588140.000000	1631190240.000000
1631064982.480627	FFyikj2ZJP1CLiiZK8	sha1	105FA67A80089DB5279F35CE830B43889EA3C70D	0F80611C823161D52F28E78D4638B42CE1C6D9E2	0496A22DB8EF5C9F06DC02715B25568F	good	-	-	1630927620.000000	1631529720.000000
1631064983.428645	FYwbQ68Yj9SOlCJDc	sha1	105FA67A80089DB5279F35CE830B43889EA3C70D	0F80611C823161D52F28E78D4638B42CE1C6D9E2	0496A22DB8EF5C9F06DC02715B25568F	good	-	-	1630841221.000000	1631443321.000000
1631064983.524650	FCsQCE3mjwCybuBDVj	sha1	105FA67A80089DB5279F35CE830B43889EA3C70D	0F80611C823161D52F28E78D4638B42CE1C6D9E2	0496A22DB8EF5C9F06DC02715B25568F	good	-	-	1630841221.000000	1631443321.000000
1631064984.812709	FkickN34TxLq9RGby	sha1	13E976D98A217E47F5049E8ECB483E07E1898DEA	426D572D4F1F267774A62764F680FA8F4868FE7C	012F9762F957B4765BD5CE95C6BCB456	good	-	-	1631041200.000000	1631084400.000000
1631064984.904626	F6OKD93kmngi3UWYPj	sha1	777A7BA877D6F10F1CE9202196FB6B1A6E37F5ED	9058FFB09C75A8515477B1EDF2A34316389E6CC5	08F337125C72AD06EFE5F8DE252C21A5	good	-	-	1630780022.000000	1631382122.000000
1631064984.928611	FqF1Ld3k0FIp1W79ee	sha1	13E976D98A217E47F5049E8ECB483E07E1898DEA	426D572D4F1F267774A62764F680FA8F4868FE7C	01BB4B7AADE644B24BC2E8CCF770A161	good	-	-	1631037600.000000	1631080800.000000
1631064984.928611	FUZX1y4e6rZNi1ftUg	sha1	A7C4B8B3DC5BB5581EA7D7F13AC569F56F48D789	748580C066C7DF37DECFBD2937AA031DBEEDCD17	07F25478BC4435B45056264985CB4644	good	-	-	1630947061.000000	1631549161.000000
1631064985.616678	FCi4B9ir5N3WrcGul	sha1	777A7BA877D6F10F1CE9202196FB6B1A6E37F5ED	9058FFB09C75A8515477B1EDF2A34316389E6CC5	08F337125C72AD06EFE5F8DE252C21A5	good	-	-	1630693621.000000	1631295721.000000
1631064985.664699	FnbeKXKofNpheEwR8	sha1	3A1979741DCF77D3D6572B57CAFFF6F62B1D5A3A	EE9A2E46F0C2DA3C5CC78CD6A47598DEA8190A65	03A39635EA6B8A1F5CBD955581E64937	good	-	-	1631008622.000000	1631610722.000000
1631064985.712688	FEGa5K1Tkm8cZPDaZc	sha1	105FA67A80089DB5279F35CE830B43889EA3C70D	0F80611C823161D52F28E78D4638B42CE1C6D9E2	06D3C1D3818C1A961970244000B25CA7	good	-	-	1630681382.000000	1631283482.000000
1631064985.960663	FdGeCK2XQlUNU46ZK7	sha1	777A7BA877D6F10F1CE9202196FB6B1A6E37F5ED	9058FFB09C75A8515477B1EDF2A34316389E6CC5	08F337125C72AD06EFE5F8DE252C21A5	good	-	-	1630780022.000000	1631382122.000000
1631064986.152708	FAKMqz2RbHYas33z38	sha1	777A7BA877D6F10F1CE9202196FB6B1A6E37F5ED	9058FFB09C75A8515477B1EDF2A34316389E6CC5	08F337125C72AD06EFE5F8DE252C21A5	good	-	-	1630780022.000000	1631382122.000000
1631064986.192626	FgFtJk2kjx3UEUiUR7	sha1	105FA67A80089DB5279F35CE830B43889EA3C70D	0F80611C823161D52F28E78D4638B42CE1C6D9E2	0CDA449DBDFB262E57C87F58BE404F98	good	-	-	1630975140.000000	1631577240.000000
1631064988.872628	FmWJU84MEeIKE1B003	sha1	105FA67A80089DB5279F35CE830B43889EA3C70D	0F80611C823161D52F28E78D4638B42CE1C6D9E2	09DFA826FCB71D793A63AF911B327CE9	good	-	-	1630785061.000000	1631387161.000000
1631065066.176611	F0ZaA63Gw9dIVW5bjc	sha1	105FA67A80089DB5279F35CE830B43889EA3C70D	0F80611C823161D52F28E78D4638B42CE1C6D9E2	0311094095F4E569FA62BA3911BEB754	good	-	-	1631005381.000000	1631607481.000000
1631065066.176611	F6RLAi2blSwLtWmm55	sha1	105FA67A80089DB5279F35CE830B43889EA3C70D	0F80611C823161D52F28E78D4638B42CE1C6D9E2	0311094095F4E569FA62BA3911BEB754	good	-	-	1631005381.000000	1631607481.000000
1631065066.176611	FTwOALHXx2mMqScO3	sha1	105FA67A80089DB5279F35CE830B43889EA3C70D	0F80611C823161D52F28E78D4638B42CE1C6D9E2	0311094095F4E569FA62BA3911BEB754	good	-	-	1631005381.000000	1631607481.000000
1631065066.177499	Fvnf0138LRkdcB8LX4	sha1	105FA67A80089DB5279F35CE830B43889EA3C70D	0F80611C823161D52F28E78D4638B42CE1C6D9E2	0311094095F4E569FA62BA3911BEB754	good	-	-	1631005381.000000	1631607481.000000
1631065066.180454	FcXl4x4waJ9Ri3weHg	sha1	105FA67A80089DB5279F35CE830B43889EA3C70D	0F80611C823161D52F28E78D4638B42CE1C6D9E2	0311094095F4E569FA62BA3911BEB754	good	-	-	1631005381.000000	1631607481.000000
1631065066.182653	FY1L893q4CqepglCAf	sha1	105FA67A80089DB5279F35CE830B43889EA3C70D	0F80611C823161D52F28E78D4638B42CE1C6D9E2	0311094095F4E569FA62BA3911BEB754	good	-	-	1631005381.000000	1631607481.000000
1631065066.192335	FZISm83G6GWf0i8SX4	sha1	105FA67A80089DB5279F35CE830B43889EA3C70D	0F80611C823161D52F28E78D4638B42CE1C6D9E2	0496A22DB8EF5C9F06DC02715B25568F	good	-	-	1630927620.000000	1631529720.000000
1631065066.204694	FbupL41Gm1Wr3WHtDd	sha1	105FA67A80089DB5279F35CE830B43889EA3C70D	0F80611C823161D52F28E78D4638B42CE1C6D9E2	0366D89A3F715BA4645F74CC39D7D253	good	-	-	1630488781.000000	1631090881.000000
1631065066.204694	F6R4bGTP4wvAlX8wg	sha1	105FA67A80089DB5279F35CE830B43889EA3C70D	0F80611C823161D52F28E78D4638B42CE1C6D9E2	0366D89A3F715BA4645F74CC39D7D253	good	-	-	1630488781.000000	1631090881.000000
1631065066.820626	F7d4X43C3QN8JucJm2	sha1	105FA67A80089DB5279F35CE830B43889EA3C70D	0F80611C823161D52F28E78D4638B42CE1C6D9E2	03322995CF2B4157E3026407D3E66715	good	-	-	1630833301.000000	1631435401.000000
1631065066.868643	FRZ0Pt4Rb1F4p7Wnt3	sha1	105FA67A80089DB5279F35CE830B43889EA3C70D	0F80611C823161D52F28E78D4638B42CE1C6D9E2	0496A22DB8EF5C9F06DC02715B25568F	good	-	-	1630841221.000000	1631443321.000000
1631065067.004599	F5RWpd4pwxlv4SIGul	sha1	105FA67A80089DB5279F35CE830B43889EA3C70D	0F80611C823161D52F28E78D4638B42CE1C6D9E2	0366D89A3F715BA4645F74CC39D7D253	good	-	-	1630488781.000000	1631090881.000000
1631065109.532678	F2lVLx4cLlybMkr0He	sha1	777A7BA877D6F10F1CE9202196FB6B1A6E37F5ED	9058FFB09C75A8515477B1EDF2A34316389E6CC5	0D118264E3910586D918CAC5D84F35C4	good	-	-	1630544581.000000	1631146681.000000
1631065109.940669	FFCrnS237kfaLGOmV6	sha1	105FA67A80089DB5279F35CE830B43889EA3C70D	0F80611C823161D52F28E78D4638B42CE1C6D9E2	0496A22DB8EF5C9F06DC02715B25568F	good	-	-	1630927620.000000	1631529720.000000
1631065109.964689	FTViDWo7J4vooEMVf	sha1	A303C0A8887BD479C4278EB5D7587D3C12C04DA4	FF2F7FE106F438F32DED258D98C2FE0EF66CFCFA	7F0012E261129541195FAC1A6000000012E261	good	-	-	1631041503.000000	1631387103.000000
1631065110.860642	FosO4k4NQ2M93pfOki	sha1	A7C4B8B3DC5BB5581EA7D7F13AC569F56F48D789	748580C066C7DF37DECFBD2937AA031DBEEDCD17	07F25478BC4435B45056264985CB4644	good	-	-	1630947061.000000	1631549161.000000
1631065111.148695	F2X4ER3Pit7HtO5iud	sha1	105FA67A80089DB5279F35CE830B43889EA3C70D	0F80611C823161D52F28E78D4638B42CE1C6D9E2	06D3C1D3818C1A961970244000B25CA7	good	-	-	1630681382.000000	1631283482.000000
1631065111.836637	Fd7IFv2fK5iSxfWW76	sha1	CF26F518FAC97E8F8CB342E01C2F6A109E8E5F0A	5168FF90AF0207753CCCD9656462A212B859723B	08AC5D5F075F11E9D93B98C8D7B050E7	good	-	-	1631037421.000000	1631639521.000000
1631065113.988678	FrA5K12cYWzFq553ze	sha1	13E976D98A217E47F5049E8ECB483E07E1898DEA	426D572D4F1F267774A62764F680FA8F4868FE7C	01E45E65AD94ECD72355EDED130B14AA	good	-	-	1631037600.000000	1631080800.000000
1631065114.020658	F0QgRD3knrDHPxHvBc	sha1	13E976D98A217E47F5049E8ECB483E07E1898DEA	426D572D4F1F267774A62764F680FA8F4868FE7C	01E45E65AD94ECD72355EDED130B14AA	good	-	-	1631037600.000000	1631080800.000000
1631065128.428699	F3tt5F2ToyQ4h7zM11	sha1	49F4BD8A18BF760698C5DE402D683B716AE4E686	3DD350A5D6A0ADEEF34A600A65D321D4F8F8D60F	04030D3E8FFF062CDF85A649A27D7B46	good	-	-	1630751581.000000	1631353681.000000
1631065138.788709	FoOh7S1f5UsT0yxapb	sha1	105FA67A80089DB5279F35CE830B43889EA3C70D	0F80611C823161D52F28E78D4638B42CE1C6D9E2	0D9E603CE238CC8D4E65E5855C9BC298	good	-	-	1630979461.000000	1631581561.000000
1631065139.500690	FSMGHs2KigaJXiH1Qa	sha1	CF26F518FAC97E8F8CB342E01C2F6A109E8E5F0A	5168FF90AF0207753CCCD9656462A212B859723B	08AC5D5F075F11E9D93B98C8D7B050E7	good	-	-	1631037421.000000	1631639521.000000
1631065139.556705	FaESSx3HD0Oxpojgqa	sha1	CF26F518FAC97E8F8CB342E01C2F6A109E8E5F0A	5168FF90AF0207753CCCD9656462A212B859723B	08AC5D5F075F11E9D93B98C8D7B050E7	good	-	-	1631037421.000000	1631639521.000000
1631065139.716646	FeXiM42UQTYiz9Bfd	sha1	777A7BA877D6F10F1CE9202196FB6B1A6E37F5ED	9058FFB09C75A8515477B1EDF2A34316389E6CC5	0B092861A99D03F1D7584E7187D92534	good	-	-	1630964701.000000	1631566801.000000
1631065139.724688	FtMnJr3YFBMFOgY7k4	sha1	777A7BA877D6F10F1CE9202196FB6B1A6E37F5ED	9058FFB09C75A8515477B1EDF2A34316389E6CC5	0B092861A99D03F1D7584E7187D92534	good	-	-	1630964701.000000	1631566801.000000
1631065139.732709	Fr7V7NGvsLLxZPS54	sha1	777A7BA877D6F10F1CE9202196FB6B1A6E37F5ED	9058FFB09C75A8515477B1EDF2A34316389E6CC5	0B092861A99D03F1D7584E7187D92534	good	-	-	1630964701.000000	1631566801.000000
1631065141.284688	FgANK64sjNg9rRPETg	sha1	105FA67A80089DB5279F35CE830B43889EA3C70D	0F80611C823161D52F28E78D4638B42CE1C6D9E2	09DFA826FCB71D793A63AF911B327CE9	good	-	-	1630785061.000000	1631387161.000000
1631065141.388688	FkeiD513NRyVkLxf8a	sha1	3A1979741DCF77D3D6572B57CAFFF6F62B1D5A3A	EE9A2E46F0C2DA3C5CC78CD6A47598DEA8190A65	03A39635EA6B8A1F5CBD955581E64937	good	-	-	1631008622.000000	1631610722.000000
1631065141.388688	FHFjBX78udcJv0Jzb	sha1	105FA67A80089DB5279F35CE830B43889EA3C70D	0F80611C823161D52F28E78D4638B42CE1C6D9E2	0D9E603CE238CC8D4E65E5855C9BC298	good	-	-	1630806661.000000	1631408761.000000
1631065142.284635	Ffbl7P4Tfqiqxom5f	sha1	105FA67A80089DB5279F35CE830B43889EA3C70D	0F80611C823161D52F28E78D4638B42CE1C6D9E2	08DA1F110A1F09E91EFEA3AAAAAED58C	good	-	-	1630520101.000000	1631122201.000000
1631065142.292644	Fq93dG4Shr1ZqHR36f	sha1	105FA67A80089DB5279F35CE830B43889EA3C70D	0F80611C823161D52F28E78D4638B42CE1C6D9E2	08DA1F110A1F09E91EFEA3AAAAAED58C	good	-	-	1630520101.000000	1631122201.000000
1631065142.484628	FDIKrb3IDzKa8YR8Q4	sha1	CF26F518FAC97E8F8CB342E01C2F6A109E8E5F0A	5168FF90AF0207753CCCD9656462A212B859723B	03AABECE8568D3DA57E1B79A5092CC86	good	-	-	1631008622.000000	1631610722.000000
1631065142.528615	FrBO1E45Lz54CvjNui	sha1	CF26F518FAC97E8F8CB342E01C2F6A109E8E5F0A	5168FF90AF0207753CCCD9656462A212B859723B	03AABECE8568D3DA57E1B79A5092CC86	good	-	-	1631008622.000000	1631610722.000000
1631065142.732700	FAqSLB2JPP5SPuWIX	sha1	105FA67A80089DB5279F35CE830B43889EA3C70D	0F80611C823161D52F28E78D4638B42CE1C6D9E2	0B4AD6D9419CBEEA531C63778A052426	good	-	-	1631052541.000000	1631654641.000000
1631065167.596709	F2xGol3M1K6PNnNuij	sha1	13E976D98A217E47F5049E8ECB483E07E1898DEA	426D572D4F1F267774A62764F680FA8F4868FE7C	0196874AD39D5D2EBC93D0A5B13ACDC3	good	-	-	1631030400.000000	1631073600.000000
1631065167.964700	FQPIvr3nKVqCzBQiNd	sha1	13E976D98A217E47F5049E8ECB483E07E1898DEA	426D572D4F1F267774A62764F680FA8F4868FE7C	0196874AD39D5D2EBC93D0A5B13ACDC3	good	-	-	1631030400.000000	1631073600.000000
1631065167.964700	FEW6DZqbrkptRSaUd	sha1	13E976D98A217E47F5049E8ECB483E07E1898DEA	426D572D4F1F267774A62764F680FA8F4868FE7C	0196874AD39D5D2EBC93D0A5B13ACDC3	good	-	-	1631030400.000000	1631073600.000000
1631065167.972689	FTc5qt3aH6C0EsHsJ4	sha1	13E976D98A217E47F5049E8ECB483E07E1898DEA	426D572D4F1F267774A62764F680FA8F4868FE7C	0196874AD39D5D2EBC93D0A5B13ACDC3	good	-	-	1631030400.000000	1631073600.000000
1631065167.980729	FtAdgAzecqaAgT7c4	sha1	13E976D98A217E47F5049E8ECB483E07E1898DEA	426D572D4F1F267774A62764F680FA8F4868FE7C	0196874AD39D5D2EBC93D0A5B13ACDC3	good	-	-	1631030400.000000	1631073600.000000
1631065167.996706	FyYdxU2td7ZKDYB4qi	sha1	13E976D98A217E47F5049E8ECB483E07E1898DEA	426D572D4F1F267774A62764F680FA8F4868FE7C	0196874AD39D5D2EBC93D0A5B13ACDC3	good	-	-	1631030400.000000	1631073600.000000
1631065168.772684	FaLtnN2K4ZCWmE0Rcc	sha1	13E976D98A217E47F5049E8ECB483E07E1898DEA	426D572D4F1F267774A62764F680FA8F4868FE7C	012F9762F957B4765BD5CE95C6BCB456	good	-	-	1631041200.000000	1631084400.000000
1631065168.844678	FeFyzr1o3e1xcbOwC8	sha1	105FA67A80089DB5279F35CE830B43889EA3C70D	0F80611C823161D52F28E78D4638B42CE1C6D9E2	0B4AD6D9419CBEEA531C63778A052426	good	-	-	1631052541.000000	1631654641.000000
1631065168.852710	FgST404iYw2ura9eca	sha1	13E976D98A217E47F5049E8ECB483E07E1898DEA	426D572D4F1F267774A62764F680FA8F4868FE7C	012F9762F957B4765BD5CE95C6BCB456	good	-	-	1631041200.000000	1631084400.000000
1631065168.860690	F12IHr3f33pZRE8bW6	sha1	105FA67A80089DB5279F35CE830B43889EA3C70D	0F80611C823161D52F28E78D4638B42CE1C6D9E2	0B4AD6D9419CBEEA531C63778A052426	good	-	-	1631052541.000000	1631654641.000000
1631065172.236705	F2LAvXV4hguXSTnOj	sha1	105FA67A80089DB5279F35CE830B43889EA3C70D	0F80611C823161D52F28E78D4638B42CE1C6D9E2	0D9E603CE238CC8D4E65E5855C9BC298	good	-	-	1630806661.000000	1631408761.000000
1631065172.324700	FqBAYI1um6iPvlU1Gf	sha1	105FA67A80089DB5279F35CE830B43889EA3C70D	0F80611C823161D52F28E78D4638B42CE1C6D9E2	0D9E603CE238CC8D4E65E5855C9BC298	good	-	-	1630806661.000000	1631408761.000000
1631065172.364995	F4FONg366YJtSIl85	sha1	3A1979741DCF77D3D6572B57CAFFF6F62B1D5A3A	EE9A2E46F0C2DA3C5CC78CD6A47598DEA8190A65	03A39635EA6B8A1F5CBD955581E64937	good	-	-	1631008622.000000	1631610722.000000
1631065173.740678	FgrGII1qk9i7K0WBY6	sha1	33F5AAC61D66E7055D03173A4D1F3E187138850D	59A4660652A07B95923CA394072796745BF93DD0	0C46B1BAEA6D00990C71EEA09E06EA51	good	-	-	1630971900.000000	1631574000.000000
1631065175.484722	FMZlLj2a6ErYFbd5qk	sha1	105FA67A80089DB5279F35CE830B43889EA3C70D	0F80611C823161D52F28E78D4638B42CE1C6D9E2	020AFDAC1EBC3EF93C19A80D0F38C4AC	good	-	-	1630999261.000000	1631601361.000000
1631065175.564687	Fh0CzoffzXNltZnej	sha1	105FA67A80089DB5279F35CE830B43889EA3C70D	0F80611C823161D52F28E78D4638B42CE1C6D9E2	020AFDAC1EBC3EF93C19A80D0F38C4AC	good	-	-	1630999261.000000	1631601361.000000
1631065175.788688	FxBXqGrCz4f6MXhD8	sha1	A7C4B8B3DC5BB5581EA7D7F13AC569F56F48D789	748580C066C7DF37DECFBD2937AA031DBEEDCD17	07F25478BC4435B45056264985CB4644	good	-	-	1630947061.000000	1631549161.000000
1631065215.844678	FNouKdIsPDmhE3gZf	sha1	777A7BA877D6F10F1CE9202196FB6B1A6E37F5ED	9058FFB09C75A8515477B1EDF2A34316389E6CC5	08F337125C72AD06EFE5F8DE252C21A5	good	-	-	1630780022.000000	1631382122.000000
1631065215.852709	FPQOrs1z8h2ZtbLSba	sha1	3A1979741DCF77D3D6572B57CAFFF6F62B1D5A3A	EE9A2E46F0C2DA3C5CC78CD6A47598DEA8190A65	03A39635EA6B8A1F5CBD955581E64937	good	-	-	1631008622.000000	1631610722.000000
1631065216.196870	Fx8SUa2STj3x4UdES1	sha1	105FA67A80089DB5279F35CE830B43889EA3C70D	0F80611C823161D52F28E78D4638B42CE1C6D9E2	0496A22DB8EF5C9F06DC02715B25568F	good	-	-	1630927620.000000	1631529720.000000
1631065217.940695	FBaU5k4XElIkPZNkO5	sha1	13E976D98A217E47F5049E8ECB483E07E1898DEA	426D572D4F1F267774A62764F680FA8F4868FE7C	01CBE38D6D7FC6FC1334FCFBA82CF6A6	good	-	-	1631030400.000000	1631073600.000000
1631065217.988630	FfFiIV185CuAh4Tugb	sha1	430BD20E4F137A1A6C918F24E5DA7E324D4733C8	8D8C5EC454AD8AE177E99BF99B05E1B8018D61E1	7904336E0E5D118DF53F3CE257577943	good	-	-	1630705300.000000	1631310100.000000
1631065218.004626	F8L5e31Z01T9LVsFYj	sha1	13E976D98A217E47F5049E8ECB483E07E1898DEA	426D572D4F1F267774A62764F680FA8F4868FE7C	01CBE38D6D7FC6FC1334FCFBA82CF6A6	good	-	-	1631030400.000000	1631073600.000000
1631065218.060608	FpuRPR3hVcBpwJvckl	sha1	430BD20E4F137A1A6C918F24E5DA7E324D4733C8	8D8C5EC454AD8AE177E99BF99B05E1B8018D61E1	7904336E0E5D118DF53F3CE257577943	good	-	-	1630705300.000000	1631310100.000000
1631065218.380630	FdyZ373cz7iEKzPlBl	sha1	A303C0A8887BD479C4278EB5D7587D3C12C04DA4	FF2F7FE106F438F32DED258D98C2FE0EF66CFCFA	7F0012E261129541195FAC1A6000000012E261	good	-	-	1631034963.000000	1631380563.000000
1631065218.492633	FHJS8UJheV8KVJ4Jb	sha1	A303C0A8887BD479C4278EB5D7587D3C12C04DA4	FF2F7FE106F438F32DED258D98C2FE0EF66CFCFA	7F0012E261129541195FAC1A6000000012E261	good	-	-	1631034963.000000	1631380563.000000
1631065218.700641	Fc8uyF23LeVurTWdh7	sha1	13E976D98A217E47F5049E8ECB483E07E1898DEA	426D572D4F1F267774A62764F680FA8F4868FE7C	012F9762F957B4765BD5CE95C6BCB456	good	-	-	1631041200.000000	1631084400.000000
1631065218.700641	FaqwuO2RT92tr6iyv4	sha1	105FA67A80089DB5279F35CE830B43889EA3C70D	0F80611C823161D52F28E78D4638B42CE1C6D9E2	0496A22DB8EF5C9F06DC02715B25568F	good	-	-	1630841221.000000	1631443321.000000
1631065218.732637	F1OdBoHv8nqQgr9e6	sha1	13E976D98A217E47F5049E8ECB483E07E1898DEA	426D572D4F1F267774A62764F680FA8F4868FE7C	012F9762F957B4765BD5CE95C6BCB456	good	-	-	1631041200.000000	1631084400.000000
1631065218.732637	FWYwsv2ZNXZacxGOli	sha1	105FA67A80089DB5279F35CE830B43889EA3C70D	0F80611C823161D52F28E78D4638B42CE1C6D9E2	0496A22DB8EF5C9F06DC02715B25568F	good	-	-	1630841221.000000	1631443321.000000
1631065219.744629	FqjKCj34d0KSSynlhb	sha1	105FA67A80089DB5279F35CE830B43889EA3C70D	0F80611C823161D52F28E78D4638B42CE1C6D9E2	0D876DA28725D8E14A977D660FD8AFEE	good	-	-	1630719901.000000	1631322001.000000
1631065224.412700	FWhCa72aN85lNsmyX5	sha1	777A7BA877D6F10F1CE9202196FB6B1A6E37F5ED	9058FFB09C75A8515477B1EDF2A34316389E6CC5	08F337125C72AD06EFE5F8DE252C21A5	good	-	-	1631039221.000000	1631641321.000000
1631065224.556709	FLm7G72J8qXTh5Qqd6	sha1	777A7BA877D6F10F1CE9202196FB6B1A6E37F5ED	9058FFB09C75A8515477B1EDF2A34316389E6CC5	08F337125C72AD06EFE5F8DE252C21A5	good	-	-	1631039221.000000	1631641321.000000
1631065224.596706	FmQvEZ1JUwNOhAWZ58	sha1	3A1979741DCF77D3D6572B57CAFFF6F62B1D5A3A	EE9A2E46F0C2DA3C5CC78CD6A47598DEA8190A65	03A39635EA6B8A1F5CBD955581E64937	good	-	-	1631008622.000000	1631610722.000000
1631065224.676689	FfosUA1hXBkSnAcz7l	sha1	3A1979741DCF77D3D6572B57CAFFF6F62B1D5A3A	EE9A2E46F0C2DA3C5CC78CD6A47598DEA8190A65	03A39635EA6B8A1F5CBD955581E64937	good	-	-	1631008622.000000	1631610722.000000
1631065225.140597	FLyrDm3S1NgTk4710i	sha1	105FA67A80089DB5279F35CE830B43889EA3C70D	0F80611C823161D52F28E78D4638B42CE1C6D9E2	0496A22DB8EF5C9F06DC02715B25568F	good	-	-	1630582020.000000	1631184120.000000
1631065225.324699	FBEKd5pYlxPVGdke6	sha1	105FA67A80089DB5279F35CE830B43889EA3C70D	0F80611C823161D52F28E78D4638B42CE1C6D9E2	03322995CF2B4157E3026407D3E66715	good	-	-	1630833301.000000	1631435401.000000
1631065225.340710	FZoQWJ2h39m8yc9fyf	sha1	105FA67A80089DB5279F35CE830B43889EA3C70D	0F80611C823161D52F28E78D4638B42CE1C6D9E2	03322995CF2B4157E3026407D3E66715	good	-	-	1630833301.000000	1631435401.000000
1631065225.644676	FxkvZJ35Q3naQGIhNe	sha1	105FA67A80089DB5279F35CE830B43889EA3C70D	0F80611C823161D52F28E78D4638B42CE1C6D9E2	03322995CF2B4157E3026407D3E66715	good	-	-	1630919701.000000	1631521801.000000
1631065226.300677	FH32sI2NIAxH8Ao2Mb	sha1	A7C4B8B3DC5BB5581EA7D7F13AC569F56F48D789	748580C066C7DF37DECFBD2937AA031DBEEDCD17	07F25478BC4435B45056264985CB4644	good	-	-	1630947061.000000	1631549161.000000
1631065226.300677	F4imFc353mEOlhMqv9	sha1	105FA67A80089DB5279F35CE830B43889EA3C70D	0F80611C823161D52F28E78D4638B42CE1C6D9E2	03322995CF2B4157E3026407D3E66715	good	-	-	1630833301.000000	1631435401.000000
1631065226.324697	FrUT772sReU6g8BET2	sha1	105FA67A80089DB5279F35CE830B43889EA3C70D	0F80611C823161D52F28E78D4638B42CE1C6D9E2	03322995CF2B4157E3026407D3E66715	good	-	-	1630833301.000000	1631435401.000000
1631065226.340686	FJbTXD2QFKdJFe94W2	sha1	A7C4B8B3DC5BB5581EA7D7F13AC569F56F48D789	748580C066C7DF37DECFBD2937AA031DBEEDCD17	07F25478BC4435B45056264985CB4644	good	-	-	1630947061.000000	1631549161.000000
1631065226.492658	Fqo7GP2JRzVduZEEKk	sha1	C9587E3D1E4FBCCF606DB3491D43CA0E4227D983	6118B35D68D49ED92FEB515C03B70A40C6EE6DB4	01E94C20183C0FB7C495FC258A039566	good	-	-	1631034000.000000	1631077200.000000
1631065226.492658	FjskQ822Vay6OR76t	sha1	105FA67A80089DB5279F35CE830B43889EA3C70D	0F80611C823161D52F28E78D4638B42CE1C6D9E2	0D9E603CE238CC8D4E65E5855C9BC298	good	-	-	1630893061.000000	1631495161.000000
1631065226.492658	FuFjp5uauIWpwNlMc	sha1	777A7BA877D6F10F1CE9202196FB6B1A6E37F5ED	9058FFB09C75A8515477B1EDF2A34316389E6CC5	08F337125C72AD06EFE5F8DE252C21A5	good	-	-	1630780022.000000	1631382122.000000
1631065226.844641	Fr5NBiOQUjGao7C12	sha1	777A7BA877D6F10F1CE9202196FB6B1A6E37F5ED	9058FFB09C75A8515477B1EDF2A34316389E6CC5	08F337125C72AD06EFE5F8DE252C21A5	good	-	-	1630780022.000000	1631382122.000000
1631065227.424630	F8OuOB1Ty67SNWomIf	sha1	48DAC9A0FB2BD32D4FF0DE68D2F567B735F9B3C4	142EB317B75856CBAE500940E61FAF9D8B14C2C6	038A1F8CDCF89B8FC1A9D62D2FCBD6EBE2E2	good	-	-	1630699200.000000	1631304000.000000
1631065227.488625	FEZnEr3CGdctaM4kFh	sha1	CF26F518FAC97E8F8CB342E01C2F6A109E8E5F0A	5168FF90AF0207753CCCD9656462A212B859723B	03AABECE8568D3DA57E1B79A5092CC86	good	-	-	1631008622.000000	1631610722.000000
1631065227.552616	FfxKz13jCx6QWrlOb	sha1	33F5AAC61D66E7055D03173A4D1F3E187138850D	59A4660652A07B95923CA394072796745BF93DD0	01294940BC289C4E45392A0373D8B146	good	-	-	1630994222.000000	1631596322.000000
1631065227.800616	F3ZrPu37X4wwzGEwY4	sha1	430BD20E4F137A1A6C918F24E5DA7E324D4733C8	8D8C5EC454AD8AE177E99BF99B05E1B8018D61E1	7904336E0E5D118DF53F3CE257577943	good	-	-	1630705300.000000	1631310100.000000
1631065267.304679	FnrLao2jNa4W7Z2ZZ	sha1	777A7BA877D6F10F1CE9202196FB6B1A6E37F5ED	9058FFB09C75A8515477B1EDF2A34316389E6CC5	08F337125C72AD06EFE5F8DE252C21A5	good	-	-	1630780022.000000	1631382122.000000
1631065267.304679	F8EqUf1FTjpcQvENsd	sha1	3A1979741DCF77D3D6572B57CAFFF6F62B1D5A3A	EE9A2E46F0C2DA3C5CC78CD6A47598DEA8190A65	03A39635EA6B8A1F5CBD955581E64937	good	-	-	1631008622.000000	1631610722.000000
1631065269.184705	FsR7A83rssHW4wpOKf	sha1	13E976D98A217E47F5049E8ECB483E07E1898DEA	426D572D4F1F267774A62764F680FA8F4868FE7C	012F9762F957B4765BD5CE95C6BCB456	good	-	-	1631041200.000000	1631084400.000000
1631065269.216886	FW8zK1OWCxGXGniIi	sha1	105FA67A80089DB5279F35CE830B43889EA3C70D	0F80611C823161D52F28E78D4638B42CE1C6D9E2	0496A22DB8EF5C9F06DC02715B25568F	good	-	-	1630841221.000000	1631443321.000000
1631065269.336689	F0Wsp84D78L2BkLDzi	sha1	A303C0A8887BD479C4278EB5D7587D3C12C04DA4	FF2F7FE106F438F32DED258D98C2FE0EF66CFCFA	7F0012E261129541195FAC1A6000000012E261	good	-	-	1631014671.000000	1631360271.000000
1631065269.456696	FBE5d7duNzxfYDG09	sha1	A303C0A8887BD479C4278EB5D7587D3C12C04DA4	FF2F7FE106F438F32DED258D98C2FE0EF66CFCFA	7F0012E261129541195FAC1A6000000012E261	good	-	-	1631034963.000000	1631380563.000000
1631065270.296848	F9lRk33ZfHgmwjlrc3	sha1	105FA67A80089DB5279F35CE830B43889EA3C70D	0F80611C823161D52F28E78D4638B42CE1C6D9E2	0D876DA28725D8E14A977D660FD8AFEE	good	-	-	1630719901.000000	1631322001.000000
1631065270.544641	FdTnLW13Lp18gsZSqe	sha1	3A1979741DCF77D3D6572B57CAFFF6F62B1D5A3A	EE9A2E46F0C2DA3C5CC78CD6A47598DEA8190A65	03A39635EA6B8A1F5CBD955581E64937	good	-	-	1631008622.000000	1631610722.000000
1631065270.608688	FMPgIxWOuCq8Ueja6	sha1	777A7BA877D6F10F1CE9202196FB6B1A6E37F5ED	9058FFB09C75A8515477B1EDF2A34316389E6CC5	08F337125C72AD06EFE5F8DE252C21A5	good	-	-	1630780022.000000	1631382122.000000
1631065271.184615	FgR55iA6wMw2jv3Uf	sha1	105FA67A80089DB5279F35CE830B43889EA3C70D	0F80611C823161D52F28E78D4638B42CE1C6D9E2	0496A22DB8EF5C9F06DC02715B25568F	good	-	-	1630927620.000000	1631529720.000000
1631065272.512699	FDfqJ7LvmeI6Eizse	sha1	777A7BA877D6F10F1CE9202196FB6B1A6E37F5ED	9058FFB09C75A8515477B1EDF2A34316389E6CC5	08F337125C72AD06EFE5F8DE252C21A5	good	-	-	1630780022.000000	1631382122.000000
1631065273.736720	F4HhlR27XN5yJ0jSU1	sha1	CF26F518FAC97E8F8CB342E01C2F6A109E8E5F0A	5168FF90AF0207753CCCD9656462A212B859723B	03AABECE8568D3DA57E1B79A5092CC86	good	-	-	1631008622.000000	1631610722.000000
1631065273.752821	FNxdZM2jmpQKCf5o35	sha1	33F5AAC61D66E7055D03173A4D1F3E187138850D	59A4660652A07B95923CA394072796745BF93DD0	01294940BC289C4E45392A0373D8B146	good	-	-	1630994222.000000	1631596322.000000
1631065303.692699	FpjimXQ4IeNsKdMmh	sha1	105FA67A80089DB5279F35CE830B43889EA3C70D	0F80611C823161D52F28E78D4638B42CE1C6D9E2	0B4ED6CBCE793A43D9B713DF0AFF247A	good	-	-	1630620540.000000	1631222640.000000
1631065303.764688	FGDT4v4A1FrySTcN6g	sha1	105FA67A80089DB5279F35CE830B43889EA3C70D	0F80611C823161D52F28E78D4638B42CE1C6D9E2	0B4ED6CBCE793A43D9B713DF0AFF247A	good	-	-	1630620540.000000	1631222640.000000
1631065361.644636	F0CWDP2I9ox5Kmghg6	sha1	105FA67A80089DB5279F35CE830B43889EA3C70D	0F80611C823161D52F28E78D4638B42CE1C6D9E2	0496A22DB8EF5C9F06DC02715B25568F	good	-	-	1630927620.000000	1631529720.000000
1631065361.772689	FQzhEehwmPIHnq6a9	sha1	105FA67A80089DB5279F35CE830B43889EA3C70D	0F80611C823161D52F28E78D4638B42CE1C6D9E2	094D598C69C8A26C8D9CE1896F2621F0	good	-	-	1630695421.000000	1631297521.000000
1631065361.772689	Fo0GvWqkw9ulF3Ub4	sha1	105FA67A80089DB5279F35CE830B43889EA3C70D	0F80611C823161D52F28E78D4638B42CE1C6D9E2	0496A22DB8EF5C9F06DC02715B25568F	good	-	-	1630927620.000000	1631529720.000000
1631065362.316709	FNfEriYOBE38P2Mz7	sha1	105FA67A80089DB5279F35CE830B43889EA3C70D	0F80611C823161D52F28E78D4638B42CE1C6D9E2	094D598C69C8A26C8D9CE1896F2621F0	good	-	-	1630695421.000000	1631297521.000000
1631065362.332688	F9clPm2vTBkZvKVii5	sha1	105FA67A80089DB5279F35CE830B43889EA3C70D	0F80611C823161D52F28E78D4638B42CE1C6D9E2	094D598C69C8A26C8D9CE1896F2621F0	good	-	-	1630695421.000000	1631297521.000000
1631065362.456822	FSrQO1214Ib2MRLwh2	sha1	105FA67A80089DB5279F35CE830B43889EA3C70D	0F80611C823161D52F28E78D4638B42CE1C6D9E2	0496A22DB8EF5C9F06DC02715B25568F	good	-	-	1630841221.000000	1631443321.000000
1631065364.232720	FlmqOf23ItrcfOgJJj	sha1	A303C0A8887BD479C4278EB5D7587D3C12C04DA4	FF2F7FE106F438F32DED258D98C2FE0EF66CFCFA	7F0012E261129541195FAC1A6000000012E261	good	-	-	1630976449.000000	1631322049.000000
1631065364.248604	F56ufA23aCrwdtMEw8	sha1	E4E395A229D3D4C1C31FF0980C0B4EC0098AABD8	B76BA2EAA8AA848C79EAB4DA0F98B2C59576B9F4	04CC0014653667D8E633EF62F1D4B493	good	-	-	1630669502.000000	1631271602.000000
1631065364.264722	FhcT3i1KKKpgACN7b3	sha1	E4E395A229D3D4C1C31FF0980C0B4EC0098AABD8	B76BA2EAA8AA848C79EAB4DA0F98B2C59576B9F4	0E6283BEB1F7F9E30216AEBE086353F1	good	-	-	1630984142.000000	1631586242.000000
1631065365.728684	FQ6I0M3FS5KTHmFLHg	sha1	13E976D98A217E47F5049E8ECB483E07E1898DEA	426D572D4F1F267774A62764F680FA8F4868FE7C	01647F82CD631651981795FD888FE9EF	good	-	-	1631041200.000000	1631084400.000000
1631065365.760694	FQFU2WFUA8gFGDER5	sha1	13E976D98A217E47F5049E8ECB483E07E1898DEA	426D572D4F1F267774A62764F680FA8F4868FE7C	01647F82CD631651981795FD888FE9EF	good	-	-	1631041200.000000	1631084400.000000
1631065366.208627	F5wTVZ3CHMBkowdDzl	sha1	430BD20E4F137A1A6C918F24E5DA7E324D4733C8	8D8C5EC454AD8AE177E99BF99B05E1B8018D61E1	BCC19C00D7E989895BDA02D81E0C5F75	good	-	-	1630502643.000000	1631107443.000000
1631065366.236625	FRZY371h6Z5pD546l	sha1	430BD20E4F137A1A6C918F24E5DA7E324D4733C8	8D8C5EC454AD8AE177E99BF99B05E1B8018D61E1	BCC19C00D7E989895BDA02D81E0C5F75	good	-	-	1630502643.000000	1631107443.000000
1631065371.488629	FoNxOk3fw8v2JInq9	sha1	A303C0A8887BD479C4278EB5D7587D3C12C04DA4	FF2F7FE106F438F32DED258D98C2FE0EF66CFCFA	7F0012E261129541195FAC1A6000000012E261	good	-	-	1631041503.000000	1631387103.000000
1631065371.972626	FQAsMW37mgvTuBwC7d	sha1	A303C0A8887BD479C4278EB5D7587D3C12C04DA4	FF2F7FE106F438F32DED258D98C2FE0EF66CFCFA	7F0012E261129541195FAC1A6000000012E261	good	-	-	1630835375.000000	1631180975.000000
1631065373.160615	FDaGyD48PrlyrP3Yv8	sha1	105FA67A80089DB5279F35CE830B43889EA3C70D	0F80611C823161D52F28E78D4638B42CE1C6D9E2	0D5387C7E3A581BCCA7D7752538B1D2C	good	-	-	1630891621.000000	1631493721.000000
1631065373.296706	FlJ9RZ2tcrEzORPCL1	sha1	105FA67A80089DB5279F35CE830B43889EA3C70D	0F80611C823161D52F28E78D4638B42CE1C6D9E2	0D5387C7E3A581BCCA7D7752538B1D2C	good	-	-	1630978020.000000	1631580120.000000
1631065373.304597	Fdir1UipsBqR8xtN3	sha1	105FA67A80089DB5279F35CE830B43889EA3C70D	0F80611C823161D52F28E78D4638B42CE1C6D9E2	0A162A4FCCACC091FBD07A620925B187	good	-	-	1630786501.000000	1631388601.000000
1631065373.976615	FowC9r3md0HND5H8Bc	sha1	105FA67A80089DB5279F35CE830B43889EA3C70D	0F80611C823161D52F28E78D4638B42CE1C6D9E2	0A162A4FCCACC091FBD07A620925B187	good	-	-	1630786501.000000	1631388601.000000
1631065401.440629	FSgofs1Dlecff4gZH9	sha1	A303C0A8887BD479C4278EB5D7587D3C12C04DA4	FF2F7FE106F438F32DED258D98C2FE0EF66CFCFA	7F0012E261129541195FAC1A6000000012E261	good	-	-	1630949646.000000	1631295246.000000
1631065401.496616	F5mYq81H2nmWPeuOE6	sha1	A303C0A8887BD479C4278EB5D7587D3C12C04DA4	FF2F7FE106F438F32DED258D98C2FE0EF66CFCFA	7F0012E261129541195FAC1A6000000012E261	good	-	-	1631019890.000000	1631365490.000000
1631065401.724626	Fh9hbz4tUTU4nMMqk7	sha1	A303C0A8887BD479C4278EB5D7587D3C12C04DA4	FF2F7FE106F438F32DED258D98C2FE0EF66CFCFA	7F0012E261129541195FAC1A6000000012E261	good	-	-	1631014671.000000	1631360271.000000
1631065401.800626	F7NT593tG4Hv3Jjnbb	sha1	A303C0A8887BD479C4278EB5D7587D3C12C04DA4	FF2F7FE106F438F32DED258D98C2FE0EF66CFCFA	7F0012E261129541195FAC1A6000000012E261	good	-	-	1631024077.000000	1631369677.000000
1631065402.376637	FRfG4y38NEkwueAHP9	sha1	105FA67A80089DB5279F35CE830B43889EA3C70D	0F80611C823161D52F28E78D4638B42CE1C6D9E2	0D5387C7E3A581BCCA7D7752538B1D2C	good	-	-	1630891621.000000	1631493721.000000
1631065402.484605	FvLkqTLMEmNKm6X94	sha1	105FA67A80089DB5279F35CE830B43889EA3C70D	0F80611C823161D52F28E78D4638B42CE1C6D9E2	0A162A4FCCACC091FBD07A620925B187	good	-	-	1630786501.000000	1631388601.000000
1631065422.740626	FDm9hR16irWEVUxBY4	sha1	777A7BA877D6F10F1CE9202196FB6B1A6E37F5ED	9058FFB09C75A8515477B1EDF2A34316389E6CC5	08F337125C72AD06EFE5F8DE252C21A5	good	-	-	1630693621.000000	1631295721.000000
1631065424.480678	FlkmGD2kh8Mvqr66G8	sha1	777A7BA877D6F10F1CE9202196FB6B1A6E37F5ED	9058FFB09C75A8515477B1EDF2A34316389E6CC5	08F337125C72AD06EFE5F8DE252C21A5	good	-	-	1630780022.000000	1631382122.000000
1631065424.768598	F76jQ21zARBRDQ0ET2	sha1	777A7BA877D6F10F1CE9202196FB6B1A6E37F5ED	9058FFB09C75A8515477B1EDF2A34316389E6CC5	08F337125C72AD06EFE5F8DE252C21A5	good	-	-	1630780022.000000	1631382122.000000
1631065425.936693	FAPh5B3Mu1tBxbkrQ6	sha1	B6080D5F6C6B76EB13E438A5F8660BA85233344E	40C2BD278ECC348330A233D7FB6CB3F0B42C80CE	0257C6B62D44A7EA	good	-	-	1630965285.000000	1631094885.000000
1631065489.192667	FO3HbG4V4qXBUs4um3	sha1	E4E395A229D3D4C1C31FF0980C0B4EC0098AABD8	B76BA2EAA8AA848C79EAB4DA0F98B2C59576B9F4	04CC0014653667D8E633EF62F1D4B493	good	-	-	1630669502.000000	1631271602.000000
1631065489.208864	F4TgTMQwjB19Sbe64	sha1	105FA67A80089DB5279F35CE830B43889EA3C70D	0F80611C823161D52F28E78D4638B42CE1C6D9E2	07EB0EF4FC840B2CFFA3E4D2C2A42FF8	good	-	-	1630687502.000000	1631289602.000000
1631065490.352679	FG2nuP2zAGpnHBER98	sha1	777A7BA877D6F10F1CE9202196FB6B1A6E37F5ED	9058FFB09C75A8515477B1EDF2A34316389E6CC5	08F337125C72AD06EFE5F8DE252C21A5	good	-	-	1630607221.000000	1631209321.000000
1631065490.448699	FIPbTt1KtFI0NEooHg	sha1	2B1D1E98CCF37604D6C1C8BD15A224C804130038	0ABC0829178CA5396D7A0ECE33C72EB3EDFBC37A	0A8CDE5EB05E0A560594FD3440810D32	good	-	-	1631048221.000000	1631650321.000000
#close	2021-09-08-02-00-00
